mode: atomic
github.com/wso2/apk/common-adapter/internal/operator/controller/ratelimitpolicy_controller.go:53.56,59.16 4 0
github.com/wso2/apk/common-adapter/internal/operator/controller/ratelimitpolicy_controller.go:64.2,64.119 1 0
github.com/wso2/apk/common-adapter/internal/operator/controller/ratelimitpolicy_controller.go:69.2,70.12 2 0
github.com/wso2/apk/common-adapter/internal/operator/controller/ratelimitpolicy_controller.go:59.16,62.3 2 0
github.com/wso2/apk/common-adapter/internal/operator/controller/ratelimitpolicy_controller.go:64.119,67.3 2 0
github.com/wso2/apk/common-adapter/internal/operator/controller/ratelimitpolicy_controller.go:86.125,95.92 9 0
github.com/wso2/apk/common-adapter/internal/operator/controller/ratelimitpolicy_controller.go:99.2,101.62 2 0
github.com/wso2/apk/common-adapter/internal/operator/controller/ratelimitpolicy_controller.go:147.2,147.67 1 0
github.com/wso2/apk/common-adapter/internal/operator/controller/ratelimitpolicy_controller.go:211.2,214.27 3 0
github.com/wso2/apk/common-adapter/internal/operator/controller/ratelimitpolicy_controller.go:95.92,98.3 1 0
github.com/wso2/apk/common-adapter/internal/operator/controller/ratelimitpolicy_controller.go:101.62,112.35 7 0
github.com/wso2/apk/common-adapter/internal/operator/controller/ratelimitpolicy_controller.go:125.3,125.32 1 0
github.com/wso2/apk/common-adapter/internal/operator/controller/ratelimitpolicy_controller.go:138.3,143.53 6 0
github.com/wso2/apk/common-adapter/internal/operator/controller/ratelimitpolicy_controller.go:112.35,113.61 1 0
github.com/wso2/apk/common-adapter/internal/operator/controller/ratelimitpolicy_controller.go:113.61,114.18 1 0
github.com/wso2/apk/common-adapter/internal/operator/controller/ratelimitpolicy_controller.go:114.18,119.56 2 0
github.com/wso2/apk/common-adapter/internal/operator/controller/ratelimitpolicy_controller.go:119.56,121.7 1 0
github.com/wso2/apk/common-adapter/internal/operator/controller/ratelimitpolicy_controller.go:125.32,126.58 1 0
github.com/wso2/apk/common-adapter/internal/operator/controller/ratelimitpolicy_controller.go:126.58,127.18 1 0
github.com/wso2/apk/common-adapter/internal/operator/controller/ratelimitpolicy_controller.go:127.18,132.56 2 0
github.com/wso2/apk/common-adapter/internal/operator/controller/ratelimitpolicy_controller.go:132.56,134.7 1 0
github.com/wso2/apk/common-adapter/internal/operator/controller/ratelimitpolicy_controller.go:147.67,155.35 5 0
github.com/wso2/apk/common-adapter/internal/operator/controller/ratelimitpolicy_controller.go:179.3,179.32 1 0
github.com/wso2/apk/common-adapter/internal/operator/controller/ratelimitpolicy_controller.go:203.3,208.78 6 0
github.com/wso2/apk/common-adapter/internal/operator/controller/ratelimitpolicy_controller.go:155.35,156.61 1 0
github.com/wso2/apk/common-adapter/internal/operator/controller/ratelimitpolicy_controller.go:156.61,157.18 1 0
github.com/wso2/apk/common-adapter/internal/operator/controller/ratelimitpolicy_controller.go:157.18,162.48 2 0
github.com/wso2/apk/common-adapter/internal/operator/controller/ratelimitpolicy_controller.go:162.48,163.43 1 0
github.com/wso2/apk/common-adapter/internal/operator/controller/ratelimitpolicy_controller.go:163.43,164.38 1 0
github.com/wso2/apk/common-adapter/internal/operator/controller/ratelimitpolicy_controller.go:164.38,165.70 1 0
github.com/wso2/apk/common-adapter/internal/operator/controller/ratelimitpolicy_controller.go:165.70,171.10 5 0
github.com/wso2/apk/common-adapter/internal/operator/controller/ratelimitpolicy_controller.go:179.32,180.58 1 0
github.com/wso2/apk/common-adapter/internal/operator/controller/ratelimitpolicy_controller.go:180.58,181.18 1 0
github.com/wso2/apk/common-adapter/internal/operator/controller/ratelimitpolicy_controller.go:181.18,186.48 2 0
github.com/wso2/apk/common-adapter/internal/operator/controller/ratelimitpolicy_controller.go:186.48,187.43 1 0
github.com/wso2/apk/common-adapter/internal/operator/controller/ratelimitpolicy_controller.go:187.43,188.38 1 0
github.com/wso2/apk/common-adapter/internal/operator/controller/ratelimitpolicy_controller.go:188.38,189.70 1 0
github.com/wso2/apk/common-adapter/internal/operator/controller/ratelimitpolicy_controller.go:189.70,195.10 5 0
github.com/wso2/apk/common-adapter/internal/operator/controller/ratelimitpolicy_controller.go:220.78,221.41 1 0
github.com/wso2/apk/common-adapter/internal/operator/controller/ratelimitpolicy_controller.go:221.41,222.24 1 0
github.com/wso2/apk/common-adapter/internal/operator/controller/ratelimitpolicy_controller.go:225.3,225.70 1 0
github.com/wso2/apk/common-adapter/internal/operator/controller/ratelimitpolicy_controller.go:222.24,224.4 1 0
github.com/wso2/apk/common-adapter/internal/operator/controller/ratelimitpolicy_controller.go:230.39,233.2 1 0
github.com/wso2/apk/common-adapter/internal/operator/controller/ratelimitpolicy_controller.go:236.96,240.2 1 0
