mode: atomic
github.com/wso2/apk/common-adapter/internal/operator/controller/ratelimitpolicy_controller.go:62.98,68.45 3 0
github.com/wso2/apk/common-adapter/internal/operator/controller/ratelimitpolicy_controller.go:73.2,74.16 2 0
github.com/wso2/apk/common-adapter/internal/operator/controller/ratelimitpolicy_controller.go:79.2,80.91 1 0
github.com/wso2/apk/common-adapter/internal/operator/controller/ratelimitpolicy_controller.go:85.2,85.119 1 0
github.com/wso2/apk/common-adapter/internal/operator/controller/ratelimitpolicy_controller.go:90.2,91.12 2 0
github.com/wso2/apk/common-adapter/internal/operator/controller/ratelimitpolicy_controller.go:68.45,71.3 2 0
github.com/wso2/apk/common-adapter/internal/operator/controller/ratelimitpolicy_controller.go:74.16,77.3 2 0
github.com/wso2/apk/common-adapter/internal/operator/controller/ratelimitpolicy_controller.go:80.91,83.3 2 0
github.com/wso2/apk/common-adapter/internal/operator/controller/ratelimitpolicy_controller.go:85.119,88.3 2 0
github.com/wso2/apk/common-adapter/internal/operator/controller/ratelimitpolicy_controller.go:107.125,115.92 5 0
github.com/wso2/apk/common-adapter/internal/operator/controller/ratelimitpolicy_controller.go:128.2,128.92 1 0
github.com/wso2/apk/common-adapter/internal/operator/controller/ratelimitpolicy_controller.go:138.2,138.27 1 0
github.com/wso2/apk/common-adapter/internal/operator/controller/ratelimitpolicy_controller.go:115.92,118.39 2 0
github.com/wso2/apk/common-adapter/internal/operator/controller/ratelimitpolicy_controller.go:124.3,124.28 1 0
github.com/wso2/apk/common-adapter/internal/operator/controller/ratelimitpolicy_controller.go:118.39,123.4 3 0
github.com/wso2/apk/common-adapter/internal/operator/controller/ratelimitpolicy_controller.go:128.92,130.13 2 0
github.com/wso2/apk/common-adapter/internal/operator/controller/ratelimitpolicy_controller.go:130.13,135.4 4 0
github.com/wso2/apk/common-adapter/internal/operator/controller/ratelimitpolicy_controller.go:141.115,144.9 3 0
github.com/wso2/apk/common-adapter/internal/operator/controller/ratelimitpolicy_controller.go:149.2,154.17 3 0
github.com/wso2/apk/common-adapter/internal/operator/controller/ratelimitpolicy_controller.go:159.2,159.60 1 0
github.com/wso2/apk/common-adapter/internal/operator/controller/ratelimitpolicy_controller.go:163.2,163.17 1 0
github.com/wso2/apk/common-adapter/internal/operator/controller/ratelimitpolicy_controller.go:144.9,147.3 2 0
github.com/wso2/apk/common-adapter/internal/operator/controller/ratelimitpolicy_controller.go:154.17,157.3 2 0
github.com/wso2/apk/common-adapter/internal/operator/controller/ratelimitpolicy_controller.go:159.60,161.3 1 0
github.com/wso2/apk/common-adapter/internal/operator/controller/ratelimitpolicy_controller.go:167.116,169.9 2 0
github.com/wso2/apk/common-adapter/internal/operator/controller/ratelimitpolicy_controller.go:174.2,174.65 1 0
github.com/wso2/apk/common-adapter/internal/operator/controller/ratelimitpolicy_controller.go:178.2,184.4 1 0
github.com/wso2/apk/common-adapter/internal/operator/controller/ratelimitpolicy_controller.go:169.9,172.3 2 0
github.com/wso2/apk/common-adapter/internal/operator/controller/ratelimitpolicy_controller.go:174.65,176.3 1 0
github.com/wso2/apk/common-adapter/internal/operator/controller/ratelimitpolicy_controller.go:188.95,195.62 5 0
github.com/wso2/apk/common-adapter/internal/operator/controller/ratelimitpolicy_controller.go:241.2,241.67 1 0
github.com/wso2/apk/common-adapter/internal/operator/controller/ratelimitpolicy_controller.go:311.2,311.32 1 0
github.com/wso2/apk/common-adapter/internal/operator/controller/ratelimitpolicy_controller.go:195.62,204.35 5 0
github.com/wso2/apk/common-adapter/internal/operator/controller/ratelimitpolicy_controller.go:219.3,219.32 1 0
github.com/wso2/apk/common-adapter/internal/operator/controller/ratelimitpolicy_controller.go:232.3,237.53 6 0
github.com/wso2/apk/common-adapter/internal/operator/controller/ratelimitpolicy_controller.go:204.35,205.61 1 0
github.com/wso2/apk/common-adapter/internal/operator/controller/ratelimitpolicy_controller.go:205.61,206.18 1 0
github.com/wso2/apk/common-adapter/internal/operator/controller/ratelimitpolicy_controller.go:206.18,210.31 1 0
github.com/wso2/apk/common-adapter/internal/operator/controller/ratelimitpolicy_controller.go:213.6,213.56 1 0
github.com/wso2/apk/common-adapter/internal/operator/controller/ratelimitpolicy_controller.go:210.31,212.7 1 0
github.com/wso2/apk/common-adapter/internal/operator/controller/ratelimitpolicy_controller.go:213.56,215.7 1 0
github.com/wso2/apk/common-adapter/internal/operator/controller/ratelimitpolicy_controller.go:219.32,220.58 1 0
github.com/wso2/apk/common-adapter/internal/operator/controller/ratelimitpolicy_controller.go:220.58,221.18 1 0
github.com/wso2/apk/common-adapter/internal/operator/controller/ratelimitpolicy_controller.go:221.18,226.56 2 0
github.com/wso2/apk/common-adapter/internal/operator/controller/ratelimitpolicy_controller.go:226.56,228.7 1 0
github.com/wso2/apk/common-adapter/internal/operator/controller/ratelimitpolicy_controller.go:241.67,249.35 5 0
github.com/wso2/apk/common-adapter/internal/operator/controller/ratelimitpolicy_controller.go:276.3,276.32 1 0
github.com/wso2/apk/common-adapter/internal/operator/controller/ratelimitpolicy_controller.go:303.3,309.78 7 0
github.com/wso2/apk/common-adapter/internal/operator/controller/ratelimitpolicy_controller.go:249.35,250.61 1 0
github.com/wso2/apk/common-adapter/internal/operator/controller/ratelimitpolicy_controller.go:250.61,251.18 1 0
github.com/wso2/apk/common-adapter/internal/operator/controller/ratelimitpolicy_controller.go:251.18,256.48 2 0
github.com/wso2/apk/common-adapter/internal/operator/controller/ratelimitpolicy_controller.go:256.48,257.43 1 0
github.com/wso2/apk/common-adapter/internal/operator/controller/ratelimitpolicy_controller.go:257.43,258.38 1 0
github.com/wso2/apk/common-adapter/internal/operator/controller/ratelimitpolicy_controller.go:258.38,259.70 1 0
github.com/wso2/apk/common-adapter/internal/operator/controller/ratelimitpolicy_controller.go:266.9,266.59 1 0
github.com/wso2/apk/common-adapter/internal/operator/controller/ratelimitpolicy_controller.go:259.70,265.10 5 0
github.com/wso2/apk/common-adapter/internal/operator/controller/ratelimitpolicy_controller.go:266.59,268.10 1 0
github.com/wso2/apk/common-adapter/internal/operator/controller/ratelimitpolicy_controller.go:276.32,277.58 1 0
github.com/wso2/apk/common-adapter/internal/operator/controller/ratelimitpolicy_controller.go:277.58,278.18 1 0
github.com/wso2/apk/common-adapter/internal/operator/controller/ratelimitpolicy_controller.go:278.18,283.48 2 0
github.com/wso2/apk/common-adapter/internal/operator/controller/ratelimitpolicy_controller.go:283.48,284.43 1 0
github.com/wso2/apk/common-adapter/internal/operator/controller/ratelimitpolicy_controller.go:284.43,285.38 1 0
github.com/wso2/apk/common-adapter/internal/operator/controller/ratelimitpolicy_controller.go:285.38,286.70 1 0
github.com/wso2/apk/common-adapter/internal/operator/controller/ratelimitpolicy_controller.go:293.9,293.59 1 0
github.com/wso2/apk/common-adapter/internal/operator/controller/ratelimitpolicy_controller.go:286.70,292.10 5 0
github.com/wso2/apk/common-adapter/internal/operator/controller/ratelimitpolicy_controller.go:293.59,295.10 1 0
github.com/wso2/apk/common-adapter/internal/operator/controller/ratelimitpolicy_controller.go:314.65,317.41 1 0
github.com/wso2/apk/common-adapter/internal/operator/controller/ratelimitpolicy_controller.go:332.2,332.12 1 0
github.com/wso2/apk/common-adapter/internal/operator/controller/ratelimitpolicy_controller.go:317.41,320.64 3 0
github.com/wso2/apk/common-adapter/internal/operator/controller/ratelimitpolicy_controller.go:329.4,330.15 2 0
github.com/wso2/apk/common-adapter/internal/operator/controller/ratelimitpolicy_controller.go:320.64,328.5 1 0
github.com/wso2/apk/common-adapter/internal/operator/controller/ratelimitpolicy_controller.go:336.61,341.2 1 0
github.com/wso2/apk/common-adapter/internal/operator/controller/ratelimitpolicy_controller.go:344.83,345.42 1 0
github.com/wso2/apk/common-adapter/internal/operator/controller/ratelimitpolicy_controller.go:348.2,348.25 1 0
github.com/wso2/apk/common-adapter/internal/operator/controller/ratelimitpolicy_controller.go:345.42,347.3 1 0
github.com/wso2/apk/common-adapter/internal/operator/controller/ratelimitpolicy_controller.go:354.78,355.41 1 0
github.com/wso2/apk/common-adapter/internal/operator/controller/ratelimitpolicy_controller.go:355.41,356.24 1 0
github.com/wso2/apk/common-adapter/internal/operator/controller/ratelimitpolicy_controller.go:359.3,359.70 1 0
github.com/wso2/apk/common-adapter/internal/operator/controller/ratelimitpolicy_controller.go:356.24,358.4 1 0
github.com/wso2/apk/common-adapter/internal/operator/controller/ratelimitpolicy_controller.go:364.39,367.2 1 0
github.com/wso2/apk/common-adapter/internal/operator/controller/ratelimitpolicy_controller.go:370.96,374.2 1 0
