mode: atomic
github.com/wso2/apk/common-go-libs/apis/dp/v1alpha1/api_conversion.go:27.56,43.32 12 0
github.com/wso2/apk/common-go-libs/apis/dp/v1alpha1/api_conversion.go:43.32,45.53 2 0
github.com/wso2/apk/common-go-libs/apis/dp/v1alpha1/api_conversion.go:45.53,49.4 1 0
github.com/wso2/apk/common-go-libs/apis/dp/v1alpha1/api_conversion.go:51.2,51.29 1 0
github.com/wso2/apk/common-go-libs/apis/dp/v1alpha1/api_conversion.go:51.29,53.47 2 0
github.com/wso2/apk/common-go-libs/apis/dp/v1alpha1/api_conversion.go:53.47,57.4 1 0
github.com/wso2/apk/common-go-libs/apis/dp/v1alpha1/api_conversion.go:61.2,62.43 2 0
github.com/wso2/apk/common-go-libs/apis/dp/v1alpha1/api_conversion.go:62.43,64.3 1 0
github.com/wso2/apk/common-go-libs/apis/dp/v1alpha1/api_conversion.go:65.2,70.12 3 0
github.com/wso2/apk/common-go-libs/apis/dp/v1alpha1/api_conversion.go:75.58,91.32 12 0
github.com/wso2/apk/common-go-libs/apis/dp/v1alpha1/api_conversion.go:91.32,93.53 2 0
github.com/wso2/apk/common-go-libs/apis/dp/v1alpha1/api_conversion.go:93.53,97.4 1 0
github.com/wso2/apk/common-go-libs/apis/dp/v1alpha1/api_conversion.go:100.2,100.29 1 0
github.com/wso2/apk/common-go-libs/apis/dp/v1alpha1/api_conversion.go:100.29,102.47 2 0
github.com/wso2/apk/common-go-libs/apis/dp/v1alpha1/api_conversion.go:102.47,106.4 1 0
github.com/wso2/apk/common-go-libs/apis/dp/v1alpha1/api_conversion.go:110.2,111.43 2 0
github.com/wso2/apk/common-go-libs/apis/dp/v1alpha1/api_conversion.go:111.43,113.3 1 0
github.com/wso2/apk/common-go-libs/apis/dp/v1alpha1/api_conversion.go:114.2,119.12 3 0
github.com/wso2/apk/common-go-libs/apis/dp/v1alpha1/api_types.go:194.13,196.2 1 1
github.com/wso2/apk/common-go-libs/apis/dp/v1alpha1/api_webhook.go:25.63,29.2 1 0
github.com/wso2/apk/common-go-libs/apis/dp/v1alpha1/apipolicy_conversion.go:28.62,32.29 3 0
github.com/wso2/apk/common-go-libs/apis/dp/v1alpha1/apipolicy_conversion.go:32.29,34.47 2 0
github.com/wso2/apk/common-go-libs/apis/dp/v1alpha1/apipolicy_conversion.go:34.47,37.4 1 0
github.com/wso2/apk/common-go-libs/apis/dp/v1alpha1/apipolicy_conversion.go:38.3,38.41 1 0
github.com/wso2/apk/common-go-libs/apis/dp/v1alpha1/apipolicy_conversion.go:38.41,47.4 1 0
github.com/wso2/apk/common-go-libs/apis/dp/v1alpha1/apipolicy_conversion.go:48.3,48.50 1 0
github.com/wso2/apk/common-go-libs/apis/dp/v1alpha1/apipolicy_conversion.go:48.50,50.69 2 0
github.com/wso2/apk/common-go-libs/apis/dp/v1alpha1/apipolicy_conversion.go:50.69,53.5 1 0
github.com/wso2/apk/common-go-libs/apis/dp/v1alpha1/apipolicy_conversion.go:55.3,55.51 1 0
github.com/wso2/apk/common-go-libs/apis/dp/v1alpha1/apipolicy_conversion.go:55.51,57.70 2 0
github.com/wso2/apk/common-go-libs/apis/dp/v1alpha1/apipolicy_conversion.go:57.70,60.5 1 0
github.com/wso2/apk/common-go-libs/apis/dp/v1alpha1/apipolicy_conversion.go:62.3,63.36 2 0
github.com/wso2/apk/common-go-libs/apis/dp/v1alpha1/apipolicy_conversion.go:66.2,66.30 1 0
github.com/wso2/apk/common-go-libs/apis/dp/v1alpha1/apipolicy_conversion.go:66.30,68.48 2 0
github.com/wso2/apk/common-go-libs/apis/dp/v1alpha1/apipolicy_conversion.go:68.48,71.4 1 0
github.com/wso2/apk/common-go-libs/apis/dp/v1alpha1/apipolicy_conversion.go:72.3,72.42 1 0
github.com/wso2/apk/common-go-libs/apis/dp/v1alpha1/apipolicy_conversion.go:72.42,81.4 1 0
github.com/wso2/apk/common-go-libs/apis/dp/v1alpha1/apipolicy_conversion.go:82.3,82.51 1 0
github.com/wso2/apk/common-go-libs/apis/dp/v1alpha1/apipolicy_conversion.go:82.51,84.70 2 0
github.com/wso2/apk/common-go-libs/apis/dp/v1alpha1/apipolicy_conversion.go:84.70,87.5 1 0
github.com/wso2/apk/common-go-libs/apis/dp/v1alpha1/apipolicy_conversion.go:89.3,89.52 1 0
github.com/wso2/apk/common-go-libs/apis/dp/v1alpha1/apipolicy_conversion.go:89.52,91.71 2 0
github.com/wso2/apk/common-go-libs/apis/dp/v1alpha1/apipolicy_conversion.go:91.71,94.5 1 0
github.com/wso2/apk/common-go-libs/apis/dp/v1alpha1/apipolicy_conversion.go:96.3,97.37 2 0
github.com/wso2/apk/common-go-libs/apis/dp/v1alpha1/apipolicy_conversion.go:99.2,99.35 1 0
github.com/wso2/apk/common-go-libs/apis/dp/v1alpha1/apipolicy_conversion.go:99.35,104.3 1 0
github.com/wso2/apk/common-go-libs/apis/dp/v1alpha1/apipolicy_conversion.go:105.2,105.12 1 0
github.com/wso2/apk/common-go-libs/apis/dp/v1alpha1/apipolicy_conversion.go:110.64,115.29 3 0
github.com/wso2/apk/common-go-libs/apis/dp/v1alpha1/apipolicy_conversion.go:115.29,117.47 2 0
github.com/wso2/apk/common-go-libs/apis/dp/v1alpha1/apipolicy_conversion.go:117.47,120.4 1 0
github.com/wso2/apk/common-go-libs/apis/dp/v1alpha1/apipolicy_conversion.go:121.3,121.41 1 0
github.com/wso2/apk/common-go-libs/apis/dp/v1alpha1/apipolicy_conversion.go:121.41,129.4 1 0
github.com/wso2/apk/common-go-libs/apis/dp/v1alpha1/apipolicy_conversion.go:130.3,130.50 1 0
github.com/wso2/apk/common-go-libs/apis/dp/v1alpha1/apipolicy_conversion.go:130.50,132.69 2 0
github.com/wso2/apk/common-go-libs/apis/dp/v1alpha1/apipolicy_conversion.go:132.69,135.5 1 0
github.com/wso2/apk/common-go-libs/apis/dp/v1alpha1/apipolicy_conversion.go:137.3,137.51 1 0
github.com/wso2/apk/common-go-libs/apis/dp/v1alpha1/apipolicy_conversion.go:137.51,139.70 2 0
github.com/wso2/apk/common-go-libs/apis/dp/v1alpha1/apipolicy_conversion.go:139.70,142.5 1 0
github.com/wso2/apk/common-go-libs/apis/dp/v1alpha1/apipolicy_conversion.go:144.3,144.36 1 0
github.com/wso2/apk/common-go-libs/apis/dp/v1alpha1/apipolicy_conversion.go:146.2,146.30 1 0
github.com/wso2/apk/common-go-libs/apis/dp/v1alpha1/apipolicy_conversion.go:146.30,148.48 2 0
github.com/wso2/apk/common-go-libs/apis/dp/v1alpha1/apipolicy_conversion.go:148.48,151.4 1 0
github.com/wso2/apk/common-go-libs/apis/dp/v1alpha1/apipolicy_conversion.go:152.3,152.42 1 0
github.com/wso2/apk/common-go-libs/apis/dp/v1alpha1/apipolicy_conversion.go:152.42,160.4 1 0
github.com/wso2/apk/common-go-libs/apis/dp/v1alpha1/apipolicy_conversion.go:161.3,161.51 1 0
github.com/wso2/apk/common-go-libs/apis/dp/v1alpha1/apipolicy_conversion.go:161.51,163.70 2 0
github.com/wso2/apk/common-go-libs/apis/dp/v1alpha1/apipolicy_conversion.go:163.70,166.5 1 0
github.com/wso2/apk/common-go-libs/apis/dp/v1alpha1/apipolicy_conversion.go:168.3,168.52 1 0
github.com/wso2/apk/common-go-libs/apis/dp/v1alpha1/apipolicy_conversion.go:168.52,170.71 2 0
github.com/wso2/apk/common-go-libs/apis/dp/v1alpha1/apipolicy_conversion.go:170.71,173.5 1 0
github.com/wso2/apk/common-go-libs/apis/dp/v1alpha1/apipolicy_conversion.go:175.3,175.37 1 0
github.com/wso2/apk/common-go-libs/apis/dp/v1alpha1/apipolicy_conversion.go:177.2,177.35 1 0
github.com/wso2/apk/common-go-libs/apis/dp/v1alpha1/apipolicy_conversion.go:177.35,182.3 1 0
github.com/wso2/apk/common-go-libs/apis/dp/v1alpha1/apipolicy_conversion.go:183.2,183.12 1 0
github.com/wso2/apk/common-go-libs/apis/dp/v1alpha1/apipolicy_types.go:138.13,140.2 1 1
github.com/wso2/apk/common-go-libs/apis/dp/v1alpha1/apipolicy_webhook.go:33.69,37.2 1 0
github.com/wso2/apk/common-go-libs/apis/dp/v1alpha1/apipolicy_webhook.go:46.32,46.33 0 0
github.com/wso2/apk/common-go-libs/apis/dp/v1alpha1/apipolicy_webhook.go:54.66,56.2 1 0
github.com/wso2/apk/common-go-libs/apis/dp/v1alpha1/apipolicy_webhook.go:59.84,61.2 1 0
github.com/wso2/apk/common-go-libs/apis/dp/v1alpha1/apipolicy_webhook.go:64.44,67.33 2 0
github.com/wso2/apk/common-go-libs/apis/dp/v1alpha1/apipolicy_webhook.go:67.33,69.3 1 0
github.com/wso2/apk/common-go-libs/apis/dp/v1alpha1/apipolicy_webhook.go:70.2,71.51 1 0
github.com/wso2/apk/common-go-libs/apis/dp/v1alpha1/apipolicy_webhook.go:71.51,74.3 1 0
github.com/wso2/apk/common-go-libs/apis/dp/v1alpha1/apipolicy_webhook.go:75.2,75.107 1 0
github.com/wso2/apk/common-go-libs/apis/dp/v1alpha1/apipolicy_webhook.go:75.107,78.3 1 0
github.com/wso2/apk/common-go-libs/apis/dp/v1alpha1/apipolicy_webhook.go:79.2,79.22 1 0
github.com/wso2/apk/common-go-libs/apis/dp/v1alpha1/apipolicy_webhook.go:79.22,83.3 1 0
github.com/wso2/apk/common-go-libs/apis/dp/v1alpha1/apipolicy_webhook.go:84.2,84.12 1 0
github.com/wso2/apk/common-go-libs/apis/dp/v1alpha1/apipolicy_webhook.go:88.66,91.2 1 0
github.com/wso2/apk/common-go-libs/apis/dp/v1alpha1/authentication_conversion.go:27.67,34.29 4 0
github.com/wso2/apk/common-go-libs/apis/dp/v1alpha1/authentication_conversion.go:34.29,38.41 4 0
github.com/wso2/apk/common-go-libs/apis/dp/v1alpha1/authentication_conversion.go:38.41,47.66 3 0
github.com/wso2/apk/common-go-libs/apis/dp/v1alpha1/authentication_conversion.go:47.66,54.5 2 0
github.com/wso2/apk/common-go-libs/apis/dp/v1alpha1/authentication_conversion.go:55.4,55.76 1 0
github.com/wso2/apk/common-go-libs/apis/dp/v1alpha1/authentication_conversion.go:55.76,60.5 1 0
github.com/wso2/apk/common-go-libs/apis/dp/v1alpha1/authentication_conversion.go:61.4,61.60 1 0
github.com/wso2/apk/common-go-libs/apis/dp/v1alpha1/authentication_conversion.go:63.3,63.48 1 0
github.com/wso2/apk/common-go-libs/apis/dp/v1alpha1/authentication_conversion.go:66.2,66.30 1 0
github.com/wso2/apk/common-go-libs/apis/dp/v1alpha1/authentication_conversion.go:66.30,70.42 4 0
github.com/wso2/apk/common-go-libs/apis/dp/v1alpha1/authentication_conversion.go:70.42,79.67 3 0
github.com/wso2/apk/common-go-libs/apis/dp/v1alpha1/authentication_conversion.go:79.67,86.5 2 0
github.com/wso2/apk/common-go-libs/apis/dp/v1alpha1/authentication_conversion.go:87.4,87.77 1 0
github.com/wso2/apk/common-go-libs/apis/dp/v1alpha1/authentication_conversion.go:87.77,92.5 1 0
github.com/wso2/apk/common-go-libs/apis/dp/v1alpha1/authentication_conversion.go:93.4,93.61 1 0
github.com/wso2/apk/common-go-libs/apis/dp/v1alpha1/authentication_conversion.go:95.3,95.50 1 0
github.com/wso2/apk/common-go-libs/apis/dp/v1alpha1/authentication_conversion.go:99.2,100.12 2 0
github.com/wso2/apk/common-go-libs/apis/dp/v1alpha1/authentication_conversion.go:105.69,112.29 4 0
github.com/wso2/apk/common-go-libs/apis/dp/v1alpha1/authentication_conversion.go:112.29,116.41 4 0
github.com/wso2/apk/common-go-libs/apis/dp/v1alpha1/authentication_conversion.go:116.41,124.66 3 0
github.com/wso2/apk/common-go-libs/apis/dp/v1alpha1/authentication_conversion.go:124.66,131.5 2 0
github.com/wso2/apk/common-go-libs/apis/dp/v1alpha1/authentication_conversion.go:132.4,136.60 2 0
github.com/wso2/apk/common-go-libs/apis/dp/v1alpha1/authentication_conversion.go:138.3,138.48 1 0
github.com/wso2/apk/common-go-libs/apis/dp/v1alpha1/authentication_conversion.go:141.2,141.30 1 0
github.com/wso2/apk/common-go-libs/apis/dp/v1alpha1/authentication_conversion.go:141.30,145.42 4 0
github.com/wso2/apk/common-go-libs/apis/dp/v1alpha1/authentication_conversion.go:145.42,153.67 3 0
github.com/wso2/apk/common-go-libs/apis/dp/v1alpha1/authentication_conversion.go:153.67,160.5 2 0
github.com/wso2/apk/common-go-libs/apis/dp/v1alpha1/authentication_conversion.go:161.4,165.61 2 0
github.com/wso2/apk/common-go-libs/apis/dp/v1alpha1/authentication_conversion.go:167.3,167.50 1 0
github.com/wso2/apk/common-go-libs/apis/dp/v1alpha1/authentication_conversion.go:170.2,172.12 2 0
github.com/wso2/apk/common-go-libs/apis/dp/v1alpha1/authentication_types.go:142.13,144.2 1 1
github.com/wso2/apk/common-go-libs/apis/dp/v1alpha1/authentication_webhook.go:25.74,29.2 1 0
github.com/wso2/apk/common-go-libs/apis/dp/v1alpha1/backend_types.go:280.13,282.2 1 1
github.com/wso2/apk/common-go-libs/apis/dp/v1alpha1/backend_webhook.go:35.67,39.2 1 0
github.com/wso2/apk/common-go-libs/apis/dp/v1alpha1/backend_webhook.go:48.29,52.2 1 0
github.com/wso2/apk/common-go-libs/apis/dp/v1alpha1/backend_webhook.go:60.64,62.2 1 0
github.com/wso2/apk/common-go-libs/apis/dp/v1alpha1/backend_webhook.go:65.82,67.2 1 0
github.com/wso2/apk/common-go-libs/apis/dp/v1alpha1/backend_webhook.go:70.64,75.2 2 0
github.com/wso2/apk/common-go-libs/apis/dp/v1alpha1/backend_webhook.go:77.47,80.24 3 0
github.com/wso2/apk/common-go-libs/apis/dp/v1alpha1/backend_webhook.go:80.24,81.54 1 0
github.com/wso2/apk/common-go-libs/apis/dp/v1alpha1/backend_webhook.go:81.54,82.44 1 0
github.com/wso2/apk/common-go-libs/apis/dp/v1alpha1/backend_webhook.go:82.44,85.5 1 0
github.com/wso2/apk/common-go-libs/apis/dp/v1alpha1/backend_webhook.go:89.2,89.22 1 0
github.com/wso2/apk/common-go-libs/apis/dp/v1alpha1/backend_webhook.go:89.22,93.3 1 0
github.com/wso2/apk/common-go-libs/apis/dp/v1alpha1/backend_webhook.go:94.2,94.12 1 0
github.com/wso2/apk/common-go-libs/apis/dp/v1alpha1/backendjwt_types.go:109.13,111.2 1 1
github.com/wso2/apk/common-go-libs/apis/dp/v1alpha1/backendjwt_webhook.go:34.70,38.2 1 0
github.com/wso2/apk/common-go-libs/apis/dp/v1alpha1/backendjwt_webhook.go:47.33,49.2 0 0
github.com/wso2/apk/common-go-libs/apis/dp/v1alpha1/backendjwt_webhook.go:57.67,60.2 1 0
github.com/wso2/apk/common-go-libs/apis/dp/v1alpha1/backendjwt_webhook.go:63.85,66.2 1 0
github.com/wso2/apk/common-go-libs/apis/dp/v1alpha1/backendjwt_webhook.go:68.48,71.31 3 0
github.com/wso2/apk/common-go-libs/apis/dp/v1alpha1/backendjwt_webhook.go:71.31,73.18 2 0
github.com/wso2/apk/common-go-libs/apis/dp/v1alpha1/backendjwt_webhook.go:74.14,75.55 1 0
github.com/wso2/apk/common-go-libs/apis/dp/v1alpha1/backendjwt_webhook.go:75.55,77.5 1 0
github.com/wso2/apk/common-go-libs/apis/dp/v1alpha1/backendjwt_webhook.go:78.16,79.65 1 0
github.com/wso2/apk/common-go-libs/apis/dp/v1alpha1/backendjwt_webhook.go:79.65,81.5 1 0
github.com/wso2/apk/common-go-libs/apis/dp/v1alpha1/backendjwt_webhook.go:82.15,83.60 1 0
github.com/wso2/apk/common-go-libs/apis/dp/v1alpha1/backendjwt_webhook.go:83.60,85.5 1 0
github.com/wso2/apk/common-go-libs/apis/dp/v1alpha1/backendjwt_webhook.go:86.15,87.67 1 0
github.com/wso2/apk/common-go-libs/apis/dp/v1alpha1/backendjwt_webhook.go:87.67,89.5 1 0
github.com/wso2/apk/common-go-libs/apis/dp/v1alpha1/backendjwt_webhook.go:90.15,91.67 1 0
github.com/wso2/apk/common-go-libs/apis/dp/v1alpha1/backendjwt_webhook.go:91.67,93.5 1 0
github.com/wso2/apk/common-go-libs/apis/dp/v1alpha1/backendjwt_webhook.go:97.2,97.22 1 0
github.com/wso2/apk/common-go-libs/apis/dp/v1alpha1/backendjwt_webhook.go:97.22,101.3 1 0
github.com/wso2/apk/common-go-libs/apis/dp/v1alpha1/backendjwt_webhook.go:102.2,102.12 1 0
github.com/wso2/apk/common-go-libs/apis/dp/v1alpha1/backendjwt_webhook.go:106.67,109.2 1 0
github.com/wso2/apk/common-go-libs/apis/dp/v1alpha1/custom_ratelimit_policy.go:32.94,40.2 1 0
github.com/wso2/apk/common-go-libs/apis/dp/v1alpha1/interceptorservice_types.go:91.13,93.2 1 1
github.com/wso2/apk/common-go-libs/apis/dp/v1alpha1/interceptorservice_webhook.go:28.78,32.2 1 0
github.com/wso2/apk/common-go-libs/apis/dp/v1alpha1/interceptorservice_webhook.go:41.41,41.42 0 0
github.com/wso2/apk/common-go-libs/apis/dp/v1alpha1/interceptorservice_webhook.go:49.75,52.2 1 0
github.com/wso2/apk/common-go-libs/apis/dp/v1alpha1/interceptorservice_webhook.go:55.93,58.2 1 0
github.com/wso2/apk/common-go-libs/apis/dp/v1alpha1/interceptorservice_webhook.go:61.75,64.2 1 0
github.com/wso2/apk/common-go-libs/apis/dp/v1alpha1/ratelimitpolicy_types.go:114.13,116.2 1 1
github.com/wso2/apk/common-go-libs/apis/dp/v1alpha1/ratelimitpolicy_webhook.go:33.75,37.2 1 0
github.com/wso2/apk/common-go-libs/apis/dp/v1alpha1/ratelimitpolicy_webhook.go:46.38,48.2 0 0
github.com/wso2/apk/common-go-libs/apis/dp/v1alpha1/ratelimitpolicy_webhook.go:56.72,60.2 1 0
github.com/wso2/apk/common-go-libs/apis/dp/v1alpha1/ratelimitpolicy_webhook.go:63.90,67.2 1 0
github.com/wso2/apk/common-go-libs/apis/dp/v1alpha1/ratelimitpolicy_webhook.go:70.72,74.2 1 0
github.com/wso2/apk/common-go-libs/apis/dp/v1alpha1/ratelimitpolicy_webhook.go:77.52,79.33 2 0
github.com/wso2/apk/common-go-libs/apis/dp/v1alpha1/ratelimitpolicy_webhook.go:79.33,82.3 1 0
github.com/wso2/apk/common-go-libs/apis/dp/v1alpha1/ratelimitpolicy_webhook.go:83.2,84.51 1 0
github.com/wso2/apk/common-go-libs/apis/dp/v1alpha1/ratelimitpolicy_webhook.go:84.51,87.3 1 0
github.com/wso2/apk/common-go-libs/apis/dp/v1alpha1/ratelimitpolicy_webhook.go:88.2,88.107 1 0
github.com/wso2/apk/common-go-libs/apis/dp/v1alpha1/ratelimitpolicy_webhook.go:88.107,91.3 1 0
github.com/wso2/apk/common-go-libs/apis/dp/v1alpha1/ratelimitpolicy_webhook.go:93.2,93.22 1 0
github.com/wso2/apk/common-go-libs/apis/dp/v1alpha1/ratelimitpolicy_webhook.go:93.22,97.3 1 0
github.com/wso2/apk/common-go-libs/apis/dp/v1alpha1/ratelimitpolicy_webhook.go:98.2,98.12 1 0
github.com/wso2/apk/common-go-libs/apis/dp/v1alpha1/scope_types.go:66.13,68.2 1 1
github.com/wso2/apk/common-go-libs/apis/dp/v1alpha1/tokenIssuer_types.go:129.13,131.2 1 1
github.com/wso2/apk/common-go-libs/apis/dp/v1alpha1/tokenissuer_conversion.go:27.64,39.41 8 0
github.com/wso2/apk/common-go-libs/apis/dp/v1alpha1/tokenissuer_conversion.go:39.41,42.22 3 0
github.com/wso2/apk/common-go-libs/apis/dp/v1alpha1/tokenissuer_conversion.go:42.22,47.23 3 0
github.com/wso2/apk/common-go-libs/apis/dp/v1alpha1/tokenissuer_conversion.go:47.23,49.42 2 0
github.com/wso2/apk/common-go-libs/apis/dp/v1alpha1/tokenissuer_conversion.go:49.42,51.6 1 0
github.com/wso2/apk/common-go-libs/apis/dp/v1alpha1/tokenissuer_conversion.go:52.5,52.34 1 0
github.com/wso2/apk/common-go-libs/apis/dp/v1alpha1/tokenissuer_conversion.go:52.34,57.6 1 0
github.com/wso2/apk/common-go-libs/apis/dp/v1alpha1/tokenissuer_conversion.go:58.5,58.37 1 0
github.com/wso2/apk/common-go-libs/apis/dp/v1alpha1/tokenissuer_conversion.go:58.37,63.6 1 0
github.com/wso2/apk/common-go-libs/apis/dp/v1alpha1/tokenissuer_conversion.go:65.4,65.41 1 0
github.com/wso2/apk/common-go-libs/apis/dp/v1alpha1/tokenissuer_conversion.go:67.3,67.29 1 0
github.com/wso2/apk/common-go-libs/apis/dp/v1alpha1/tokenissuer_conversion.go:67.29,72.36 3 0
github.com/wso2/apk/common-go-libs/apis/dp/v1alpha1/tokenissuer_conversion.go:72.36,77.5 1 0
github.com/wso2/apk/common-go-libs/apis/dp/v1alpha1/tokenissuer_conversion.go:78.4,78.39 1 0
github.com/wso2/apk/common-go-libs/apis/dp/v1alpha1/tokenissuer_conversion.go:78.39,83.5 1 0
github.com/wso2/apk/common-go-libs/apis/dp/v1alpha1/tokenissuer_conversion.go:84.4,84.48 1 0
github.com/wso2/apk/common-go-libs/apis/dp/v1alpha1/tokenissuer_conversion.go:86.3,86.57 1 0
github.com/wso2/apk/common-go-libs/apis/dp/v1alpha1/tokenissuer_conversion.go:88.2,88.35 1 0
github.com/wso2/apk/common-go-libs/apis/dp/v1alpha1/tokenissuer_conversion.go:88.35,91.45 2 0
github.com/wso2/apk/common-go-libs/apis/dp/v1alpha1/tokenissuer_conversion.go:91.45,93.4 1 0
github.com/wso2/apk/common-go-libs/apis/dp/v1alpha1/tokenissuer_conversion.go:94.3,94.42 1 0
github.com/wso2/apk/common-go-libs/apis/dp/v1alpha1/tokenissuer_conversion.go:96.2,97.12 2 0
github.com/wso2/apk/common-go-libs/apis/dp/v1alpha1/tokenissuer_conversion.go:102.66,114.41 8 0
github.com/wso2/apk/common-go-libs/apis/dp/v1alpha1/tokenissuer_conversion.go:114.41,117.22 3 0
github.com/wso2/apk/common-go-libs/apis/dp/v1alpha1/tokenissuer_conversion.go:117.22,122.23 3 0
github.com/wso2/apk/common-go-libs/apis/dp/v1alpha1/tokenissuer_conversion.go:122.23,124.42 2 0
github.com/wso2/apk/common-go-libs/apis/dp/v1alpha1/tokenissuer_conversion.go:124.42,126.6 1 0
github.com/wso2/apk/common-go-libs/apis/dp/v1alpha1/tokenissuer_conversion.go:127.5,127.34 1 0
github.com/wso2/apk/common-go-libs/apis/dp/v1alpha1/tokenissuer_conversion.go:127.34,132.6 1 0
github.com/wso2/apk/common-go-libs/apis/dp/v1alpha1/tokenissuer_conversion.go:133.5,133.37 1 0
github.com/wso2/apk/common-go-libs/apis/dp/v1alpha1/tokenissuer_conversion.go:133.37,138.6 1 0
github.com/wso2/apk/common-go-libs/apis/dp/v1alpha1/tokenissuer_conversion.go:140.4,140.41 1 0
github.com/wso2/apk/common-go-libs/apis/dp/v1alpha1/tokenissuer_conversion.go:142.3,142.29 1 0
github.com/wso2/apk/common-go-libs/apis/dp/v1alpha1/tokenissuer_conversion.go:142.29,147.36 3 0
github.com/wso2/apk/common-go-libs/apis/dp/v1alpha1/tokenissuer_conversion.go:147.36,152.5 1 0
github.com/wso2/apk/common-go-libs/apis/dp/v1alpha1/tokenissuer_conversion.go:153.4,153.39 1 0
github.com/wso2/apk/common-go-libs/apis/dp/v1alpha1/tokenissuer_conversion.go:153.39,158.5 1 0
github.com/wso2/apk/common-go-libs/apis/dp/v1alpha1/tokenissuer_conversion.go:159.4,159.48 1 0
github.com/wso2/apk/common-go-libs/apis/dp/v1alpha1/tokenissuer_conversion.go:161.3,161.57 1 0
github.com/wso2/apk/common-go-libs/apis/dp/v1alpha1/tokenissuer_conversion.go:163.2,163.35 1 0
github.com/wso2/apk/common-go-libs/apis/dp/v1alpha1/tokenissuer_conversion.go:163.35,166.45 2 0
github.com/wso2/apk/common-go-libs/apis/dp/v1alpha1/tokenissuer_conversion.go:166.45,168.4 1 0
github.com/wso2/apk/common-go-libs/apis/dp/v1alpha1/tokenissuer_conversion.go:169.3,169.42 1 0
github.com/wso2/apk/common-go-libs/apis/dp/v1alpha1/tokenissuer_conversion.go:171.2,172.12 2 0
github.com/wso2/apk/common-go-libs/apis/dp/v1alpha1/zz_generated.deepcopy.go:31.39,37.2 5 0
github.com/wso2/apk/common-go-libs/apis/dp/v1alpha1/zz_generated.deepcopy.go:40.32,41.15 1 0
github.com/wso2/apk/common-go-libs/apis/dp/v1alpha1/zz_generated.deepcopy.go:41.15,43.3 1 0
github.com/wso2/apk/common-go-libs/apis/dp/v1alpha1/zz_generated.deepcopy.go:44.2,46.12 3 0
github.com/wso2/apk/common-go-libs/apis/dp/v1alpha1/zz_generated.deepcopy.go:50.48,51.34 1 0
github.com/wso2/apk/common-go-libs/apis/dp/v1alpha1/zz_generated.deepcopy.go:51.34,53.3 1 0
github.com/wso2/apk/common-go-libs/apis/dp/v1alpha1/zz_generated.deepcopy.go:54.2,54.12 1 0
github.com/wso2/apk/common-go-libs/apis/dp/v1alpha1/zz_generated.deepcopy.go:58.47,61.22 3 0
github.com/wso2/apk/common-go-libs/apis/dp/v1alpha1/zz_generated.deepcopy.go:61.22,65.3 3 0
github.com/wso2/apk/common-go-libs/apis/dp/v1alpha1/zz_generated.deepcopy.go:66.2,66.40 1 0
github.com/wso2/apk/common-go-libs/apis/dp/v1alpha1/zz_generated.deepcopy.go:70.40,71.15 1 0
github.com/wso2/apk/common-go-libs/apis/dp/v1alpha1/zz_generated.deepcopy.go:71.15,73.3 1 0
github.com/wso2/apk/common-go-libs/apis/dp/v1alpha1/zz_generated.deepcopy.go:74.2,76.12 3 0
github.com/wso2/apk/common-go-libs/apis/dp/v1alpha1/zz_generated.deepcopy.go:80.53,82.2 1 0
github.com/wso2/apk/common-go-libs/apis/dp/v1alpha1/zz_generated.deepcopy.go:85.46,86.15 1 0
github.com/wso2/apk/common-go-libs/apis/dp/v1alpha1/zz_generated.deepcopy.go:86.15,88.3 1 0
github.com/wso2/apk/common-go-libs/apis/dp/v1alpha1/zz_generated.deepcopy.go:89.2,91.12 3 0
github.com/wso2/apk/common-go-libs/apis/dp/v1alpha1/zz_generated.deepcopy.go:95.47,99.21 4 0
github.com/wso2/apk/common-go-libs/apis/dp/v1alpha1/zz_generated.deepcopy.go:99.21,102.22 3 0
github.com/wso2/apk/common-go-libs/apis/dp/v1alpha1/zz_generated.deepcopy.go:102.22,104.4 1 0
github.com/wso2/apk/common-go-libs/apis/dp/v1alpha1/zz_generated.deepcopy.go:109.40,110.15 1 0
github.com/wso2/apk/common-go-libs/apis/dp/v1alpha1/zz_generated.deepcopy.go:110.15,112.3 1 0
github.com/wso2/apk/common-go-libs/apis/dp/v1alpha1/zz_generated.deepcopy.go:113.2,115.12 3 0
github.com/wso2/apk/common-go-libs/apis/dp/v1alpha1/zz_generated.deepcopy.go:119.52,120.34 1 0
github.com/wso2/apk/common-go-libs/apis/dp/v1alpha1/zz_generated.deepcopy.go:120.34,122.3 1 0
github.com/wso2/apk/common-go-libs/apis/dp/v1alpha1/zz_generated.deepcopy.go:123.2,123.12 1 0
github.com/wso2/apk/common-go-libs/apis/dp/v1alpha1/zz_generated.deepcopy.go:127.51,133.2 5 0
github.com/wso2/apk/common-go-libs/apis/dp/v1alpha1/zz_generated.deepcopy.go:136.44,137.15 1 0
github.com/wso2/apk/common-go-libs/apis/dp/v1alpha1/zz_generated.deepcopy.go:137.15,139.3 1 0
github.com/wso2/apk/common-go-libs/apis/dp/v1alpha1/zz_generated.deepcopy.go:140.2,142.12 3 0
github.com/wso2/apk/common-go-libs/apis/dp/v1alpha1/zz_generated.deepcopy.go:146.54,147.34 1 0
github.com/wso2/apk/common-go-libs/apis/dp/v1alpha1/zz_generated.deepcopy.go:147.34,149.3 1 0
github.com/wso2/apk/common-go-libs/apis/dp/v1alpha1/zz_generated.deepcopy.go:150.2,150.12 1 0
github.com/wso2/apk/common-go-libs/apis/dp/v1alpha1/zz_generated.deepcopy.go:154.59,158.21 4 0
github.com/wso2/apk/common-go-libs/apis/dp/v1alpha1/zz_generated.deepcopy.go:158.21,161.22 3 0
github.com/wso2/apk/common-go-libs/apis/dp/v1alpha1/zz_generated.deepcopy.go:161.22,163.4 1 0
github.com/wso2/apk/common-go-libs/apis/dp/v1alpha1/zz_generated.deepcopy.go:168.52,169.15 1 0
github.com/wso2/apk/common-go-libs/apis/dp/v1alpha1/zz_generated.deepcopy.go:169.15,171.3 1 0
github.com/wso2/apk/common-go-libs/apis/dp/v1alpha1/zz_generated.deepcopy.go:172.2,174.12 3 0
github.com/wso2/apk/common-go-libs/apis/dp/v1alpha1/zz_generated.deepcopy.go:178.58,179.34 1 0
github.com/wso2/apk/common-go-libs/apis/dp/v1alpha1/zz_generated.deepcopy.go:179.34,181.3 1 0
github.com/wso2/apk/common-go-libs/apis/dp/v1alpha1/zz_generated.deepcopy.go:182.2,182.12 1 0
github.com/wso2/apk/common-go-libs/apis/dp/v1alpha1/zz_generated.deepcopy.go:186.59,188.23 2 0
github.com/wso2/apk/common-go-libs/apis/dp/v1alpha1/zz_generated.deepcopy.go:188.23,192.3 3 0
github.com/wso2/apk/common-go-libs/apis/dp/v1alpha1/zz_generated.deepcopy.go:193.2,193.24 1 0
github.com/wso2/apk/common-go-libs/apis/dp/v1alpha1/zz_generated.deepcopy.go:193.24,197.3 3 0
github.com/wso2/apk/common-go-libs/apis/dp/v1alpha1/zz_generated.deepcopy.go:198.2,198.43 1 0
github.com/wso2/apk/common-go-libs/apis/dp/v1alpha1/zz_generated.deepcopy.go:202.52,203.15 1 0
github.com/wso2/apk/common-go-libs/apis/dp/v1alpha1/zz_generated.deepcopy.go:203.15,205.3 1 0
github.com/wso2/apk/common-go-libs/apis/dp/v1alpha1/zz_generated.deepcopy.go:206.2,208.12 3 0
github.com/wso2/apk/common-go-libs/apis/dp/v1alpha1/zz_generated.deepcopy.go:212.63,214.2 1 0
github.com/wso2/apk/common-go-libs/apis/dp/v1alpha1/zz_generated.deepcopy.go:217.56,218.15 1 0
github.com/wso2/apk/common-go-libs/apis/dp/v1alpha1/zz_generated.deepcopy.go:218.15,220.3 1 0
github.com/wso2/apk/common-go-libs/apis/dp/v1alpha1/zz_generated.deepcopy.go:221.2,223.12 3 0
github.com/wso2/apk/common-go-libs/apis/dp/v1alpha1/zz_generated.deepcopy.go:227.69,229.2 1 0
github.com/wso2/apk/common-go-libs/apis/dp/v1alpha1/zz_generated.deepcopy.go:232.62,233.15 1 0
github.com/wso2/apk/common-go-libs/apis/dp/v1alpha1/zz_generated.deepcopy.go:233.15,235.3 1 0
github.com/wso2/apk/common-go-libs/apis/dp/v1alpha1/zz_generated.deepcopy.go:236.2,238.12 3 0
github.com/wso2/apk/common-go-libs/apis/dp/v1alpha1/zz_generated.deepcopy.go:242.47,244.26 2 0
github.com/wso2/apk/common-go-libs/apis/dp/v1alpha1/zz_generated.deepcopy.go:244.26,247.22 3 0
github.com/wso2/apk/common-go-libs/apis/dp/v1alpha1/zz_generated.deepcopy.go:247.22,249.4 1 0
github.com/wso2/apk/common-go-libs/apis/dp/v1alpha1/zz_generated.deepcopy.go:251.2,251.23 1 0
github.com/wso2/apk/common-go-libs/apis/dp/v1alpha1/zz_generated.deepcopy.go:251.23,254.22 3 0
github.com/wso2/apk/common-go-libs/apis/dp/v1alpha1/zz_generated.deepcopy.go:254.22,256.4 1 0
github.com/wso2/apk/common-go-libs/apis/dp/v1alpha1/zz_generated.deepcopy.go:258.2,258.29 1 0
github.com/wso2/apk/common-go-libs/apis/dp/v1alpha1/zz_generated.deepcopy.go:258.29,262.3 3 0
github.com/wso2/apk/common-go-libs/apis/dp/v1alpha1/zz_generated.deepcopy.go:266.40,267.15 1 0
github.com/wso2/apk/common-go-libs/apis/dp/v1alpha1/zz_generated.deepcopy.go:267.15,269.3 1 0
github.com/wso2/apk/common-go-libs/apis/dp/v1alpha1/zz_generated.deepcopy.go:270.2,272.12 3 0
github.com/wso2/apk/common-go-libs/apis/dp/v1alpha1/zz_generated.deepcopy.go:276.51,279.2 2 0
github.com/wso2/apk/common-go-libs/apis/dp/v1alpha1/zz_generated.deepcopy.go:282.44,283.15 1 0
github.com/wso2/apk/common-go-libs/apis/dp/v1alpha1/zz_generated.deepcopy.go:283.15,285.3 1 0
github.com/wso2/apk/common-go-libs/apis/dp/v1alpha1/zz_generated.deepcopy.go:286.2,288.12 3 0
github.com/wso2/apk/common-go-libs/apis/dp/v1alpha1/zz_generated.deepcopy.go:292.49,294.24 2 0
github.com/wso2/apk/common-go-libs/apis/dp/v1alpha1/zz_generated.deepcopy.go:294.24,298.3 3 0
github.com/wso2/apk/common-go-libs/apis/dp/v1alpha1/zz_generated.deepcopy.go:299.2,299.25 1 0
github.com/wso2/apk/common-go-libs/apis/dp/v1alpha1/zz_generated.deepcopy.go:299.25,303.3 3 0
github.com/wso2/apk/common-go-libs/apis/dp/v1alpha1/zz_generated.deepcopy.go:307.42,308.15 1 0
github.com/wso2/apk/common-go-libs/apis/dp/v1alpha1/zz_generated.deepcopy.go:308.15,310.3 1 0
github.com/wso2/apk/common-go-libs/apis/dp/v1alpha1/zz_generated.deepcopy.go:311.2,313.12 3 0
github.com/wso2/apk/common-go-libs/apis/dp/v1alpha1/zz_generated.deepcopy.go:317.61,323.2 5 0
github.com/wso2/apk/common-go-libs/apis/dp/v1alpha1/zz_generated.deepcopy.go:326.54,327.15 1 0
github.com/wso2/apk/common-go-libs/apis/dp/v1alpha1/zz_generated.deepcopy.go:327.15,329.3 1 0
github.com/wso2/apk/common-go-libs/apis/dp/v1alpha1/zz_generated.deepcopy.go:330.2,332.12 3 0
github.com/wso2/apk/common-go-libs/apis/dp/v1alpha1/zz_generated.deepcopy.go:336.59,337.34 1 0
github.com/wso2/apk/common-go-libs/apis/dp/v1alpha1/zz_generated.deepcopy.go:337.34,339.3 1 0
github.com/wso2/apk/common-go-libs/apis/dp/v1alpha1/zz_generated.deepcopy.go:340.2,340.12 1 0
github.com/wso2/apk/common-go-libs/apis/dp/v1alpha1/zz_generated.deepcopy.go:344.69,348.21 4 0
github.com/wso2/apk/common-go-libs/apis/dp/v1alpha1/zz_generated.deepcopy.go:348.21,351.22 3 0
github.com/wso2/apk/common-go-libs/apis/dp/v1alpha1/zz_generated.deepcopy.go:351.22,353.4 1 0
github.com/wso2/apk/common-go-libs/apis/dp/v1alpha1/zz_generated.deepcopy.go:358.62,359.15 1 0
github.com/wso2/apk/common-go-libs/apis/dp/v1alpha1/zz_generated.deepcopy.go:359.15,361.3 1 0
github.com/wso2/apk/common-go-libs/apis/dp/v1alpha1/zz_generated.deepcopy.go:362.2,364.12 3 0
github.com/wso2/apk/common-go-libs/apis/dp/v1alpha1/zz_generated.deepcopy.go:368.63,369.34 1 0
github.com/wso2/apk/common-go-libs/apis/dp/v1alpha1/zz_generated.deepcopy.go:369.34,371.3 1 0
github.com/wso2/apk/common-go-libs/apis/dp/v1alpha1/zz_generated.deepcopy.go:372.2,372.12 1 0
github.com/wso2/apk/common-go-libs/apis/dp/v1alpha1/zz_generated.deepcopy.go:376.69,378.23 2 0
github.com/wso2/apk/common-go-libs/apis/dp/v1alpha1/zz_generated.deepcopy.go:378.23,382.3 3 0
github.com/wso2/apk/common-go-libs/apis/dp/v1alpha1/zz_generated.deepcopy.go:383.2,383.24 1 0
github.com/wso2/apk/common-go-libs/apis/dp/v1alpha1/zz_generated.deepcopy.go:383.24,387.3 3 0
github.com/wso2/apk/common-go-libs/apis/dp/v1alpha1/zz_generated.deepcopy.go:388.2,388.43 1 0
github.com/wso2/apk/common-go-libs/apis/dp/v1alpha1/zz_generated.deepcopy.go:392.62,393.15 1 0
github.com/wso2/apk/common-go-libs/apis/dp/v1alpha1/zz_generated.deepcopy.go:393.15,395.3 1 0
github.com/wso2/apk/common-go-libs/apis/dp/v1alpha1/zz_generated.deepcopy.go:396.2,398.12 3 0
github.com/wso2/apk/common-go-libs/apis/dp/v1alpha1/zz_generated.deepcopy.go:402.73,404.2 1 0
github.com/wso2/apk/common-go-libs/apis/dp/v1alpha1/zz_generated.deepcopy.go:407.66,408.15 1 0
github.com/wso2/apk/common-go-libs/apis/dp/v1alpha1/zz_generated.deepcopy.go:408.15,410.3 1 0
github.com/wso2/apk/common-go-libs/apis/dp/v1alpha1/zz_generated.deepcopy.go:411.2,413.12 3 0
github.com/wso2/apk/common-go-libs/apis/dp/v1alpha1/zz_generated.deepcopy.go:417.47,423.2 5 0
github.com/wso2/apk/common-go-libs/apis/dp/v1alpha1/zz_generated.deepcopy.go:426.40,427.15 1 0
github.com/wso2/apk/common-go-libs/apis/dp/v1alpha1/zz_generated.deepcopy.go:427.15,429.3 1 0
github.com/wso2/apk/common-go-libs/apis/dp/v1alpha1/zz_generated.deepcopy.go:430.2,432.12 3 0
github.com/wso2/apk/common-go-libs/apis/dp/v1alpha1/zz_generated.deepcopy.go:436.52,437.34 1 0
github.com/wso2/apk/common-go-libs/apis/dp/v1alpha1/zz_generated.deepcopy.go:437.34,439.3 1 0
github.com/wso2/apk/common-go-libs/apis/dp/v1alpha1/zz_generated.deepcopy.go:440.2,440.12 1 0
github.com/wso2/apk/common-go-libs/apis/dp/v1alpha1/zz_generated.deepcopy.go:444.53,450.2 5 0
github.com/wso2/apk/common-go-libs/apis/dp/v1alpha1/zz_generated.deepcopy.go:453.46,454.15 1 0
github.com/wso2/apk/common-go-libs/apis/dp/v1alpha1/zz_generated.deepcopy.go:454.15,456.3 1 0
github.com/wso2/apk/common-go-libs/apis/dp/v1alpha1/zz_generated.deepcopy.go:457.2,459.12 3 0
github.com/wso2/apk/common-go-libs/apis/dp/v1alpha1/zz_generated.deepcopy.go:463.55,464.34 1 0
github.com/wso2/apk/common-go-libs/apis/dp/v1alpha1/zz_generated.deepcopy.go:464.34,466.3 1 0
github.com/wso2/apk/common-go-libs/apis/dp/v1alpha1/zz_generated.deepcopy.go:467.2,467.12 1 0
github.com/wso2/apk/common-go-libs/apis/dp/v1alpha1/zz_generated.deepcopy.go:471.61,475.21 4 0
github.com/wso2/apk/common-go-libs/apis/dp/v1alpha1/zz_generated.deepcopy.go:475.21,478.22 3 0
github.com/wso2/apk/common-go-libs/apis/dp/v1alpha1/zz_generated.deepcopy.go:478.22,480.4 1 0
github.com/wso2/apk/common-go-libs/apis/dp/v1alpha1/zz_generated.deepcopy.go:485.54,486.15 1 0
github.com/wso2/apk/common-go-libs/apis/dp/v1alpha1/zz_generated.deepcopy.go:486.15,488.3 1 0
github.com/wso2/apk/common-go-libs/apis/dp/v1alpha1/zz_generated.deepcopy.go:489.2,491.12 3 0
github.com/wso2/apk/common-go-libs/apis/dp/v1alpha1/zz_generated.deepcopy.go:495.59,496.34 1 0
github.com/wso2/apk/common-go-libs/apis/dp/v1alpha1/zz_generated.deepcopy.go:496.34,498.3 1 0
github.com/wso2/apk/common-go-libs/apis/dp/v1alpha1/zz_generated.deepcopy.go:499.2,499.12 1 0
github.com/wso2/apk/common-go-libs/apis/dp/v1alpha1/zz_generated.deepcopy.go:503.61,505.28 2 0
github.com/wso2/apk/common-go-libs/apis/dp/v1alpha1/zz_generated.deepcopy.go:505.28,509.3 3 0
github.com/wso2/apk/common-go-libs/apis/dp/v1alpha1/zz_generated.deepcopy.go:513.54,514.15 1 0
github.com/wso2/apk/common-go-libs/apis/dp/v1alpha1/zz_generated.deepcopy.go:514.15,516.3 1 0
github.com/wso2/apk/common-go-libs/apis/dp/v1alpha1/zz_generated.deepcopy.go:517.2,519.12 3 0
github.com/wso2/apk/common-go-libs/apis/dp/v1alpha1/zz_generated.deepcopy.go:523.65,525.2 1 0
github.com/wso2/apk/common-go-libs/apis/dp/v1alpha1/zz_generated.deepcopy.go:528.58,529.15 1 0
github.com/wso2/apk/common-go-libs/apis/dp/v1alpha1/zz_generated.deepcopy.go:529.15,531.3 1 0
github.com/wso2/apk/common-go-libs/apis/dp/v1alpha1/zz_generated.deepcopy.go:532.2,534.12 3 0
github.com/wso2/apk/common-go-libs/apis/dp/v1alpha1/zz_generated.deepcopy.go:538.63,540.2 1 0
github.com/wso2/apk/common-go-libs/apis/dp/v1alpha1/zz_generated.deepcopy.go:543.56,544.15 1 0
github.com/wso2/apk/common-go-libs/apis/dp/v1alpha1/zz_generated.deepcopy.go:544.15,546.3 1 0
github.com/wso2/apk/common-go-libs/apis/dp/v1alpha1/zz_generated.deepcopy.go:547.2,549.12 3 0
github.com/wso2/apk/common-go-libs/apis/dp/v1alpha1/zz_generated.deepcopy.go:553.55,557.21 4 0
github.com/wso2/apk/common-go-libs/apis/dp/v1alpha1/zz_generated.deepcopy.go:557.21,560.22 3 0
github.com/wso2/apk/common-go-libs/apis/dp/v1alpha1/zz_generated.deepcopy.go:560.22,562.4 1 0
github.com/wso2/apk/common-go-libs/apis/dp/v1alpha1/zz_generated.deepcopy.go:567.48,568.15 1 0
github.com/wso2/apk/common-go-libs/apis/dp/v1alpha1/zz_generated.deepcopy.go:568.15,570.3 1 0
github.com/wso2/apk/common-go-libs/apis/dp/v1alpha1/zz_generated.deepcopy.go:571.2,573.12 3 0
github.com/wso2/apk/common-go-libs/apis/dp/v1alpha1/zz_generated.deepcopy.go:577.56,578.34 1 0
github.com/wso2/apk/common-go-libs/apis/dp/v1alpha1/zz_generated.deepcopy.go:578.34,580.3 1 0
github.com/wso2/apk/common-go-libs/apis/dp/v1alpha1/zz_generated.deepcopy.go:581.2,581.12 1 0
github.com/wso2/apk/common-go-libs/apis/dp/v1alpha1/zz_generated.deepcopy.go:585.65,587.2 1 0
github.com/wso2/apk/common-go-libs/apis/dp/v1alpha1/zz_generated.deepcopy.go:590.58,591.15 1 0
github.com/wso2/apk/common-go-libs/apis/dp/v1alpha1/zz_generated.deepcopy.go:591.15,593.3 1 0
github.com/wso2/apk/common-go-libs/apis/dp/v1alpha1/zz_generated.deepcopy.go:594.2,596.12 3 0
github.com/wso2/apk/common-go-libs/apis/dp/v1alpha1/zz_generated.deepcopy.go:600.55,602.24 2 0
github.com/wso2/apk/common-go-libs/apis/dp/v1alpha1/zz_generated.deepcopy.go:602.24,606.3 3 0
github.com/wso2/apk/common-go-libs/apis/dp/v1alpha1/zz_generated.deepcopy.go:607.2,607.19 1 0
github.com/wso2/apk/common-go-libs/apis/dp/v1alpha1/zz_generated.deepcopy.go:607.19,611.3 3 0
github.com/wso2/apk/common-go-libs/apis/dp/v1alpha1/zz_generated.deepcopy.go:612.2,612.24 1 0
github.com/wso2/apk/common-go-libs/apis/dp/v1alpha1/zz_generated.deepcopy.go:612.24,616.3 3 0
github.com/wso2/apk/common-go-libs/apis/dp/v1alpha1/zz_generated.deepcopy.go:617.2,617.30 1 0
github.com/wso2/apk/common-go-libs/apis/dp/v1alpha1/zz_generated.deepcopy.go:617.30,621.3 3 0
github.com/wso2/apk/common-go-libs/apis/dp/v1alpha1/zz_generated.deepcopy.go:622.2,622.23 1 0
github.com/wso2/apk/common-go-libs/apis/dp/v1alpha1/zz_generated.deepcopy.go:622.23,626.3 3 0
github.com/wso2/apk/common-go-libs/apis/dp/v1alpha1/zz_generated.deepcopy.go:627.2,627.21 1 0
github.com/wso2/apk/common-go-libs/apis/dp/v1alpha1/zz_generated.deepcopy.go:627.21,631.3 3 0
github.com/wso2/apk/common-go-libs/apis/dp/v1alpha1/zz_generated.deepcopy.go:632.2,632.27 1 0
github.com/wso2/apk/common-go-libs/apis/dp/v1alpha1/zz_generated.deepcopy.go:632.27,636.3 3 0
github.com/wso2/apk/common-go-libs/apis/dp/v1alpha1/zz_generated.deepcopy.go:640.48,641.15 1 0
github.com/wso2/apk/common-go-libs/apis/dp/v1alpha1/zz_generated.deepcopy.go:641.15,643.3 1 0
github.com/wso2/apk/common-go-libs/apis/dp/v1alpha1/zz_generated.deepcopy.go:644.2,646.12 3 0
github.com/wso2/apk/common-go-libs/apis/dp/v1alpha1/zz_generated.deepcopy.go:650.59,652.2 1 0
github.com/wso2/apk/common-go-libs/apis/dp/v1alpha1/zz_generated.deepcopy.go:655.52,656.15 1 0
github.com/wso2/apk/common-go-libs/apis/dp/v1alpha1/zz_generated.deepcopy.go:656.15,658.3 1 0
github.com/wso2/apk/common-go-libs/apis/dp/v1alpha1/zz_generated.deepcopy.go:659.2,661.12 3 0
github.com/wso2/apk/common-go-libs/apis/dp/v1alpha1/zz_generated.deepcopy.go:665.71,668.2 2 0
github.com/wso2/apk/common-go-libs/apis/dp/v1alpha1/zz_generated.deepcopy.go:671.64,672.15 1 0
github.com/wso2/apk/common-go-libs/apis/dp/v1alpha1/zz_generated.deepcopy.go:672.15,674.3 1 0
github.com/wso2/apk/common-go-libs/apis/dp/v1alpha1/zz_generated.deepcopy.go:675.2,677.12 3 0
github.com/wso2/apk/common-go-libs/apis/dp/v1alpha1/zz_generated.deepcopy.go:681.53,683.33 2 0
github.com/wso2/apk/common-go-libs/apis/dp/v1alpha1/zz_generated.deepcopy.go:683.33,687.3 3 0
github.com/wso2/apk/common-go-libs/apis/dp/v1alpha1/zz_generated.deepcopy.go:688.2,688.25 1 0
github.com/wso2/apk/common-go-libs/apis/dp/v1alpha1/zz_generated.deepcopy.go:688.25,692.3 3 0
github.com/wso2/apk/common-go-libs/apis/dp/v1alpha1/zz_generated.deepcopy.go:693.2,693.28 1 0
github.com/wso2/apk/common-go-libs/apis/dp/v1alpha1/zz_generated.deepcopy.go:693.28,697.3 3 0
github.com/wso2/apk/common-go-libs/apis/dp/v1alpha1/zz_generated.deepcopy.go:701.46,702.15 1 0
github.com/wso2/apk/common-go-libs/apis/dp/v1alpha1/zz_generated.deepcopy.go:702.15,704.3 1 0
github.com/wso2/apk/common-go-libs/apis/dp/v1alpha1/zz_generated.deepcopy.go:705.2,707.12 3 0
github.com/wso2/apk/common-go-libs/apis/dp/v1alpha1/zz_generated.deepcopy.go:711.53,713.41 2 0
github.com/wso2/apk/common-go-libs/apis/dp/v1alpha1/zz_generated.deepcopy.go:713.41,717.3 3 0
github.com/wso2/apk/common-go-libs/apis/dp/v1alpha1/zz_generated.deepcopy.go:718.2,718.41 1 0
github.com/wso2/apk/common-go-libs/apis/dp/v1alpha1/zz_generated.deepcopy.go:718.41,722.3 3 0
github.com/wso2/apk/common-go-libs/apis/dp/v1alpha1/zz_generated.deepcopy.go:723.2,723.41 1 0
github.com/wso2/apk/common-go-libs/apis/dp/v1alpha1/zz_generated.deepcopy.go:723.41,727.3 3 0
github.com/wso2/apk/common-go-libs/apis/dp/v1alpha1/zz_generated.deepcopy.go:728.2,728.42 1 0
github.com/wso2/apk/common-go-libs/apis/dp/v1alpha1/zz_generated.deepcopy.go:728.42,732.3 3 0
github.com/wso2/apk/common-go-libs/apis/dp/v1alpha1/zz_generated.deepcopy.go:733.2,733.35 1 0
github.com/wso2/apk/common-go-libs/apis/dp/v1alpha1/zz_generated.deepcopy.go:733.35,737.3 3 0
github.com/wso2/apk/common-go-libs/apis/dp/v1alpha1/zz_generated.deepcopy.go:741.46,742.15 1 0
github.com/wso2/apk/common-go-libs/apis/dp/v1alpha1/zz_generated.deepcopy.go:742.15,744.3 1 0
github.com/wso2/apk/common-go-libs/apis/dp/v1alpha1/zz_generated.deepcopy.go:745.2,747.12 3 0
github.com/wso2/apk/common-go-libs/apis/dp/v1alpha1/zz_generated.deepcopy.go:751.61,753.2 1 0
github.com/wso2/apk/common-go-libs/apis/dp/v1alpha1/zz_generated.deepcopy.go:756.54,757.15 1 0
github.com/wso2/apk/common-go-libs/apis/dp/v1alpha1/zz_generated.deepcopy.go:757.15,759.3 1 0
github.com/wso2/apk/common-go-libs/apis/dp/v1alpha1/zz_generated.deepcopy.go:760.2,762.12 3 0
github.com/wso2/apk/common-go-libs/apis/dp/v1alpha1/zz_generated.deepcopy.go:766.57,768.2 1 0
github.com/wso2/apk/common-go-libs/apis/dp/v1alpha1/zz_generated.deepcopy.go:771.50,772.15 1 0
github.com/wso2/apk/common-go-libs/apis/dp/v1alpha1/zz_generated.deepcopy.go:772.15,774.3 1 0
github.com/wso2/apk/common-go-libs/apis/dp/v1alpha1/zz_generated.deepcopy.go:775.2,777.12 3 0
github.com/wso2/apk/common-go-libs/apis/dp/v1alpha1/zz_generated.deepcopy.go:781.55,783.2 1 0
github.com/wso2/apk/common-go-libs/apis/dp/v1alpha1/zz_generated.deepcopy.go:786.48,787.15 1 0
github.com/wso2/apk/common-go-libs/apis/dp/v1alpha1/zz_generated.deepcopy.go:787.15,789.3 1 0
github.com/wso2/apk/common-go-libs/apis/dp/v1alpha1/zz_generated.deepcopy.go:790.2,792.12 3 0
github.com/wso2/apk/common-go-libs/apis/dp/v1alpha1/zz_generated.deepcopy.go:796.75,798.2 1 0
github.com/wso2/apk/common-go-libs/apis/dp/v1alpha1/zz_generated.deepcopy.go:801.68,802.15 1 0
github.com/wso2/apk/common-go-libs/apis/dp/v1alpha1/zz_generated.deepcopy.go:802.15,804.3 1 0
github.com/wso2/apk/common-go-libs/apis/dp/v1alpha1/zz_generated.deepcopy.go:805.2,807.12 3 0
github.com/wso2/apk/common-go-libs/apis/dp/v1alpha1/zz_generated.deepcopy.go:811.81,813.2 1 0
github.com/wso2/apk/common-go-libs/apis/dp/v1alpha1/zz_generated.deepcopy.go:816.74,817.15 1 0
github.com/wso2/apk/common-go-libs/apis/dp/v1alpha1/zz_generated.deepcopy.go:817.15,819.3 1 0
github.com/wso2/apk/common-go-libs/apis/dp/v1alpha1/zz_generated.deepcopy.go:820.2,822.12 3 0
github.com/wso2/apk/common-go-libs/apis/dp/v1alpha1/zz_generated.deepcopy.go:826.65,828.30 2 0
github.com/wso2/apk/common-go-libs/apis/dp/v1alpha1/zz_generated.deepcopy.go:828.30,831.3 2 0
github.com/wso2/apk/common-go-libs/apis/dp/v1alpha1/zz_generated.deepcopy.go:832.2,832.22 1 0
github.com/wso2/apk/common-go-libs/apis/dp/v1alpha1/zz_generated.deepcopy.go:832.22,836.3 3 0
github.com/wso2/apk/common-go-libs/apis/dp/v1alpha1/zz_generated.deepcopy.go:840.58,841.15 1 0
github.com/wso2/apk/common-go-libs/apis/dp/v1alpha1/zz_generated.deepcopy.go:841.15,843.3 1 0
github.com/wso2/apk/common-go-libs/apis/dp/v1alpha1/zz_generated.deepcopy.go:844.2,846.12 3 0
github.com/wso2/apk/common-go-libs/apis/dp/v1alpha1/zz_generated.deepcopy.go:850.51,852.29 2 0
github.com/wso2/apk/common-go-libs/apis/dp/v1alpha1/zz_generated.deepcopy.go:852.29,856.3 3 0
github.com/wso2/apk/common-go-libs/apis/dp/v1alpha1/zz_generated.deepcopy.go:860.44,861.15 1 0
github.com/wso2/apk/common-go-libs/apis/dp/v1alpha1/zz_generated.deepcopy.go:861.15,863.3 1 0
github.com/wso2/apk/common-go-libs/apis/dp/v1alpha1/zz_generated.deepcopy.go:864.2,866.12 3 0
github.com/wso2/apk/common-go-libs/apis/dp/v1alpha1/zz_generated.deepcopy.go:870.55,872.2 1 0
github.com/wso2/apk/common-go-libs/apis/dp/v1alpha1/zz_generated.deepcopy.go:875.48,876.15 1 0
github.com/wso2/apk/common-go-libs/apis/dp/v1alpha1/zz_generated.deepcopy.go:876.15,878.3 1 0
github.com/wso2/apk/common-go-libs/apis/dp/v1alpha1/zz_generated.deepcopy.go:879.2,881.12 3 0
github.com/wso2/apk/common-go-libs/apis/dp/v1alpha1/zz_generated.deepcopy.go:885.73,887.2 1 0
github.com/wso2/apk/common-go-libs/apis/dp/v1alpha1/zz_generated.deepcopy.go:890.66,891.15 1 0
github.com/wso2/apk/common-go-libs/apis/dp/v1alpha1/zz_generated.deepcopy.go:891.15,893.3 1 0
github.com/wso2/apk/common-go-libs/apis/dp/v1alpha1/zz_generated.deepcopy.go:894.2,896.12 3 0
github.com/wso2/apk/common-go-libs/apis/dp/v1alpha1/zz_generated.deepcopy.go:900.69,906.2 5 0
github.com/wso2/apk/common-go-libs/apis/dp/v1alpha1/zz_generated.deepcopy.go:909.62,910.15 1 0
github.com/wso2/apk/common-go-libs/apis/dp/v1alpha1/zz_generated.deepcopy.go:910.15,912.3 1 0
github.com/wso2/apk/common-go-libs/apis/dp/v1alpha1/zz_generated.deepcopy.go:913.2,915.12 3 0
github.com/wso2/apk/common-go-libs/apis/dp/v1alpha1/zz_generated.deepcopy.go:919.63,920.34 1 0
github.com/wso2/apk/common-go-libs/apis/dp/v1alpha1/zz_generated.deepcopy.go:920.34,922.3 1 0
github.com/wso2/apk/common-go-libs/apis/dp/v1alpha1/zz_generated.deepcopy.go:923.2,923.12 1 0
github.com/wso2/apk/common-go-libs/apis/dp/v1alpha1/zz_generated.deepcopy.go:927.77,931.21 4 0
github.com/wso2/apk/common-go-libs/apis/dp/v1alpha1/zz_generated.deepcopy.go:931.21,934.22 3 0
github.com/wso2/apk/common-go-libs/apis/dp/v1alpha1/zz_generated.deepcopy.go:934.22,936.4 1 0
github.com/wso2/apk/common-go-libs/apis/dp/v1alpha1/zz_generated.deepcopy.go:941.70,942.15 1 0
github.com/wso2/apk/common-go-libs/apis/dp/v1alpha1/zz_generated.deepcopy.go:942.15,944.3 1 0
github.com/wso2/apk/common-go-libs/apis/dp/v1alpha1/zz_generated.deepcopy.go:945.2,947.12 3 0
github.com/wso2/apk/common-go-libs/apis/dp/v1alpha1/zz_generated.deepcopy.go:951.67,952.34 1 0
github.com/wso2/apk/common-go-libs/apis/dp/v1alpha1/zz_generated.deepcopy.go:952.34,954.3 1 0
github.com/wso2/apk/common-go-libs/apis/dp/v1alpha1/zz_generated.deepcopy.go:955.2,955.12 1 0
github.com/wso2/apk/common-go-libs/apis/dp/v1alpha1/zz_generated.deepcopy.go:959.77,962.24 3 0
github.com/wso2/apk/common-go-libs/apis/dp/v1alpha1/zz_generated.deepcopy.go:962.24,966.3 3 0
github.com/wso2/apk/common-go-libs/apis/dp/v1alpha1/zz_generated.deepcopy.go:970.70,971.15 1 0
github.com/wso2/apk/common-go-libs/apis/dp/v1alpha1/zz_generated.deepcopy.go:971.15,973.3 1 0
github.com/wso2/apk/common-go-libs/apis/dp/v1alpha1/zz_generated.deepcopy.go:974.2,976.12 3 0
github.com/wso2/apk/common-go-libs/apis/dp/v1alpha1/zz_generated.deepcopy.go:980.81,982.2 1 0
github.com/wso2/apk/common-go-libs/apis/dp/v1alpha1/zz_generated.deepcopy.go:985.74,986.15 1 0
github.com/wso2/apk/common-go-libs/apis/dp/v1alpha1/zz_generated.deepcopy.go:986.15,988.3 1 0
github.com/wso2/apk/common-go-libs/apis/dp/v1alpha1/zz_generated.deepcopy.go:989.2,991.12 3 0
github.com/wso2/apk/common-go-libs/apis/dp/v1alpha1/zz_generated.deepcopy.go:995.41,997.19 2 0
github.com/wso2/apk/common-go-libs/apis/dp/v1alpha1/zz_generated.deepcopy.go:997.19,1001.3 3 0
github.com/wso2/apk/common-go-libs/apis/dp/v1alpha1/zz_generated.deepcopy.go:1005.34,1006.15 1 0
github.com/wso2/apk/common-go-libs/apis/dp/v1alpha1/zz_generated.deepcopy.go:1006.15,1008.3 1 0
github.com/wso2/apk/common-go-libs/apis/dp/v1alpha1/zz_generated.deepcopy.go:1009.2,1011.12 3 0
github.com/wso2/apk/common-go-libs/apis/dp/v1alpha1/zz_generated.deepcopy.go:1015.64,1016.2 1 0
github.com/wso2/apk/common-go-libs/apis/dp/v1alpha1/zz_generated.deepcopy.go:1016.2,1019.29 3 0
github.com/wso2/apk/common-go-libs/apis/dp/v1alpha1/zz_generated.deepcopy.go:1019.29,1021.18 2 0
github.com/wso2/apk/common-go-libs/apis/dp/v1alpha1/zz_generated.deepcopy.go:1021.18,1023.5 1 0
github.com/wso2/apk/common-go-libs/apis/dp/v1alpha1/zz_generated.deepcopy.go:1023.10,1027.5 3 0
github.com/wso2/apk/common-go-libs/apis/dp/v1alpha1/zz_generated.deepcopy.go:1028.4,1028.24 1 0
github.com/wso2/apk/common-go-libs/apis/dp/v1alpha1/zz_generated.deepcopy.go:1034.56,1035.15 1 0
github.com/wso2/apk/common-go-libs/apis/dp/v1alpha1/zz_generated.deepcopy.go:1035.15,1037.3 1 0
github.com/wso2/apk/common-go-libs/apis/dp/v1alpha1/zz_generated.deepcopy.go:1038.2,1040.13 3 0
github.com/wso2/apk/common-go-libs/apis/dp/v1alpha1/zz_generated.deepcopy.go:1044.53,1046.2 1 0
github.com/wso2/apk/common-go-libs/apis/dp/v1alpha1/zz_generated.deepcopy.go:1049.46,1050.15 1 0
github.com/wso2/apk/common-go-libs/apis/dp/v1alpha1/zz_generated.deepcopy.go:1050.15,1052.3 1 0
github.com/wso2/apk/common-go-libs/apis/dp/v1alpha1/zz_generated.deepcopy.go:1053.2,1055.12 3 0
github.com/wso2/apk/common-go-libs/apis/dp/v1alpha1/zz_generated.deepcopy.go:1059.53,1061.35 2 0
github.com/wso2/apk/common-go-libs/apis/dp/v1alpha1/zz_generated.deepcopy.go:1061.35,1065.3 3 0
github.com/wso2/apk/common-go-libs/apis/dp/v1alpha1/zz_generated.deepcopy.go:1066.2,1066.36 1 0
github.com/wso2/apk/common-go-libs/apis/dp/v1alpha1/zz_generated.deepcopy.go:1066.36,1070.3 3 0
github.com/wso2/apk/common-go-libs/apis/dp/v1alpha1/zz_generated.deepcopy.go:1071.2,1071.32 1 0
github.com/wso2/apk/common-go-libs/apis/dp/v1alpha1/zz_generated.deepcopy.go:1071.32,1075.3 3 0
github.com/wso2/apk/common-go-libs/apis/dp/v1alpha1/zz_generated.deepcopy.go:1076.2,1076.26 1 0
github.com/wso2/apk/common-go-libs/apis/dp/v1alpha1/zz_generated.deepcopy.go:1076.26,1080.3 3 0
github.com/wso2/apk/common-go-libs/apis/dp/v1alpha1/zz_generated.deepcopy.go:1084.46,1085.15 1 0
github.com/wso2/apk/common-go-libs/apis/dp/v1alpha1/zz_generated.deepcopy.go:1085.15,1087.3 1 0
github.com/wso2/apk/common-go-libs/apis/dp/v1alpha1/zz_generated.deepcopy.go:1088.2,1090.12 3 0
github.com/wso2/apk/common-go-libs/apis/dp/v1alpha1/zz_generated.deepcopy.go:1094.49,1096.2 1 0
github.com/wso2/apk/common-go-libs/apis/dp/v1alpha1/zz_generated.deepcopy.go:1099.42,1100.15 1 0
github.com/wso2/apk/common-go-libs/apis/dp/v1alpha1/zz_generated.deepcopy.go:1100.15,1102.3 1 0
github.com/wso2/apk/common-go-libs/apis/dp/v1alpha1/zz_generated.deepcopy.go:1103.2,1105.12 3 0
github.com/wso2/apk/common-go-libs/apis/dp/v1alpha1/zz_generated.deepcopy.go:1109.69,1111.19 2 0
github.com/wso2/apk/common-go-libs/apis/dp/v1alpha1/zz_generated.deepcopy.go:1111.19,1115.3 3 0
github.com/wso2/apk/common-go-libs/apis/dp/v1alpha1/zz_generated.deepcopy.go:1116.2,1116.22 1 0
github.com/wso2/apk/common-go-libs/apis/dp/v1alpha1/zz_generated.deepcopy.go:1116.22,1120.3 3 0
github.com/wso2/apk/common-go-libs/apis/dp/v1alpha1/zz_generated.deepcopy.go:1124.62,1125.15 1 0
github.com/wso2/apk/common-go-libs/apis/dp/v1alpha1/zz_generated.deepcopy.go:1125.15,1127.3 1 0
github.com/wso2/apk/common-go-libs/apis/dp/v1alpha1/zz_generated.deepcopy.go:1128.2,1130.12 3 0
github.com/wso2/apk/common-go-libs/apis/dp/v1alpha1/zz_generated.deepcopy.go:1134.63,1140.2 5 0
github.com/wso2/apk/common-go-libs/apis/dp/v1alpha1/zz_generated.deepcopy.go:1143.56,1144.15 1 0
github.com/wso2/apk/common-go-libs/apis/dp/v1alpha1/zz_generated.deepcopy.go:1144.15,1146.3 1 0
github.com/wso2/apk/common-go-libs/apis/dp/v1alpha1/zz_generated.deepcopy.go:1147.2,1149.12 3 0
github.com/wso2/apk/common-go-libs/apis/dp/v1alpha1/zz_generated.deepcopy.go:1153.60,1154.34 1 0
github.com/wso2/apk/common-go-libs/apis/dp/v1alpha1/zz_generated.deepcopy.go:1154.34,1156.3 1 0
github.com/wso2/apk/common-go-libs/apis/dp/v1alpha1/zz_generated.deepcopy.go:1157.2,1157.12 1 0
github.com/wso2/apk/common-go-libs/apis/dp/v1alpha1/zz_generated.deepcopy.go:1161.71,1165.21 4 0
github.com/wso2/apk/common-go-libs/apis/dp/v1alpha1/zz_generated.deepcopy.go:1165.21,1168.22 3 0
github.com/wso2/apk/common-go-libs/apis/dp/v1alpha1/zz_generated.deepcopy.go:1168.22,1170.4 1 0
github.com/wso2/apk/common-go-libs/apis/dp/v1alpha1/zz_generated.deepcopy.go:1175.64,1176.15 1 0
github.com/wso2/apk/common-go-libs/apis/dp/v1alpha1/zz_generated.deepcopy.go:1176.15,1178.3 1 0
github.com/wso2/apk/common-go-libs/apis/dp/v1alpha1/zz_generated.deepcopy.go:1179.2,1181.12 3 0
github.com/wso2/apk/common-go-libs/apis/dp/v1alpha1/zz_generated.deepcopy.go:1185.64,1186.34 1 0
github.com/wso2/apk/common-go-libs/apis/dp/v1alpha1/zz_generated.deepcopy.go:1186.34,1188.3 1 0
github.com/wso2/apk/common-go-libs/apis/dp/v1alpha1/zz_generated.deepcopy.go:1189.2,1189.12 1 0
github.com/wso2/apk/common-go-libs/apis/dp/v1alpha1/zz_generated.deepcopy.go:1193.71,1195.23 2 0
github.com/wso2/apk/common-go-libs/apis/dp/v1alpha1/zz_generated.deepcopy.go:1195.23,1199.3 3 0
github.com/wso2/apk/common-go-libs/apis/dp/v1alpha1/zz_generated.deepcopy.go:1200.2,1200.24 1 0
github.com/wso2/apk/common-go-libs/apis/dp/v1alpha1/zz_generated.deepcopy.go:1200.24,1204.3 3 0
github.com/wso2/apk/common-go-libs/apis/dp/v1alpha1/zz_generated.deepcopy.go:1205.2,1205.43 1 0
github.com/wso2/apk/common-go-libs/apis/dp/v1alpha1/zz_generated.deepcopy.go:1209.64,1210.15 1 0
github.com/wso2/apk/common-go-libs/apis/dp/v1alpha1/zz_generated.deepcopy.go:1210.15,1212.3 1 0
github.com/wso2/apk/common-go-libs/apis/dp/v1alpha1/zz_generated.deepcopy.go:1213.2,1215.12 3 0
github.com/wso2/apk/common-go-libs/apis/dp/v1alpha1/zz_generated.deepcopy.go:1219.75,1221.2 1 0
github.com/wso2/apk/common-go-libs/apis/dp/v1alpha1/zz_generated.deepcopy.go:1224.68,1225.15 1 0
github.com/wso2/apk/common-go-libs/apis/dp/v1alpha1/zz_generated.deepcopy.go:1225.15,1227.3 1 0
github.com/wso2/apk/common-go-libs/apis/dp/v1alpha1/zz_generated.deepcopy.go:1228.2,1230.12 3 0
github.com/wso2/apk/common-go-libs/apis/dp/v1alpha1/zz_generated.deepcopy.go:1234.51,1236.2 1 0
github.com/wso2/apk/common-go-libs/apis/dp/v1alpha1/zz_generated.deepcopy.go:1239.44,1240.15 1 0
github.com/wso2/apk/common-go-libs/apis/dp/v1alpha1/zz_generated.deepcopy.go:1240.15,1242.3 1 0
github.com/wso2/apk/common-go-libs/apis/dp/v1alpha1/zz_generated.deepcopy.go:1243.2,1245.12 3 0
github.com/wso2/apk/common-go-libs/apis/dp/v1alpha1/zz_generated.deepcopy.go:1249.65,1251.2 1 0
github.com/wso2/apk/common-go-libs/apis/dp/v1alpha1/zz_generated.deepcopy.go:1254.58,1255.15 1 0
github.com/wso2/apk/common-go-libs/apis/dp/v1alpha1/zz_generated.deepcopy.go:1255.15,1257.3 1 0
github.com/wso2/apk/common-go-libs/apis/dp/v1alpha1/zz_generated.deepcopy.go:1258.2,1260.12 3 0
github.com/wso2/apk/common-go-libs/apis/dp/v1alpha1/zz_generated.deepcopy.go:1264.83,1267.25 3 0
github.com/wso2/apk/common-go-libs/apis/dp/v1alpha1/zz_generated.deepcopy.go:1267.25,1271.3 3 0
github.com/wso2/apk/common-go-libs/apis/dp/v1alpha1/zz_generated.deepcopy.go:1275.76,1276.15 1 0
github.com/wso2/apk/common-go-libs/apis/dp/v1alpha1/zz_generated.deepcopy.go:1276.15,1278.3 1 0
github.com/wso2/apk/common-go-libs/apis/dp/v1alpha1/zz_generated.deepcopy.go:1279.2,1281.12 3 0
github.com/wso2/apk/common-go-libs/apis/dp/v1alpha1/zz_generated.deepcopy.go:1285.63,1288.2 2 0
github.com/wso2/apk/common-go-libs/apis/dp/v1alpha1/zz_generated.deepcopy.go:1291.56,1292.15 1 0
github.com/wso2/apk/common-go-libs/apis/dp/v1alpha1/zz_generated.deepcopy.go:1292.15,1294.3 1 0
github.com/wso2/apk/common-go-libs/apis/dp/v1alpha1/zz_generated.deepcopy.go:1295.2,1297.12 3 0
github.com/wso2/apk/common-go-libs/apis/dp/v1alpha1/zz_generated.deepcopy.go:1301.63,1304.24 3 0
github.com/wso2/apk/common-go-libs/apis/dp/v1alpha1/zz_generated.deepcopy.go:1304.24,1308.3 3 0
github.com/wso2/apk/common-go-libs/apis/dp/v1alpha1/zz_generated.deepcopy.go:1309.2,1311.30 3 0
github.com/wso2/apk/common-go-libs/apis/dp/v1alpha1/zz_generated.deepcopy.go:1311.30,1315.3 3 0
github.com/wso2/apk/common-go-libs/apis/dp/v1alpha1/zz_generated.deepcopy.go:1316.2,1316.23 1 0
github.com/wso2/apk/common-go-libs/apis/dp/v1alpha1/zz_generated.deepcopy.go:1316.23,1320.3 3 0
github.com/wso2/apk/common-go-libs/apis/dp/v1alpha1/zz_generated.deepcopy.go:1321.2,1321.21 1 0
github.com/wso2/apk/common-go-libs/apis/dp/v1alpha1/zz_generated.deepcopy.go:1321.21,1325.3 3 0
github.com/wso2/apk/common-go-libs/apis/dp/v1alpha1/zz_generated.deepcopy.go:1326.2,1326.27 1 0
github.com/wso2/apk/common-go-libs/apis/dp/v1alpha1/zz_generated.deepcopy.go:1326.27,1330.3 3 0
github.com/wso2/apk/common-go-libs/apis/dp/v1alpha1/zz_generated.deepcopy.go:1334.56,1335.15 1 0
github.com/wso2/apk/common-go-libs/apis/dp/v1alpha1/zz_generated.deepcopy.go:1335.15,1337.3 1 0
github.com/wso2/apk/common-go-libs/apis/dp/v1alpha1/zz_generated.deepcopy.go:1338.2,1340.12 3 0
github.com/wso2/apk/common-go-libs/apis/dp/v1alpha1/zz_generated.deepcopy.go:1344.87,1346.2 1 0
github.com/wso2/apk/common-go-libs/apis/dp/v1alpha1/zz_generated.deepcopy.go:1349.80,1350.15 1 0
github.com/wso2/apk/common-go-libs/apis/dp/v1alpha1/zz_generated.deepcopy.go:1350.15,1352.3 1 0
github.com/wso2/apk/common-go-libs/apis/dp/v1alpha1/zz_generated.deepcopy.go:1353.2,1355.12 3 0
github.com/wso2/apk/common-go-libs/apis/dp/v1alpha1/zz_generated.deepcopy.go:1359.57,1361.19 2 0
github.com/wso2/apk/common-go-libs/apis/dp/v1alpha1/zz_generated.deepcopy.go:1361.19,1365.3 3 0
github.com/wso2/apk/common-go-libs/apis/dp/v1alpha1/zz_generated.deepcopy.go:1369.50,1370.15 1 0
github.com/wso2/apk/common-go-libs/apis/dp/v1alpha1/zz_generated.deepcopy.go:1370.15,1372.3 1 0
github.com/wso2/apk/common-go-libs/apis/dp/v1alpha1/zz_generated.deepcopy.go:1373.2,1375.12 3 0
github.com/wso2/apk/common-go-libs/apis/dp/v1alpha1/zz_generated.deepcopy.go:1379.67,1382.29 3 0
github.com/wso2/apk/common-go-libs/apis/dp/v1alpha1/zz_generated.deepcopy.go:1382.29,1385.29 3 0
github.com/wso2/apk/common-go-libs/apis/dp/v1alpha1/zz_generated.deepcopy.go:1385.29,1387.4 1 0
github.com/wso2/apk/common-go-libs/apis/dp/v1alpha1/zz_generated.deepcopy.go:1389.2,1389.28 1 0
github.com/wso2/apk/common-go-libs/apis/dp/v1alpha1/zz_generated.deepcopy.go:1389.28,1393.3 3 0
github.com/wso2/apk/common-go-libs/apis/dp/v1alpha1/zz_generated.deepcopy.go:1397.60,1398.15 1 0
github.com/wso2/apk/common-go-libs/apis/dp/v1alpha1/zz_generated.deepcopy.go:1398.15,1400.3 1 0
github.com/wso2/apk/common-go-libs/apis/dp/v1alpha1/zz_generated.deepcopy.go:1401.2,1403.12 3 0
github.com/wso2/apk/common-go-libs/apis/dp/v1alpha1/zz_generated.deepcopy.go:1407.77,1410.2 2 0
github.com/wso2/apk/common-go-libs/apis/dp/v1alpha1/zz_generated.deepcopy.go:1413.70,1414.15 1 0
github.com/wso2/apk/common-go-libs/apis/dp/v1alpha1/zz_generated.deepcopy.go:1414.15,1416.3 1 0
github.com/wso2/apk/common-go-libs/apis/dp/v1alpha1/zz_generated.deepcopy.go:1417.2,1419.12 3 0
github.com/wso2/apk/common-go-libs/apis/dp/v1alpha1/zz_generated.deepcopy.go:1423.87,1425.20 2 0
github.com/wso2/apk/common-go-libs/apis/dp/v1alpha1/zz_generated.deepcopy.go:1425.20,1429.3 3 0
github.com/wso2/apk/common-go-libs/apis/dp/v1alpha1/zz_generated.deepcopy.go:1430.2,1430.27 1 0
github.com/wso2/apk/common-go-libs/apis/dp/v1alpha1/zz_generated.deepcopy.go:1430.27,1434.3 3 0
github.com/wso2/apk/common-go-libs/apis/dp/v1alpha1/zz_generated.deepcopy.go:1438.80,1439.15 1 0
github.com/wso2/apk/common-go-libs/apis/dp/v1alpha1/zz_generated.deepcopy.go:1439.15,1441.3 1 0
github.com/wso2/apk/common-go-libs/apis/dp/v1alpha1/zz_generated.deepcopy.go:1442.2,1444.12 3 0
github.com/wso2/apk/common-go-libs/apis/dp/v1alpha1/zz_generated.deepcopy.go:1448.67,1450.27 2 0
github.com/wso2/apk/common-go-libs/apis/dp/v1alpha1/zz_generated.deepcopy.go:1450.27,1454.3 3 0
github.com/wso2/apk/common-go-libs/apis/dp/v1alpha1/zz_generated.deepcopy.go:1458.60,1459.15 1 0
github.com/wso2/apk/common-go-libs/apis/dp/v1alpha1/zz_generated.deepcopy.go:1459.15,1461.3 1 0
github.com/wso2/apk/common-go-libs/apis/dp/v1alpha1/zz_generated.deepcopy.go:1462.2,1464.12 3 0
github.com/wso2/apk/common-go-libs/apis/dp/v1alpha1/zz_generated.deepcopy.go:1468.55,1470.27 2 0
github.com/wso2/apk/common-go-libs/apis/dp/v1alpha1/zz_generated.deepcopy.go:1470.27,1474.3 3 0
github.com/wso2/apk/common-go-libs/apis/dp/v1alpha1/zz_generated.deepcopy.go:1478.48,1479.15 1 0
github.com/wso2/apk/common-go-libs/apis/dp/v1alpha1/zz_generated.deepcopy.go:1479.15,1481.3 1 0
github.com/wso2/apk/common-go-libs/apis/dp/v1alpha1/zz_generated.deepcopy.go:1482.2,1484.12 3 0
github.com/wso2/apk/common-go-libs/apis/dp/v1alpha1/zz_generated.deepcopy.go:1488.43,1494.2 5 0
github.com/wso2/apk/common-go-libs/apis/dp/v1alpha1/zz_generated.deepcopy.go:1497.36,1498.15 1 0
github.com/wso2/apk/common-go-libs/apis/dp/v1alpha1/zz_generated.deepcopy.go:1498.15,1500.3 1 0
github.com/wso2/apk/common-go-libs/apis/dp/v1alpha1/zz_generated.deepcopy.go:1501.2,1503.12 3 0
github.com/wso2/apk/common-go-libs/apis/dp/v1alpha1/zz_generated.deepcopy.go:1507.50,1508.34 1 0
github.com/wso2/apk/common-go-libs/apis/dp/v1alpha1/zz_generated.deepcopy.go:1508.34,1510.3 1 0
github.com/wso2/apk/common-go-libs/apis/dp/v1alpha1/zz_generated.deepcopy.go:1511.2,1511.12 1 0
github.com/wso2/apk/common-go-libs/apis/dp/v1alpha1/zz_generated.deepcopy.go:1515.51,1519.21 4 0
github.com/wso2/apk/common-go-libs/apis/dp/v1alpha1/zz_generated.deepcopy.go:1519.21,1522.22 3 0
github.com/wso2/apk/common-go-libs/apis/dp/v1alpha1/zz_generated.deepcopy.go:1522.22,1524.4 1 0
github.com/wso2/apk/common-go-libs/apis/dp/v1alpha1/zz_generated.deepcopy.go:1529.44,1530.15 1 0
github.com/wso2/apk/common-go-libs/apis/dp/v1alpha1/zz_generated.deepcopy.go:1530.15,1532.3 1 0
github.com/wso2/apk/common-go-libs/apis/dp/v1alpha1/zz_generated.deepcopy.go:1533.2,1535.12 3 0
github.com/wso2/apk/common-go-libs/apis/dp/v1alpha1/zz_generated.deepcopy.go:1539.54,1540.34 1 0
github.com/wso2/apk/common-go-libs/apis/dp/v1alpha1/zz_generated.deepcopy.go:1540.34,1542.3 1 0
github.com/wso2/apk/common-go-libs/apis/dp/v1alpha1/zz_generated.deepcopy.go:1543.2,1543.12 1 0
github.com/wso2/apk/common-go-libs/apis/dp/v1alpha1/zz_generated.deepcopy.go:1547.51,1549.21 2 0
github.com/wso2/apk/common-go-libs/apis/dp/v1alpha1/zz_generated.deepcopy.go:1549.21,1553.3 3 0
github.com/wso2/apk/common-go-libs/apis/dp/v1alpha1/zz_generated.deepcopy.go:1557.44,1558.15 1 0
github.com/wso2/apk/common-go-libs/apis/dp/v1alpha1/zz_generated.deepcopy.go:1558.15,1560.3 1 0
github.com/wso2/apk/common-go-libs/apis/dp/v1alpha1/zz_generated.deepcopy.go:1561.2,1563.12 3 0
github.com/wso2/apk/common-go-libs/apis/dp/v1alpha1/zz_generated.deepcopy.go:1567.55,1569.2 1 0
github.com/wso2/apk/common-go-libs/apis/dp/v1alpha1/zz_generated.deepcopy.go:1572.48,1573.15 1 0
github.com/wso2/apk/common-go-libs/apis/dp/v1alpha1/zz_generated.deepcopy.go:1573.15,1575.3 1 0
github.com/wso2/apk/common-go-libs/apis/dp/v1alpha1/zz_generated.deepcopy.go:1576.2,1578.12 3 0
github.com/wso2/apk/common-go-libs/apis/dp/v1alpha1/zz_generated.deepcopy.go:1582.51,1584.2 1 0
github.com/wso2/apk/common-go-libs/apis/dp/v1alpha1/zz_generated.deepcopy.go:1587.44,1588.15 1 0
github.com/wso2/apk/common-go-libs/apis/dp/v1alpha1/zz_generated.deepcopy.go:1588.15,1590.3 1 0
github.com/wso2/apk/common-go-libs/apis/dp/v1alpha1/zz_generated.deepcopy.go:1591.2,1593.12 3 0
github.com/wso2/apk/common-go-libs/apis/dp/v1alpha1/zz_generated.deepcopy.go:1597.61,1599.21 2 0
github.com/wso2/apk/common-go-libs/apis/dp/v1alpha1/zz_generated.deepcopy.go:1599.21,1603.3 3 0
github.com/wso2/apk/common-go-libs/apis/dp/v1alpha1/zz_generated.deepcopy.go:1607.54,1608.15 1 0
github.com/wso2/apk/common-go-libs/apis/dp/v1alpha1/zz_generated.deepcopy.go:1608.15,1610.3 1 0
github.com/wso2/apk/common-go-libs/apis/dp/v1alpha1/zz_generated.deepcopy.go:1611.2,1613.12 3 0
github.com/wso2/apk/common-go-libs/apis/dp/v1alpha1/zz_generated.deepcopy.go:1617.47,1619.2 1 0
github.com/wso2/apk/common-go-libs/apis/dp/v1alpha1/zz_generated.deepcopy.go:1622.40,1623.15 1 0
github.com/wso2/apk/common-go-libs/apis/dp/v1alpha1/zz_generated.deepcopy.go:1623.15,1625.3 1 0
github.com/wso2/apk/common-go-libs/apis/dp/v1alpha1/zz_generated.deepcopy.go:1626.2,1628.12 3 0
github.com/wso2/apk/common-go-libs/apis/dp/v1alpha1/zz_generated.deepcopy.go:1632.71,1634.20 2 0
github.com/wso2/apk/common-go-libs/apis/dp/v1alpha1/zz_generated.deepcopy.go:1634.20,1638.3 3 0
github.com/wso2/apk/common-go-libs/apis/dp/v1alpha1/zz_generated.deepcopy.go:1639.2,1639.27 1 0
github.com/wso2/apk/common-go-libs/apis/dp/v1alpha1/zz_generated.deepcopy.go:1639.27,1643.3 3 0
github.com/wso2/apk/common-go-libs/apis/dp/v1alpha1/zz_generated.deepcopy.go:1647.64,1648.15 1 0
github.com/wso2/apk/common-go-libs/apis/dp/v1alpha1/zz_generated.deepcopy.go:1648.15,1650.3 1 0
github.com/wso2/apk/common-go-libs/apis/dp/v1alpha1/zz_generated.deepcopy.go:1651.2,1653.12 3 0
github.com/wso2/apk/common-go-libs/apis/dp/v1alpha1/zz_generated.deepcopy.go:1657.51,1659.33 2 0
github.com/wso2/apk/common-go-libs/apis/dp/v1alpha1/zz_generated.deepcopy.go:1659.33,1663.3 3 0
github.com/wso2/apk/common-go-libs/apis/dp/v1alpha1/zz_generated.deepcopy.go:1664.2,1664.25 1 0
github.com/wso2/apk/common-go-libs/apis/dp/v1alpha1/zz_generated.deepcopy.go:1664.25,1668.3 3 0
github.com/wso2/apk/common-go-libs/apis/dp/v1alpha1/zz_generated.deepcopy.go:1669.2,1669.28 1 0
github.com/wso2/apk/common-go-libs/apis/dp/v1alpha1/zz_generated.deepcopy.go:1669.28,1673.3 3 0
github.com/wso2/apk/common-go-libs/apis/dp/v1alpha1/zz_generated.deepcopy.go:1674.2,1674.27 1 0
github.com/wso2/apk/common-go-libs/apis/dp/v1alpha1/zz_generated.deepcopy.go:1674.27,1678.3 3 0
github.com/wso2/apk/common-go-libs/apis/dp/v1alpha1/zz_generated.deepcopy.go:1682.44,1683.15 1 0
github.com/wso2/apk/common-go-libs/apis/dp/v1alpha1/zz_generated.deepcopy.go:1683.15,1685.3 1 0
github.com/wso2/apk/common-go-libs/apis/dp/v1alpha1/zz_generated.deepcopy.go:1686.2,1688.12 3 0
github.com/wso2/apk/common-go-libs/apis/dp/v1alpha1/zz_generated.deepcopy.go:1692.69,1694.2 1 0
github.com/wso2/apk/common-go-libs/apis/dp/v1alpha1/zz_generated.deepcopy.go:1697.62,1698.15 1 0
github.com/wso2/apk/common-go-libs/apis/dp/v1alpha1/zz_generated.deepcopy.go:1698.15,1700.3 1 0
github.com/wso2/apk/common-go-libs/apis/dp/v1alpha1/zz_generated.deepcopy.go:1701.2,1703.12 3 0
github.com/wso2/apk/common-go-libs/apis/dp/v1alpha1/zz_generated.deepcopy.go:1707.47,1709.2 1 0
github.com/wso2/apk/common-go-libs/apis/dp/v1alpha1/zz_generated.deepcopy.go:1712.40,1713.15 1 0
github.com/wso2/apk/common-go-libs/apis/dp/v1alpha1/zz_generated.deepcopy.go:1713.15,1715.3 1 0
github.com/wso2/apk/common-go-libs/apis/dp/v1alpha1/zz_generated.deepcopy.go:1716.2,1718.12 3 0
github.com/wso2/apk/common-go-libs/apis/dp/v1alpha1/zz_generated.deepcopy.go:1722.55,1728.2 5 0
github.com/wso2/apk/common-go-libs/apis/dp/v1alpha1/zz_generated.deepcopy.go:1731.48,1732.15 1 0
github.com/wso2/apk/common-go-libs/apis/dp/v1alpha1/zz_generated.deepcopy.go:1732.15,1734.3 1 0
github.com/wso2/apk/common-go-libs/apis/dp/v1alpha1/zz_generated.deepcopy.go:1735.2,1737.12 3 0
github.com/wso2/apk/common-go-libs/apis/dp/v1alpha1/zz_generated.deepcopy.go:1741.56,1742.34 1 0
github.com/wso2/apk/common-go-libs/apis/dp/v1alpha1/zz_generated.deepcopy.go:1742.34,1744.3 1 0
github.com/wso2/apk/common-go-libs/apis/dp/v1alpha1/zz_generated.deepcopy.go:1745.2,1745.12 1 0
github.com/wso2/apk/common-go-libs/apis/dp/v1alpha1/zz_generated.deepcopy.go:1749.63,1753.21 4 0
github.com/wso2/apk/common-go-libs/apis/dp/v1alpha1/zz_generated.deepcopy.go:1753.21,1756.22 3 0
github.com/wso2/apk/common-go-libs/apis/dp/v1alpha1/zz_generated.deepcopy.go:1756.22,1758.4 1 0
github.com/wso2/apk/common-go-libs/apis/dp/v1alpha1/zz_generated.deepcopy.go:1763.56,1764.15 1 0
github.com/wso2/apk/common-go-libs/apis/dp/v1alpha1/zz_generated.deepcopy.go:1764.15,1766.3 1 0
github.com/wso2/apk/common-go-libs/apis/dp/v1alpha1/zz_generated.deepcopy.go:1767.2,1769.12 3 0
github.com/wso2/apk/common-go-libs/apis/dp/v1alpha1/zz_generated.deepcopy.go:1773.60,1774.34 1 0
github.com/wso2/apk/common-go-libs/apis/dp/v1alpha1/zz_generated.deepcopy.go:1774.34,1776.3 1 0
github.com/wso2/apk/common-go-libs/apis/dp/v1alpha1/zz_generated.deepcopy.go:1777.2,1777.12 1 0
github.com/wso2/apk/common-go-libs/apis/dp/v1alpha1/zz_generated.deepcopy.go:1781.63,1783.35 2 0
github.com/wso2/apk/common-go-libs/apis/dp/v1alpha1/zz_generated.deepcopy.go:1783.35,1787.3 3 0
github.com/wso2/apk/common-go-libs/apis/dp/v1alpha1/zz_generated.deepcopy.go:1788.2,1788.29 1 0
github.com/wso2/apk/common-go-libs/apis/dp/v1alpha1/zz_generated.deepcopy.go:1788.29,1791.18 3 0
github.com/wso2/apk/common-go-libs/apis/dp/v1alpha1/zz_generated.deepcopy.go:1791.18,1795.4 3 0
github.com/wso2/apk/common-go-libs/apis/dp/v1alpha1/zz_generated.deepcopy.go:1797.2,1797.25 1 0
github.com/wso2/apk/common-go-libs/apis/dp/v1alpha1/zz_generated.deepcopy.go:1797.25,1801.3 3 0
github.com/wso2/apk/common-go-libs/apis/dp/v1alpha1/zz_generated.deepcopy.go:1805.56,1806.15 1 0
github.com/wso2/apk/common-go-libs/apis/dp/v1alpha1/zz_generated.deepcopy.go:1806.15,1808.3 1 0
github.com/wso2/apk/common-go-libs/apis/dp/v1alpha1/zz_generated.deepcopy.go:1809.2,1811.12 3 0
github.com/wso2/apk/common-go-libs/apis/dp/v1alpha1/zz_generated.deepcopy.go:1815.67,1817.2 1 0
github.com/wso2/apk/common-go-libs/apis/dp/v1alpha1/zz_generated.deepcopy.go:1820.60,1821.15 1 0
github.com/wso2/apk/common-go-libs/apis/dp/v1alpha1/zz_generated.deepcopy.go:1821.15,1823.3 1 0
github.com/wso2/apk/common-go-libs/apis/dp/v1alpha1/zz_generated.deepcopy.go:1824.2,1826.12 3 0
github.com/wso2/apk/common-go-libs/apis/dp/v1alpha2/api_conversion.go:27.56,43.32 12 0
github.com/wso2/apk/common-go-libs/apis/dp/v1alpha2/api_conversion.go:43.32,45.53 2 0
github.com/wso2/apk/common-go-libs/apis/dp/v1alpha2/api_conversion.go:45.53,49.4 1 0
github.com/wso2/apk/common-go-libs/apis/dp/v1alpha2/api_conversion.go:51.2,51.29 1 0
github.com/wso2/apk/common-go-libs/apis/dp/v1alpha2/api_conversion.go:51.29,53.47 2 0
github.com/wso2/apk/common-go-libs/apis/dp/v1alpha2/api_conversion.go:53.47,57.4 1 0
github.com/wso2/apk/common-go-libs/apis/dp/v1alpha2/api_conversion.go:61.2,62.43 2 0
github.com/wso2/apk/common-go-libs/apis/dp/v1alpha2/api_conversion.go:62.43,64.3 1 0
github.com/wso2/apk/common-go-libs/apis/dp/v1alpha2/api_conversion.go:65.2,70.12 3 0
github.com/wso2/apk/common-go-libs/apis/dp/v1alpha2/api_conversion.go:75.58,91.32 12 0
github.com/wso2/apk/common-go-libs/apis/dp/v1alpha2/api_conversion.go:91.32,93.53 2 0
github.com/wso2/apk/common-go-libs/apis/dp/v1alpha2/api_conversion.go:93.53,97.4 1 0
github.com/wso2/apk/common-go-libs/apis/dp/v1alpha2/api_conversion.go:100.2,100.29 1 0
github.com/wso2/apk/common-go-libs/apis/dp/v1alpha2/api_conversion.go:100.29,102.47 2 0
github.com/wso2/apk/common-go-libs/apis/dp/v1alpha2/api_conversion.go:102.47,106.4 1 0
github.com/wso2/apk/common-go-libs/apis/dp/v1alpha2/api_conversion.go:110.2,111.43 2 0
github.com/wso2/apk/common-go-libs/apis/dp/v1alpha2/api_conversion.go:111.43,113.3 1 0
github.com/wso2/apk/common-go-libs/apis/dp/v1alpha2/api_conversion.go:114.2,119.12 3 0
github.com/wso2/apk/common-go-libs/apis/dp/v1alpha2/api_types.go:198.13,200.2 1 1
github.com/wso2/apk/common-go-libs/apis/dp/v1alpha2/api_webhook.go:52.63,58.2 2 0
github.com/wso2/apk/common-go-libs/apis/dp/v1alpha2/api_webhook.go:67.26,69.2 0 0
github.com/wso2/apk/common-go-libs/apis/dp/v1alpha2/api_webhook.go:77.60,79.2 1 0
github.com/wso2/apk/common-go-libs/apis/dp/v1alpha2/api_webhook.go:82.78,84.2 1 0
github.com/wso2/apk/common-go-libs/apis/dp/v1alpha2/api_webhook.go:87.60,91.2 1 0
github.com/wso2/apk/common-go-libs/apis/dp/v1alpha2/api_webhook.go:94.35,98.25 4 0
github.com/wso2/apk/common-go-libs/apis/dp/v1alpha2/api_webhook.go:98.25,99.48 1 0
github.com/wso2/apk/common-go-libs/apis/dp/v1alpha2/api_webhook.go:99.48,102.4 2 0
github.com/wso2/apk/common-go-libs/apis/dp/v1alpha2/api_webhook.go:105.2,105.27 1 0
github.com/wso2/apk/common-go-libs/apis/dp/v1alpha2/api_webhook.go:105.27,107.3 1 0
github.com/wso2/apk/common-go-libs/apis/dp/v1alpha2/api_webhook.go:107.8,107.94 1 0
github.com/wso2/apk/common-go-libs/apis/dp/v1alpha2/api_webhook.go:107.94,109.3 1 0
github.com/wso2/apk/common-go-libs/apis/dp/v1alpha2/api_webhook.go:109.8,109.98 1 0
github.com/wso2/apk/common-go-libs/apis/dp/v1alpha2/api_webhook.go:109.98,111.3 1 0
github.com/wso2/apk/common-go-libs/apis/dp/v1alpha2/api_webhook.go:111.8,111.78 1 0
github.com/wso2/apk/common-go-libs/apis/dp/v1alpha2/api_webhook.go:111.78,113.3 1 0
github.com/wso2/apk/common-go-libs/apis/dp/v1alpha2/api_webhook.go:115.2,115.36 1 0
github.com/wso2/apk/common-go-libs/apis/dp/v1alpha2/api_webhook.go:115.36,116.96 1 0
github.com/wso2/apk/common-go-libs/apis/dp/v1alpha2/api_webhook.go:116.96,118.4 1 0
github.com/wso2/apk/common-go-libs/apis/dp/v1alpha2/api_webhook.go:118.9,118.63 1 0
github.com/wso2/apk/common-go-libs/apis/dp/v1alpha2/api_webhook.go:118.63,119.57 1 0
github.com/wso2/apk/common-go-libs/apis/dp/v1alpha2/api_webhook.go:119.57,121.5 1 0
github.com/wso2/apk/common-go-libs/apis/dp/v1alpha2/api_webhook.go:123.8,123.40 1 0
github.com/wso2/apk/common-go-libs/apis/dp/v1alpha2/api_webhook.go:123.40,125.3 1 0
github.com/wso2/apk/common-go-libs/apis/dp/v1alpha2/api_webhook.go:128.2,128.31 1 0
github.com/wso2/apk/common-go-libs/apis/dp/v1alpha2/api_webhook.go:128.31,130.3 1 0
github.com/wso2/apk/common-go-libs/apis/dp/v1alpha2/api_webhook.go:132.2,133.108 1 0
github.com/wso2/apk/common-go-libs/apis/dp/v1alpha2/api_webhook.go:133.108,136.3 1 0
github.com/wso2/apk/common-go-libs/apis/dp/v1alpha2/api_webhook.go:138.2,139.32 2 0
github.com/wso2/apk/common-go-libs/apis/dp/v1alpha2/api_webhook.go:139.32,141.3 1 0
github.com/wso2/apk/common-go-libs/apis/dp/v1alpha2/api_webhook.go:142.2,142.29 1 0
github.com/wso2/apk/common-go-libs/apis/dp/v1alpha2/api_webhook.go:142.29,144.3 1 0
github.com/wso2/apk/common-go-libs/apis/dp/v1alpha2/api_webhook.go:146.2,146.43 1 0
github.com/wso2/apk/common-go-libs/apis/dp/v1alpha2/api_webhook.go:146.43,149.3 1 0
github.com/wso2/apk/common-go-libs/apis/dp/v1alpha2/api_webhook.go:151.2,151.43 1 0
github.com/wso2/apk/common-go-libs/apis/dp/v1alpha2/api_webhook.go:151.43,154.3 1 0
github.com/wso2/apk/common-go-libs/apis/dp/v1alpha2/api_webhook.go:156.2,156.22 1 0
github.com/wso2/apk/common-go-libs/apis/dp/v1alpha2/api_webhook.go:156.22,160.3 1 0
github.com/wso2/apk/common-go-libs/apis/dp/v1alpha2/api_webhook.go:162.2,162.12 1 0
github.com/wso2/apk/common-go-libs/apis/dp/v1alpha2/api_webhook.go:165.51,166.30 1 0
github.com/wso2/apk/common-go-libs/apis/dp/v1alpha2/api_webhook.go:166.30,167.16 1 0
github.com/wso2/apk/common-go-libs/apis/dp/v1alpha2/api_webhook.go:167.16,169.4 1 0
github.com/wso2/apk/common-go-libs/apis/dp/v1alpha2/api_webhook.go:171.2,171.14 1 0
github.com/wso2/apk/common-go-libs/apis/dp/v1alpha2/api_webhook.go:174.73,177.16 2 0
github.com/wso2/apk/common-go-libs/apis/dp/v1alpha2/api_webhook.go:177.16,181.3 1 0
github.com/wso2/apk/common-go-libs/apis/dp/v1alpha2/api_webhook.go:182.2,184.30 3 0
github.com/wso2/apk/common-go-libs/apis/dp/v1alpha2/api_webhook.go:184.30,186.68 1 0
github.com/wso2/apk/common-go-libs/apis/dp/v1alpha2/api_webhook.go:186.68,190.54 2 0
github.com/wso2/apk/common-go-libs/apis/dp/v1alpha2/api_webhook.go:190.54,196.5 1 0
github.com/wso2/apk/common-go-libs/apis/dp/v1alpha2/api_webhook.go:197.4,197.31 1 0
github.com/wso2/apk/common-go-libs/apis/dp/v1alpha2/api_webhook.go:197.31,200.34 3 0
github.com/wso2/apk/common-go-libs/apis/dp/v1alpha2/api_webhook.go:200.34,201.77 1 0
github.com/wso2/apk/common-go-libs/apis/dp/v1alpha2/api_webhook.go:201.77,207.7 1 0
github.com/wso2/apk/common-go-libs/apis/dp/v1alpha2/api_webhook.go:210.5,210.73 1 0
github.com/wso2/apk/common-go-libs/apis/dp/v1alpha2/api_webhook.go:210.73,216.6 1 0
github.com/wso2/apk/common-go-libs/apis/dp/v1alpha2/api_webhook.go:220.2,220.12 1 0
github.com/wso2/apk/common-go-libs/apis/dp/v1alpha2/api_webhook.go:223.39,228.23 5 0
github.com/wso2/apk/common-go-libs/apis/dp/v1alpha2/api_webhook.go:228.23,230.69 2 0
github.com/wso2/apk/common-go-libs/apis/dp/v1alpha2/api_webhook.go:230.69,233.4 2 0
github.com/wso2/apk/common-go-libs/apis/dp/v1alpha2/api_webhook.go:234.3,235.34 2 0
github.com/wso2/apk/common-go-libs/apis/dp/v1alpha2/api_webhook.go:236.8,237.40 1 0
github.com/wso2/apk/common-go-libs/apis/dp/v1alpha2/api_webhook.go:237.40,239.90 2 0
github.com/wso2/apk/common-go-libs/apis/dp/v1alpha2/api_webhook.go:239.90,242.5 2 0
github.com/wso2/apk/common-go-libs/apis/dp/v1alpha2/api_webhook.go:243.4,243.41 1 0
github.com/wso2/apk/common-go-libs/apis/dp/v1alpha2/api_webhook.go:246.2,246.18 1 0
github.com/wso2/apk/common-go-libs/apis/dp/v1alpha2/api_webhook.go:249.75,250.50 1 1
github.com/wso2/apk/common-go-libs/apis/dp/v1alpha2/api_webhook.go:250.50,252.3 1 1
github.com/wso2/apk/common-go-libs/apis/dp/v1alpha2/api_webhook.go:253.2,253.11 1 0
github.com/wso2/apk/common-go-libs/apis/dp/v1alpha2/api_webhook.go:256.64,258.23 2 0
github.com/wso2/apk/common-go-libs/apis/dp/v1alpha2/api_webhook.go:258.23,260.3 1 0
github.com/wso2/apk/common-go-libs/apis/dp/v1alpha2/api_webhook.go:260.8,262.3 1 0
github.com/wso2/apk/common-go-libs/apis/dp/v1alpha2/api_webhook.go:263.2,264.16 2 0
github.com/wso2/apk/common-go-libs/apis/dp/v1alpha2/api_webhook.go:264.16,266.3 1 0
github.com/wso2/apk/common-go-libs/apis/dp/v1alpha2/api_webhook.go:267.2,267.31 1 0
github.com/wso2/apk/common-go-libs/apis/dp/v1alpha2/api_webhook.go:267.31,269.3 1 0
github.com/wso2/apk/common-go-libs/apis/dp/v1alpha2/api_webhook.go:270.2,270.11 1 0
github.com/wso2/apk/common-go-libs/apis/dp/v1alpha2/api_webhook.go:274.56,276.21 2 0
github.com/wso2/apk/common-go-libs/apis/dp/v1alpha2/api_webhook.go:276.21,278.3 1 0
github.com/wso2/apk/common-go-libs/apis/dp/v1alpha2/api_webhook.go:279.2,279.17 1 0
github.com/wso2/apk/common-go-libs/apis/dp/v1alpha2/api_webhook.go:282.60,286.126 3 0
github.com/wso2/apk/common-go-libs/apis/dp/v1alpha2/api_webhook.go:286.126,288.44 2 0
github.com/wso2/apk/common-go-libs/apis/dp/v1alpha2/api_webhook.go:288.44,291.4 1 0
github.com/wso2/apk/common-go-libs/apis/dp/v1alpha2/api_webhook.go:293.3,294.52 2 0
github.com/wso2/apk/common-go-libs/apis/dp/v1alpha2/api_webhook.go:294.52,297.4 2 0
github.com/wso2/apk/common-go-libs/apis/dp/v1alpha2/api_webhook.go:298.3,298.26 1 0
github.com/wso2/apk/common-go-libs/apis/dp/v1alpha2/api_webhook.go:301.2,303.15 2 0
github.com/wso2/apk/common-go-libs/apis/dp/v1alpha2/api_webhook.go:307.51,309.16 2 0
github.com/wso2/apk/common-go-libs/apis/dp/v1alpha2/api_webhook.go:309.16,311.3 1 0
github.com/wso2/apk/common-go-libs/apis/dp/v1alpha2/api_webhook.go:312.2,316.16 3 0
github.com/wso2/apk/common-go-libs/apis/dp/v1alpha2/api_webhook.go:316.16,318.3 1 0
github.com/wso2/apk/common-go-libs/apis/dp/v1alpha2/api_webhook.go:319.2,319.34 1 0
github.com/wso2/apk/common-go-libs/apis/dp/v1alpha2/api_webhook.go:322.37,324.16 2 0
github.com/wso2/apk/common-go-libs/apis/dp/v1alpha2/api_webhook.go:324.16,327.3 2 0
github.com/wso2/apk/common-go-libs/apis/dp/v1alpha2/api_webhook.go:328.2,328.11 1 0
github.com/wso2/apk/common-go-libs/apis/dp/v1alpha2/apipolicy_conversion.go:21.26,21.27 0 0
github.com/wso2/apk/common-go-libs/apis/dp/v1alpha2/apipolicy_types.go:153.13,155.2 1 1
github.com/wso2/apk/common-go-libs/apis/dp/v1alpha2/apipolicy_webhook.go:33.69,37.2 1 0
github.com/wso2/apk/common-go-libs/apis/dp/v1alpha2/apipolicy_webhook.go:46.32,46.33 0 0
github.com/wso2/apk/common-go-libs/apis/dp/v1alpha2/apipolicy_webhook.go:54.66,56.2 1 0
github.com/wso2/apk/common-go-libs/apis/dp/v1alpha2/apipolicy_webhook.go:59.84,61.2 1 0
github.com/wso2/apk/common-go-libs/apis/dp/v1alpha2/apipolicy_webhook.go:64.44,67.33 2 0
github.com/wso2/apk/common-go-libs/apis/dp/v1alpha2/apipolicy_webhook.go:67.33,69.3 1 0
github.com/wso2/apk/common-go-libs/apis/dp/v1alpha2/apipolicy_webhook.go:70.2,71.51 1 0
github.com/wso2/apk/common-go-libs/apis/dp/v1alpha2/apipolicy_webhook.go:71.51,74.3 1 0
github.com/wso2/apk/common-go-libs/apis/dp/v1alpha2/apipolicy_webhook.go:75.2,75.107 1 0
github.com/wso2/apk/common-go-libs/apis/dp/v1alpha2/apipolicy_webhook.go:75.107,78.3 1 0
github.com/wso2/apk/common-go-libs/apis/dp/v1alpha2/apipolicy_webhook.go:79.2,79.22 1 0
github.com/wso2/apk/common-go-libs/apis/dp/v1alpha2/apipolicy_webhook.go:79.22,83.3 1 0
github.com/wso2/apk/common-go-libs/apis/dp/v1alpha2/apipolicy_webhook.go:84.2,84.12 1 0
github.com/wso2/apk/common-go-libs/apis/dp/v1alpha2/apipolicy_webhook.go:88.66,91.2 1 0
github.com/wso2/apk/common-go-libs/apis/dp/v1alpha2/authentication_conversion.go:21.31,21.32 0 0
github.com/wso2/apk/common-go-libs/apis/dp/v1alpha2/authentication_types.go:196.13,198.2 1 1
github.com/wso2/apk/common-go-libs/apis/dp/v1alpha2/authentication_webhook.go:34.74,38.2 1 0
github.com/wso2/apk/common-go-libs/apis/dp/v1alpha2/authentication_webhook.go:47.37,49.2 0 0
github.com/wso2/apk/common-go-libs/apis/dp/v1alpha2/authentication_webhook.go:57.71,60.2 1 0
github.com/wso2/apk/common-go-libs/apis/dp/v1alpha2/authentication_webhook.go:63.89,65.2 1 0
github.com/wso2/apk/common-go-libs/apis/dp/v1alpha2/authentication_webhook.go:68.57,71.33 2 0
github.com/wso2/apk/common-go-libs/apis/dp/v1alpha2/authentication_webhook.go:71.33,73.3 1 0
github.com/wso2/apk/common-go-libs/apis/dp/v1alpha2/authentication_webhook.go:74.2,74.102 1 0
github.com/wso2/apk/common-go-libs/apis/dp/v1alpha2/authentication_webhook.go:74.102,77.3 1 0
[...]
github.com/wso2/apk/common-go-libs/apis/dp/v1alpha2/zz_generated.deepcopy.go:350.15,352.3 1 0
github.com/wso2/apk/common-go-libs/apis/dp/v1alpha2/zz_generated.deepcopy.go:353.2,355.12 3 0
github.com/wso2/apk/common-go-libs/apis/dp/v1alpha2/zz_generated.deepcopy.go:359.63,360.34 1 0
github.com/wso2/apk/common-go-libs/apis/dp/v1alpha2/zz_generated.deepcopy.go:360.34,362.3 1 0
github.com/wso2/apk/common-go-libs/apis/dp/v1alpha2/zz_generated.deepcopy.go:363.2,363.12 1 0
github.com/wso2/apk/common-go-libs/apis/dp/v1alpha2/zz_generated.deepcopy.go:367.69,369.23 2 0
github.com/wso2/apk/common-go-libs/apis/dp/v1alpha2/zz_generated.deepcopy.go:369.23,373.3 3 0
github.com/wso2/apk/common-go-libs/apis/dp/v1alpha2/zz_generated.deepcopy.go:374.2,374.24 1 0
github.com/wso2/apk/common-go-libs/apis/dp/v1alpha2/zz_generated.deepcopy.go:374.24,378.3 3 0
github.com/wso2/apk/common-go-libs/apis/dp/v1alpha2/zz_generated.deepcopy.go:379.2,379.43 1 0
github.com/wso2/apk/common-go-libs/apis/dp/v1alpha2/zz_generated.deepcopy.go:383.62,384.15 1 0
github.com/wso2/apk/common-go-libs/apis/dp/v1alpha2/zz_generated.deepcopy.go:384.15,386.3 1 0
github.com/wso2/apk/common-go-libs/apis/dp/v1alpha2/zz_generated.deepcopy.go:387.2,389.12 3 0
github.com/wso2/apk/common-go-libs/apis/dp/v1alpha2/zz_generated.deepcopy.go:393.73,395.2 1 0
github.com/wso2/apk/common-go-libs/apis/dp/v1alpha2/zz_generated.deepcopy.go:398.66,399.15 1 0
github.com/wso2/apk/common-go-libs/apis/dp/v1alpha2/zz_generated.deepcopy.go:399.15,401.3 1 0
github.com/wso2/apk/common-go-libs/apis/dp/v1alpha2/zz_generated.deepcopy.go:402.2,404.12 3 0
github.com/wso2/apk/common-go-libs/apis/dp/v1alpha2/zz_generated.deepcopy.go:408.63,410.2 1 0
github.com/wso2/apk/common-go-libs/apis/dp/v1alpha2/zz_generated.deepcopy.go:413.56,414.15 1 0
github.com/wso2/apk/common-go-libs/apis/dp/v1alpha2/zz_generated.deepcopy.go:414.15,416.3 1 0
github.com/wso2/apk/common-go-libs/apis/dp/v1alpha2/zz_generated.deepcopy.go:417.2,419.12 3 0
github.com/wso2/apk/common-go-libs/apis/dp/v1alpha2/zz_generated.deepcopy.go:423.53,425.33 2 0
github.com/wso2/apk/common-go-libs/apis/dp/v1alpha2/zz_generated.deepcopy.go:425.33,429.3 3 0
github.com/wso2/apk/common-go-libs/apis/dp/v1alpha2/zz_generated.deepcopy.go:430.2,430.25 1 0
github.com/wso2/apk/common-go-libs/apis/dp/v1alpha2/zz_generated.deepcopy.go:430.25,434.3 3 0
github.com/wso2/apk/common-go-libs/apis/dp/v1alpha2/zz_generated.deepcopy.go:435.2,435.28 1 0
github.com/wso2/apk/common-go-libs/apis/dp/v1alpha2/zz_generated.deepcopy.go:435.28,439.3 3 0
github.com/wso2/apk/common-go-libs/apis/dp/v1alpha2/zz_generated.deepcopy.go:443.46,444.15 1 0
github.com/wso2/apk/common-go-libs/apis/dp/v1alpha2/zz_generated.deepcopy.go:444.15,446.3 1 0
github.com/wso2/apk/common-go-libs/apis/dp/v1alpha2/zz_generated.deepcopy.go:447.2,449.12 3 0
github.com/wso2/apk/common-go-libs/apis/dp/v1alpha2/zz_generated.deepcopy.go:453.53,455.41 2 0
github.com/wso2/apk/common-go-libs/apis/dp/v1alpha2/zz_generated.deepcopy.go:455.41,459.3 3 0
github.com/wso2/apk/common-go-libs/apis/dp/v1alpha2/zz_generated.deepcopy.go:460.2,460.41 1 0
github.com/wso2/apk/common-go-libs/apis/dp/v1alpha2/zz_generated.deepcopy.go:460.41,464.3 3 0
github.com/wso2/apk/common-go-libs/apis/dp/v1alpha2/zz_generated.deepcopy.go:465.2,465.41 1 0
github.com/wso2/apk/common-go-libs/apis/dp/v1alpha2/zz_generated.deepcopy.go:465.41,469.3 3 0
github.com/wso2/apk/common-go-libs/apis/dp/v1alpha2/zz_generated.deepcopy.go:470.2,470.42 1 0
github.com/wso2/apk/common-go-libs/apis/dp/v1alpha2/zz_generated.deepcopy.go:470.42,474.3 3 0
github.com/wso2/apk/common-go-libs/apis/dp/v1alpha2/zz_generated.deepcopy.go:475.2,475.35 1 0
github.com/wso2/apk/common-go-libs/apis/dp/v1alpha2/zz_generated.deepcopy.go:475.35,479.3 3 0
github.com/wso2/apk/common-go-libs/apis/dp/v1alpha2/zz_generated.deepcopy.go:483.46,484.15 1 0
github.com/wso2/apk/common-go-libs/apis/dp/v1alpha2/zz_generated.deepcopy.go:484.15,486.3 1 0
github.com/wso2/apk/common-go-libs/apis/dp/v1alpha2/zz_generated.deepcopy.go:487.2,489.12 3 0
github.com/wso2/apk/common-go-libs/apis/dp/v1alpha2/zz_generated.deepcopy.go:493.57,495.2 1 0
github.com/wso2/apk/common-go-libs/apis/dp/v1alpha2/zz_generated.deepcopy.go:498.50,499.15 1 0
github.com/wso2/apk/common-go-libs/apis/dp/v1alpha2/zz_generated.deepcopy.go:499.15,501.3 1 0
github.com/wso2/apk/common-go-libs/apis/dp/v1alpha2/zz_generated.deepcopy.go:502.2,504.12 3 0
github.com/wso2/apk/common-go-libs/apis/dp/v1alpha2/zz_generated.deepcopy.go:508.65,510.30 2 0
github.com/wso2/apk/common-go-libs/apis/dp/v1alpha2/zz_generated.deepcopy.go:510.30,513.3 2 0
github.com/wso2/apk/common-go-libs/apis/dp/v1alpha2/zz_generated.deepcopy.go:514.2,514.22 1 0
github.com/wso2/apk/common-go-libs/apis/dp/v1alpha2/zz_generated.deepcopy.go:514.22,518.3 3 0
github.com/wso2/apk/common-go-libs/apis/dp/v1alpha2/zz_generated.deepcopy.go:522.58,523.15 1 0
github.com/wso2/apk/common-go-libs/apis/dp/v1alpha2/zz_generated.deepcopy.go:523.15,525.3 1 0
github.com/wso2/apk/common-go-libs/apis/dp/v1alpha2/zz_generated.deepcopy.go:526.2,528.12 3 0
github.com/wso2/apk/common-go-libs/apis/dp/v1alpha2/zz_generated.deepcopy.go:532.51,534.25 2 0
github.com/wso2/apk/common-go-libs/apis/dp/v1alpha2/zz_generated.deepcopy.go:534.25,538.3 3 0
github.com/wso2/apk/common-go-libs/apis/dp/v1alpha2/zz_generated.deepcopy.go:542.44,543.15 1 0
github.com/wso2/apk/common-go-libs/apis/dp/v1alpha2/zz_generated.deepcopy.go:543.15,545.3 1 0
github.com/wso2/apk/common-go-libs/apis/dp/v1alpha2/zz_generated.deepcopy.go:546.2,548.12 3 0
github.com/wso2/apk/common-go-libs/apis/dp/v1alpha2/zz_generated.deepcopy.go:552.49,558.2 5 0
github.com/wso2/apk/common-go-libs/apis/dp/v1alpha2/zz_generated.deepcopy.go:561.42,562.15 1 0
github.com/wso2/apk/common-go-libs/apis/dp/v1alpha2/zz_generated.deepcopy.go:562.15,564.3 1 0
github.com/wso2/apk/common-go-libs/apis/dp/v1alpha2/zz_generated.deepcopy.go:565.2,567.12 3 0
github.com/wso2/apk/common-go-libs/apis/dp/v1alpha2/zz_generated.deepcopy.go:571.53,572.34 1 0
github.com/wso2/apk/common-go-libs/apis/dp/v1alpha2/zz_generated.deepcopy.go:572.34,574.3 1 0
github.com/wso2/apk/common-go-libs/apis/dp/v1alpha2/zz_generated.deepcopy.go:575.2,575.12 1 0
github.com/wso2/apk/common-go-libs/apis/dp/v1alpha2/zz_generated.deepcopy.go:579.61,581.28 2 0
github.com/wso2/apk/common-go-libs/apis/dp/v1alpha2/zz_generated.deepcopy.go:581.28,585.3 3 0
github.com/wso2/apk/common-go-libs/apis/dp/v1alpha2/zz_generated.deepcopy.go:589.54,590.15 1 0
github.com/wso2/apk/common-go-libs/apis/dp/v1alpha2/zz_generated.deepcopy.go:590.15,592.3 1 0
github.com/wso2/apk/common-go-libs/apis/dp/v1alpha2/zz_generated.deepcopy.go:593.2,595.12 3 0
github.com/wso2/apk/common-go-libs/apis/dp/v1alpha2/zz_generated.deepcopy.go:599.57,603.21 4 0
github.com/wso2/apk/common-go-libs/apis/dp/v1alpha2/zz_generated.deepcopy.go:603.21,606.22 3 0
github.com/wso2/apk/common-go-libs/apis/dp/v1alpha2/zz_generated.deepcopy.go:606.22,608.4 1 0
github.com/wso2/apk/common-go-libs/apis/dp/v1alpha2/zz_generated.deepcopy.go:613.50,614.15 1 0
github.com/wso2/apk/common-go-libs/apis/dp/v1alpha2/zz_generated.deepcopy.go:614.15,616.3 1 0
github.com/wso2/apk/common-go-libs/apis/dp/v1alpha2/zz_generated.deepcopy.go:617.2,619.12 3 0
github.com/wso2/apk/common-go-libs/apis/dp/v1alpha2/zz_generated.deepcopy.go:623.57,624.34 1 0
github.com/wso2/apk/common-go-libs/apis/dp/v1alpha2/zz_generated.deepcopy.go:624.34,626.3 1 0
github.com/wso2/apk/common-go-libs/apis/dp/v1alpha2/zz_generated.deepcopy.go:627.2,627.12 1 0
github.com/wso2/apk/common-go-libs/apis/dp/v1alpha2/zz_generated.deepcopy.go:631.59,633.20 2 0
github.com/wso2/apk/common-go-libs/apis/dp/v1alpha2/zz_generated.deepcopy.go:633.20,637.3 3 0
github.com/wso2/apk/common-go-libs/apis/dp/v1alpha2/zz_generated.deepcopy.go:638.2,638.20 1 0
github.com/wso2/apk/common-go-libs/apis/dp/v1alpha2/zz_generated.deepcopy.go:638.20,642.3 3 0
github.com/wso2/apk/common-go-libs/apis/dp/v1alpha2/zz_generated.deepcopy.go:646.52,647.15 1 0
github.com/wso2/apk/common-go-libs/apis/dp/v1alpha2/zz_generated.deepcopy.go:647.15,649.3 1 0
github.com/wso2/apk/common-go-libs/apis/dp/v1alpha2/zz_generated.deepcopy.go:650.2,652.12 3 0
github.com/wso2/apk/common-go-libs/apis/dp/v1alpha2/zz_generated.deepcopy.go:656.59,658.23 2 0
github.com/wso2/apk/common-go-libs/apis/dp/v1alpha2/zz_generated.deepcopy.go:658.23,661.22 3 0
github.com/wso2/apk/common-go-libs/apis/dp/v1alpha2/zz_generated.deepcopy.go:661.22,663.4 1 0
github.com/wso2/apk/common-go-libs/apis/dp/v1alpha2/zz_generated.deepcopy.go:665.2,665.23 1 0
github.com/wso2/apk/common-go-libs/apis/dp/v1alpha2/zz_generated.deepcopy.go:665.23,668.22 3 0
github.com/wso2/apk/common-go-libs/apis/dp/v1alpha2/zz_generated.deepcopy.go:668.22,670.4 1 0
github.com/wso2/apk/common-go-libs/apis/dp/v1alpha2/zz_generated.deepcopy.go:675.52,676.15 1 0
github.com/wso2/apk/common-go-libs/apis/dp/v1alpha2/zz_generated.deepcopy.go:676.15,678.3 1 0
github.com/wso2/apk/common-go-libs/apis/dp/v1alpha2/zz_generated.deepcopy.go:679.2,681.12 3 0
github.com/wso2/apk/common-go-libs/apis/dp/v1alpha2/zz_generated.deepcopy.go:685.57,688.25 3 0
github.com/wso2/apk/common-go-libs/apis/dp/v1alpha2/zz_generated.deepcopy.go:688.25,692.3 3 0
github.com/wso2/apk/common-go-libs/apis/dp/v1alpha2/zz_generated.deepcopy.go:693.2,693.27 1 0
github.com/wso2/apk/common-go-libs/apis/dp/v1alpha2/zz_generated.deepcopy.go:693.27,696.22 3 0
github.com/wso2/apk/common-go-libs/apis/dp/v1alpha2/zz_generated.deepcopy.go:696.22,698.4 1 0
github.com/wso2/apk/common-go-libs/apis/dp/v1alpha2/zz_generated.deepcopy.go:700.2,700.21 1 0
github.com/wso2/apk/common-go-libs/apis/dp/v1alpha2/zz_generated.deepcopy.go:700.21,703.22 3 0
github.com/wso2/apk/common-go-libs/apis/dp/v1alpha2/zz_generated.deepcopy.go:703.22,705.4 1 0
github.com/wso2/apk/common-go-libs/apis/dp/v1alpha2/zz_generated.deepcopy.go:710.50,711.15 1 0
github.com/wso2/apk/common-go-libs/apis/dp/v1alpha2/zz_generated.deepcopy.go:711.15,713.3 1 0
github.com/wso2/apk/common-go-libs/apis/dp/v1alpha2/zz_generated.deepcopy.go:714.2,716.12 3 0
github.com/wso2/apk/common-go-libs/apis/dp/v1alpha2/zz_generated.deepcopy.go:720.61,722.2 1 0
github.com/wso2/apk/common-go-libs/apis/dp/v1alpha2/zz_generated.deepcopy.go:725.54,726.15 1 0
github.com/wso2/apk/common-go-libs/apis/dp/v1alpha2/zz_generated.deepcopy.go:726.15,728.3 1 0
github.com/wso2/apk/common-go-libs/apis/dp/v1alpha2/zz_generated.deepcopy.go:729.2,731.12 3 0
github.com/wso2/apk/common-go-libs/apis/dp/v1alpha2/zz_generated.deepcopy.go:735.73,737.2 1 0
github.com/wso2/apk/common-go-libs/apis/dp/v1alpha2/zz_generated.deepcopy.go:740.66,741.15 1 0
github.com/wso2/apk/common-go-libs/apis/dp/v1alpha2/zz_generated.deepcopy.go:741.15,743.3 1 0
github.com/wso2/apk/common-go-libs/apis/dp/v1alpha2/zz_generated.deepcopy.go:744.2,746.12 3 0
github.com/wso2/apk/common-go-libs/apis/dp/v1alpha2/zz_generated.deepcopy.go:750.41,752.19 2 0
github.com/wso2/apk/common-go-libs/apis/dp/v1alpha2/zz_generated.deepcopy.go:752.19,756.3 3 0
github.com/wso2/apk/common-go-libs/apis/dp/v1alpha2/zz_generated.deepcopy.go:760.34,761.15 1 0
github.com/wso2/apk/common-go-libs/apis/dp/v1alpha2/zz_generated.deepcopy.go:761.15,763.3 1 0
github.com/wso2/apk/common-go-libs/apis/dp/v1alpha2/zz_generated.deepcopy.go:764.2,766.12 3 0
github.com/wso2/apk/common-go-libs/apis/dp/v1alpha2/zz_generated.deepcopy.go:770.39,772.24 2 0
github.com/wso2/apk/common-go-libs/apis/dp/v1alpha2/zz_generated.deepcopy.go:772.24,776.3 3 0
github.com/wso2/apk/common-go-libs/apis/dp/v1alpha2/zz_generated.deepcopy.go:777.2,777.24 1 0
github.com/wso2/apk/common-go-libs/apis/dp/v1alpha2/zz_generated.deepcopy.go:777.24,781.3 3 0
github.com/wso2/apk/common-go-libs/apis/dp/v1alpha2/zz_generated.deepcopy.go:785.32,786.15 1 0
github.com/wso2/apk/common-go-libs/apis/dp/v1alpha2/zz_generated.deepcopy.go:786.15,788.3 1 0
github.com/wso2/apk/common-go-libs/apis/dp/v1alpha2/zz_generated.deepcopy.go:789.2,791.12 3 0
github.com/wso2/apk/common-go-libs/apis/dp/v1alpha2/zz_generated.deepcopy.go:795.51,797.34 2 0
github.com/wso2/apk/common-go-libs/apis/dp/v1alpha2/zz_generated.deepcopy.go:797.34,801.3 3 0
github.com/wso2/apk/common-go-libs/apis/dp/v1alpha2/zz_generated.deepcopy.go:805.44,806.15 1 0
github.com/wso2/apk/common-go-libs/apis/dp/v1alpha2/zz_generated.deepcopy.go:806.15,808.3 1 0
github.com/wso2/apk/common-go-libs/apis/dp/v1alpha2/zz_generated.deepcopy.go:809.2,811.12 3 0
github.com/wso2/apk/common-go-libs/apis/dp/v1alpha2/zz_generated.deepcopy.go:815.63,817.34 2 0
github.com/wso2/apk/common-go-libs/apis/dp/v1alpha2/zz_generated.deepcopy.go:817.34,820.22 3 0
github.com/wso2/apk/common-go-libs/apis/dp/v1alpha2/zz_generated.deepcopy.go:820.22,821.23 1 0
github.com/wso2/apk/common-go-libs/apis/dp/v1alpha2/zz_generated.deepcopy.go:821.23,825.5 3 0
github.com/wso2/apk/common-go-libs/apis/dp/v1alpha2/zz_generated.deepcopy.go:828.2,828.26 1 0
github.com/wso2/apk/common-go-libs/apis/dp/v1alpha2/zz_generated.deepcopy.go:828.26,831.22 3 0
github.com/wso2/apk/common-go-libs/apis/dp/v1alpha2/zz_generated.deepcopy.go:831.22,832.23 1 0
github.com/wso2/apk/common-go-libs/apis/dp/v1alpha2/zz_generated.deepcopy.go:832.23,836.5 3 0
github.com/wso2/apk/common-go-libs/apis/dp/v1alpha2/zz_generated.deepcopy.go:839.2,839.29 1 0
github.com/wso2/apk/common-go-libs/apis/dp/v1alpha2/zz_generated.deepcopy.go:839.29,842.22 3 0
github.com/wso2/apk/common-go-libs/apis/dp/v1alpha2/zz_generated.deepcopy.go:842.22,843.23 1 0
github.com/wso2/apk/common-go-libs/apis/dp/v1alpha2/zz_generated.deepcopy.go:843.23,847.5 3 0
github.com/wso2/apk/common-go-libs/apis/dp/v1alpha2/zz_generated.deepcopy.go:853.56,854.15 1 0
github.com/wso2/apk/common-go-libs/apis/dp/v1alpha2/zz_generated.deepcopy.go:854.15,856.3 1 0
github.com/wso2/apk/common-go-libs/apis/dp/v1alpha2/zz_generated.deepcopy.go:857.2,859.12 3 0
github.com/wso2/apk/common-go-libs/apis/dp/v1alpha2/zz_generated.deepcopy.go:863.53,865.2 1 0
github.com/wso2/apk/common-go-libs/apis/dp/v1alpha2/zz_generated.deepcopy.go:868.46,869.15 1 0
github.com/wso2/apk/common-go-libs/apis/dp/v1alpha2/zz_generated.deepcopy.go:869.15,871.3 1 0
github.com/wso2/apk/common-go-libs/apis/dp/v1alpha2/zz_generated.deepcopy.go:872.2,874.12 3 0
github.com/wso2/apk/common-go-libs/apis/dp/v1alpha2/zz_generated.deepcopy.go:878.53,880.35 2 0
github.com/wso2/apk/common-go-libs/apis/dp/v1alpha2/zz_generated.deepcopy.go:880.35,884.3 3 0
github.com/wso2/apk/common-go-libs/apis/dp/v1alpha2/zz_generated.deepcopy.go:885.2,885.36 1 0
github.com/wso2/apk/common-go-libs/apis/dp/v1alpha2/zz_generated.deepcopy.go:885.36,889.3 3 0
github.com/wso2/apk/common-go-libs/apis/dp/v1alpha2/zz_generated.deepcopy.go:890.2,890.32 1 0
github.com/wso2/apk/common-go-libs/apis/dp/v1alpha2/zz_generated.deepcopy.go:890.32,894.3 3 0
github.com/wso2/apk/common-go-libs/apis/dp/v1alpha2/zz_generated.deepcopy.go:895.2,895.26 1 0
github.com/wso2/apk/common-go-libs/apis/dp/v1alpha2/zz_generated.deepcopy.go:895.26,899.3 3 0
github.com/wso2/apk/common-go-libs/apis/dp/v1alpha2/zz_generated.deepcopy.go:903.46,904.15 1 0
github.com/wso2/apk/common-go-libs/apis/dp/v1alpha2/zz_generated.deepcopy.go:904.15,906.3 1 0
github.com/wso2/apk/common-go-libs/apis/dp/v1alpha2/zz_generated.deepcopy.go:907.2,909.12 3 0
github.com/wso2/apk/common-go-libs/apis/dp/v1alpha2/zz_generated.deepcopy.go:913.49,915.2 1 0
github.com/wso2/apk/common-go-libs/apis/dp/v1alpha2/zz_generated.deepcopy.go:918.42,919.15 1 0
github.com/wso2/apk/common-go-libs/apis/dp/v1alpha2/zz_generated.deepcopy.go:919.15,921.3 1 0
github.com/wso2/apk/common-go-libs/apis/dp/v1alpha2/zz_generated.deepcopy.go:922.2,924.12 3 0
github.com/wso2/apk/common-go-libs/apis/dp/v1alpha2/zz_generated.deepcopy.go:928.51,930.2 1 0
github.com/wso2/apk/common-go-libs/apis/dp/v1alpha2/zz_generated.deepcopy.go:933.44,934.15 1 0
github.com/wso2/apk/common-go-libs/apis/dp/v1alpha2/zz_generated.deepcopy.go:934.15,936.3 1 0
github.com/wso2/apk/common-go-libs/apis/dp/v1alpha2/zz_generated.deepcopy.go:937.2,939.12 3 0
github.com/wso2/apk/common-go-libs/apis/dp/v1alpha2/zz_generated.deepcopy.go:943.71,945.20 2 0
github.com/wso2/apk/common-go-libs/apis/dp/v1alpha2/zz_generated.deepcopy.go:945.20,949.3 3 0
github.com/wso2/apk/common-go-libs/apis/dp/v1alpha2/zz_generated.deepcopy.go:950.2,950.27 1 0
github.com/wso2/apk/common-go-libs/apis/dp/v1alpha2/zz_generated.deepcopy.go:950.27,954.3 3 0
github.com/wso2/apk/common-go-libs/apis/dp/v1alpha2/zz_generated.deepcopy.go:958.64,959.15 1 0
github.com/wso2/apk/common-go-libs/apis/dp/v1alpha2/zz_generated.deepcopy.go:959.15,961.3 1 0
github.com/wso2/apk/common-go-libs/apis/dp/v1alpha2/zz_generated.deepcopy.go:962.2,964.12 3 0
github.com/wso2/apk/common-go-libs/apis/dp/v1alpha2/zz_generated.deepcopy.go:968.55,974.2 5 0
github.com/wso2/apk/common-go-libs/apis/dp/v1alpha2/zz_generated.deepcopy.go:977.48,978.15 1 0
github.com/wso2/apk/common-go-libs/apis/dp/v1alpha2/zz_generated.deepcopy.go:978.15,980.3 1 0
github.com/wso2/apk/common-go-libs/apis/dp/v1alpha2/zz_generated.deepcopy.go:981.2,983.12 3 0
github.com/wso2/apk/common-go-libs/apis/dp/v1alpha2/zz_generated.deepcopy.go:987.56,988.34 1 0
github.com/wso2/apk/common-go-libs/apis/dp/v1alpha2/zz_generated.deepcopy.go:988.34,990.3 1 0
github.com/wso2/apk/common-go-libs/apis/dp/v1alpha2/zz_generated.deepcopy.go:991.2,991.12 1 0
github.com/wso2/apk/common-go-libs/apis/dp/v1alpha2/zz_generated.deepcopy.go:995.63,999.21 4 0
github.com/wso2/apk/common-go-libs/apis/dp/v1alpha2/zz_generated.deepcopy.go:999.21,1002.22 3 0
github.com/wso2/apk/common-go-libs/apis/dp/v1alpha2/zz_generated.deepcopy.go:1002.22,1004.4 1 0
github.com/wso2/apk/common-go-libs/apis/dp/v1alpha2/zz_generated.deepcopy.go:1009.56,1010.15 1 0
github.com/wso2/apk/common-go-libs/apis/dp/v1alpha2/zz_generated.deepcopy.go:1010.15,1012.3 1 0
github.com/wso2/apk/common-go-libs/apis/dp/v1alpha2/zz_generated.deepcopy.go:1013.2,1015.12 3 0
github.com/wso2/apk/common-go-libs/apis/dp/v1alpha2/zz_generated.deepcopy.go:1019.60,1020.34 1 0
github.com/wso2/apk/common-go-libs/apis/dp/v1alpha2/zz_generated.deepcopy.go:1020.34,1022.3 1 0
github.com/wso2/apk/common-go-libs/apis/dp/v1alpha2/zz_generated.deepcopy.go:1023.2,1023.12 1 0
github.com/wso2/apk/common-go-libs/apis/dp/v1alpha2/zz_generated.deepcopy.go:1027.63,1029.35 2 0
github.com/wso2/apk/common-go-libs/apis/dp/v1alpha2/zz_generated.deepcopy.go:1029.35,1033.3 3 0
github.com/wso2/apk/common-go-libs/apis/dp/v1alpha2/zz_generated.deepcopy.go:1034.2,1034.29 1 0
github.com/wso2/apk/common-go-libs/apis/dp/v1alpha2/zz_generated.deepcopy.go:1034.29,1037.18 3 0
github.com/wso2/apk/common-go-libs/apis/dp/v1alpha2/zz_generated.deepcopy.go:1037.18,1041.4 3 0
github.com/wso2/apk/common-go-libs/apis/dp/v1alpha2/zz_generated.deepcopy.go:1043.2,1043.25 1 0
github.com/wso2/apk/common-go-libs/apis/dp/v1alpha2/zz_generated.deepcopy.go:1043.25,1047.3 3 0
github.com/wso2/apk/common-go-libs/apis/dp/v1alpha2/zz_generated.deepcopy.go:1048.2,1048.28 1 0
github.com/wso2/apk/common-go-libs/apis/dp/v1alpha2/zz_generated.deepcopy.go:1048.28,1052.3 3 0
github.com/wso2/apk/common-go-libs/apis/dp/v1alpha2/zz_generated.deepcopy.go:1056.56,1057.15 1 0
github.com/wso2/apk/common-go-libs/apis/dp/v1alpha2/zz_generated.deepcopy.go:1057.15,1059.3 1 0
github.com/wso2/apk/common-go-libs/apis/dp/v1alpha2/zz_generated.deepcopy.go:1060.2,1062.12 3 0
github.com/wso2/apk/common-go-libs/apis/dp/v1alpha2/zz_generated.deepcopy.go:1066.67,1068.2 1 0
github.com/wso2/apk/common-go-libs/apis/dp/v1alpha2/zz_generated.deepcopy.go:1071.60,1072.15 1 0
github.com/wso2/apk/common-go-libs/apis/dp/v1alpha2/zz_generated.deepcopy.go:1072.15,1074.3 1 0
github.com/wso2/apk/common-go-libs/apis/dp/v1alpha2/zz_generated.deepcopy.go:1075.2,1077.12 3 0
github.com/wso2/apk/common-go-libs/controllers/dp/api_controller.go:50.95,56.2 2 0
github.com/wso2/apk/common-go-libs/controllers/dp/api_controller.go:59.66,63.2 1 0
