mode: atomic
github.com/Tharsanan1/mock-idp/cmd/main.go:29.13,31.17 2 0
github.com/Tharsanan1/mock-idp/cmd/main.go:31.17,34.3 2 0
github.com/Tharsanan1/mock-idp/cmd/main.go:50.13,52.55 2 0
github.com/Tharsanan1/mock-idp/cmd/main.go:52.55,55.23 2 0
github.com/Tharsanan1/mock-idp/cmd/main.go:55.23,56.23 1 0
github.com/Tharsanan1/mock-idp/cmd/main.go:59.9,60.23 2 0
github.com/Tharsanan1/mock-idp/cmd/main.go:60.23,61.23 1 0
github.com/Tharsanan1/mock-idp/cmd/main.go:63.9,63.60 1 0
github.com/Tharsanan1/mock-idp/cmd/main.go:64.11,67.23 2 0
github.com/Tharsanan1/mock-idp/cmd/main.go:67.23,68.23 1 0
github.com/Tharsanan1/mock-idp/cmd/main.go:70.9,70.53 1 0
github.com/Tharsanan1/mock-idp/cmd/main.go:77.2,84.71 6 0
github.com/Tharsanan1/mock-idp/cmd/main.go:87.60,91.60 4 0
github.com/Tharsanan1/mock-idp/cmd/main.go:91.60,94.3 2 0
github.com/Tharsanan1/mock-idp/cmd/main.go:97.59,98.33 1 0
github.com/Tharsanan1/mock-idp/cmd/main.go:98.33,101.3 2 0
github.com/Tharsanan1/mock-idp/cmd/main.go:103.2,103.38 1 0
github.com/Tharsanan1/mock-idp/cmd/main.go:103.38,106.3 2 0
github.com/Tharsanan1/mock-idp/cmd/main.go:108.2,119.52 11 0
github.com/Tharsanan1/mock-idp/cmd/main.go:119.52,120.47 1 0
github.com/Tharsanan1/mock-idp/cmd/main.go:120.47,122.4 1 0
github.com/Tharsanan1/mock-idp/cmd/main.go:126.2,126.23 1 0
github.com/Tharsanan1/mock-idp/cmd/main.go:127.28,128.39 1 0
github.com/Tharsanan1/mock-idp/cmd/main.go:129.18,130.30 1 0
github.com/Tharsanan1/mock-idp/cmd/main.go:131.28,132.39 1 0
github.com/Tharsanan1/mock-idp/cmd/main.go:133.23,134.34 1 0
github.com/Tharsanan1/mock-idp/cmd/main.go:135.10,136.65 1 0
github.com/Tharsanan1/mock-idp/cmd/main.go:140.76,154.16 5 0
github.com/Tharsanan1/mock-idp/cmd/main.go:154.16,157.3 2 0
github.com/Tharsanan1/mock-idp/cmd/main.go:159.2,165.33 3 0
github.com/Tharsanan1/mock-idp/cmd/main.go:168.67,169.46 1 0
github.com/Tharsanan1/mock-idp/cmd/main.go:169.46,172.3 2 0
github.com/Tharsanan1/mock-idp/cmd/main.go:173.2,184.16 5 0
github.com/Tharsanan1/mock-idp/cmd/main.go:184.16,187.3 2 0
github.com/Tharsanan1/mock-idp/cmd/main.go:188.2,194.33 3 0
github.com/Tharsanan1/mock-idp/cmd/main.go:197.76,198.45 1 0
github.com/Tharsanan1/mock-idp/cmd/main.go:198.45,201.3 2 0
github.com/Tharsanan1/mock-idp/cmd/main.go:203.2,214.16 5 0
github.com/Tharsanan1/mock-idp/cmd/main.go:214.16,217.3 2 0
github.com/Tharsanan1/mock-idp/cmd/main.go:218.2,226.33 3 0
github.com/Tharsanan1/mock-idp/cmd/main.go:229.71,230.28 1 0
github.com/Tharsanan1/mock-idp/cmd/main.go:230.28,233.3 2 0
github.com/Tharsanan1/mock-idp/cmd/main.go:235.2,246.16 5 0
github.com/Tharsanan1/mock-idp/cmd/main.go:246.16,249.3 2 0
github.com/Tharsanan1/mock-idp/cmd/main.go:250.2,257.33 3 0
github.com/Tharsanan1/mock-idp/cmd/main.go:262.58,281.2 6 0
github.com/Tharsanan1/mock-idp/cmd/main.go:293.63,298.2 1 0
github.com/Tharsanan1/mock-idp/cmd/main.go:300.59,304.25 4 0
github.com/Tharsanan1/mock-idp/cmd/main.go:304.25,307.3 2 0
github.com/Tharsanan1/mock-idp/cmd/main.go:308.2,308.15 1 0
github.com/Tharsanan1/mock-idp/cmd/main.go:312.71,320.2 4 0
github.com/Tharsanan1/mock-idp/cmd/main.go:323.71,325.19 2 0
github.com/Tharsanan1/mock-idp/cmd/main.go:325.19,327.6 1 0
github.com/Tharsanan1/mock-idp/cmd/main.go:328.5,329.56 2 0
github.com/Tharsanan1/mock-idp/cmd/main.go:329.56,331.6 1 0
github.com/Tharsanan1/mock-idp/cmd/main.go:332.5,332.50 1 0
