mode: atomic
github.com/wso2/apk/common-controller/internal/operator/controller/ratelimitpolicy_controller.go:65.98,71.45 3 0
github.com/wso2/apk/common-controller/internal/operator/controller/ratelimitpolicy_controller.go:76.2,77.16 2 0
github.com/wso2/apk/common-controller/internal/operator/controller/ratelimitpolicy_controller.go:82.2,83.91 1 0
github.com/wso2/apk/common-controller/internal/operator/controller/ratelimitpolicy_controller.go:88.2,89.97 1 0
github.com/wso2/apk/common-controller/internal/operator/controller/ratelimitpolicy_controller.go:94.2,94.119 1 0
github.com/wso2/apk/common-controller/internal/operator/controller/ratelimitpolicy_controller.go:99.2,100.12 2 0
github.com/wso2/apk/common-controller/internal/operator/controller/ratelimitpolicy_controller.go:71.45,74.3 2 0
github.com/wso2/apk/common-controller/internal/operator/controller/ratelimitpolicy_controller.go:77.16,80.3 2 0
github.com/wso2/apk/common-controller/internal/operator/controller/ratelimitpolicy_controller.go:83.91,86.3 2 0
github.com/wso2/apk/common-controller/internal/operator/controller/ratelimitpolicy_controller.go:89.97,92.3 2 0
github.com/wso2/apk/common-controller/internal/operator/controller/ratelimitpolicy_controller.go:94.119,97.3 2 0
github.com/wso2/apk/common-controller/internal/operator/controller/ratelimitpolicy_controller.go:116.125,125.92 6 0
github.com/wso2/apk/common-controller/internal/operator/controller/ratelimitpolicy_controller.go:138.2,141.18 4 0
github.com/wso2/apk/common-controller/internal/operator/controller/ratelimitpolicy_controller.go:145.2,149.27 4 0
github.com/wso2/apk/common-controller/internal/operator/controller/ratelimitpolicy_controller.go:125.92,128.39 2 0
github.com/wso2/apk/common-controller/internal/operator/controller/ratelimitpolicy_controller.go:136.3,136.28 1 0
github.com/wso2/apk/common-controller/internal/operator/controller/ratelimitpolicy_controller.go:128.39,135.4 6 0
github.com/wso2/apk/common-controller/internal/operator/controller/ratelimitpolicy_controller.go:141.18,144.3 2 0
github.com/wso2/apk/common-controller/internal/operator/controller/ratelimitpolicy_controller.go:152.115,155.9 3 0
github.com/wso2/apk/common-controller/internal/operator/controller/ratelimitpolicy_controller.go:160.2,165.17 3 0
github.com/wso2/apk/common-controller/internal/operator/controller/ratelimitpolicy_controller.go:170.2,170.60 1 0
github.com/wso2/apk/common-controller/internal/operator/controller/ratelimitpolicy_controller.go:174.2,174.17 1 0
github.com/wso2/apk/common-controller/internal/operator/controller/ratelimitpolicy_controller.go:155.9,158.3 2 0
github.com/wso2/apk/common-controller/internal/operator/controller/ratelimitpolicy_controller.go:165.17,168.3 2 0
github.com/wso2/apk/common-controller/internal/operator/controller/ratelimitpolicy_controller.go:170.60,172.3 1 0
github.com/wso2/apk/common-controller/internal/operator/controller/ratelimitpolicy_controller.go:177.121,180.9 3 0
github.com/wso2/apk/common-controller/internal/operator/controller/ratelimitpolicy_controller.go:185.2,190.17 3 0
github.com/wso2/apk/common-controller/internal/operator/controller/ratelimitpolicy_controller.go:195.2,195.60 1 0
github.com/wso2/apk/common-controller/internal/operator/controller/ratelimitpolicy_controller.go:199.2,199.17 1 0
github.com/wso2/apk/common-controller/internal/operator/controller/ratelimitpolicy_controller.go:180.9,183.3 2 0
github.com/wso2/apk/common-controller/internal/operator/controller/ratelimitpolicy_controller.go:190.17,193.3 2 0
github.com/wso2/apk/common-controller/internal/operator/controller/ratelimitpolicy_controller.go:195.60,197.3 1 0
github.com/wso2/apk/common-controller/internal/operator/controller/ratelimitpolicy_controller.go:203.116,205.9 2 0
github.com/wso2/apk/common-controller/internal/operator/controller/ratelimitpolicy_controller.go:210.2,210.65 1 0
github.com/wso2/apk/common-controller/internal/operator/controller/ratelimitpolicy_controller.go:214.2,220.4 1 0
github.com/wso2/apk/common-controller/internal/operator/controller/ratelimitpolicy_controller.go:205.9,208.3 2 0
github.com/wso2/apk/common-controller/internal/operator/controller/ratelimitpolicy_controller.go:210.65,212.3 1 0
github.com/wso2/apk/common-controller/internal/operator/controller/ratelimitpolicy_controller.go:224.95,231.62 5 0
github.com/wso2/apk/common-controller/internal/operator/controller/ratelimitpolicy_controller.go:280.2,280.67 1 0
github.com/wso2/apk/common-controller/internal/operator/controller/ratelimitpolicy_controller.go:350.2,350.32 1 0
github.com/wso2/apk/common-controller/internal/operator/controller/ratelimitpolicy_controller.go:231.62,235.22 1 0
github.com/wso2/apk/common-controller/internal/operator/controller/ratelimitpolicy_controller.go:240.3,243.35 4 0
github.com/wso2/apk/common-controller/internal/operator/controller/ratelimitpolicy_controller.go:258.3,258.32 1 0
github.com/wso2/apk/common-controller/internal/operator/controller/ratelimitpolicy_controller.go:271.3,276.53 6 0
github.com/wso2/apk/common-controller/internal/operator/controller/ratelimitpolicy_controller.go:235.22,238.4 2 0
github.com/wso2/apk/common-controller/internal/operator/controller/ratelimitpolicy_controller.go:243.35,244.61 1 0
github.com/wso2/apk/common-controller/internal/operator/controller/ratelimitpolicy_controller.go:244.61,245.18 1 0
github.com/wso2/apk/common-controller/internal/operator/controller/ratelimitpolicy_controller.go:245.18,249.31 1 0
github.com/wso2/apk/common-controller/internal/operator/controller/ratelimitpolicy_controller.go:252.6,252.56 1 0
github.com/wso2/apk/common-controller/internal/operator/controller/ratelimitpolicy_controller.go:249.31,251.7 1 0
github.com/wso2/apk/common-controller/internal/operator/controller/ratelimitpolicy_controller.go:252.56,254.7 1 0
github.com/wso2/apk/common-controller/internal/operator/controller/ratelimitpolicy_controller.go:258.32,259.58 1 0
github.com/wso2/apk/common-controller/internal/operator/controller/ratelimitpolicy_controller.go:259.58,260.18 1 0
github.com/wso2/apk/common-controller/internal/operator/controller/ratelimitpolicy_controller.go:260.18,265.56 2 0
github.com/wso2/apk/common-controller/internal/operator/controller/ratelimitpolicy_controller.go:265.56,267.7 1 0
github.com/wso2/apk/common-controller/internal/operator/controller/ratelimitpolicy_controller.go:280.67,288.35 5 0
github.com/wso2/apk/common-controller/internal/operator/controller/ratelimitpolicy_controller.go:315.3,315.32 1 0
github.com/wso2/apk/common-controller/internal/operator/controller/ratelimitpolicy_controller.go:342.3,348.78 7 0
github.com/wso2/apk/common-controller/internal/operator/controller/ratelimitpolicy_controller.go:288.35,289.61 1 0
github.com/wso2/apk/common-controller/internal/operator/controller/ratelimitpolicy_controller.go:289.61,290.18 1 0
github.com/wso2/apk/common-controller/internal/operator/controller/ratelimitpolicy_controller.go:290.18,295.48 2 0
github.com/wso2/apk/common-controller/internal/operator/controller/ratelimitpolicy_controller.go:295.48,296.43 1 0
github.com/wso2/apk/common-controller/internal/operator/controller/ratelimitpolicy_controller.go:296.43,297.38 1 0
github.com/wso2/apk/common-controller/internal/operator/controller/ratelimitpolicy_controller.go:297.38,298.70 1 0
github.com/wso2/apk/common-controller/internal/operator/controller/ratelimitpolicy_controller.go:305.9,305.59 1 0
github.com/wso2/apk/common-controller/internal/operator/controller/ratelimitpolicy_controller.go:298.70,304.10 5 0
github.com/wso2/apk/common-controller/internal/operator/controller/ratelimitpolicy_controller.go:305.59,307.10 1 0
github.com/wso2/apk/common-controller/internal/operator/controller/ratelimitpolicy_controller.go:315.32,316.58 1 0
github.com/wso2/apk/common-controller/internal/operator/controller/ratelimitpolicy_controller.go:316.58,317.18 1 0
github.com/wso2/apk/common-controller/internal/operator/controller/ratelimitpolicy_controller.go:317.18,322.48 2 0
github.com/wso2/apk/common-controller/internal/operator/controller/ratelimitpolicy_controller.go:322.48,323.43 1 0
github.com/wso2/apk/common-controller/internal/operator/controller/ratelimitpolicy_controller.go:323.43,324.38 1 0
github.com/wso2/apk/common-controller/internal/operator/controller/ratelimitpolicy_controller.go:324.38,325.70 1 0
github.com/wso2/apk/common-controller/internal/operator/controller/ratelimitpolicy_controller.go:332.9,332.59 1 0
github.com/wso2/apk/common-controller/internal/operator/controller/ratelimitpolicy_controller.go:325.70,331.10 5 0
github.com/wso2/apk/common-controller/internal/operator/controller/ratelimitpolicy_controller.go:332.59,334.10 1 0
github.com/wso2/apk/common-controller/internal/operator/controller/ratelimitpolicy_controller.go:353.65,355.41 1 0
github.com/wso2/apk/common-controller/internal/operator/controller/ratelimitpolicy_controller.go:373.2,374.41 1 0
github.com/wso2/apk/common-controller/internal/operator/controller/ratelimitpolicy_controller.go:389.2,389.12 1 0
github.com/wso2/apk/common-controller/internal/operator/controller/ratelimitpolicy_controller.go:355.41,358.69 3 0
github.com/wso2/apk/common-controller/internal/operator/controller/ratelimitpolicy_controller.go:367.4,367.15 1 0
github.com/wso2/apk/common-controller/internal/operator/controller/ratelimitpolicy_controller.go:358.69,366.5 1 0
github.com/wso2/apk/common-controller/internal/operator/controller/ratelimitpolicy_controller.go:368.18,370.3 1 0
github.com/wso2/apk/common-controller/internal/operator/controller/ratelimitpolicy_controller.go:374.41,377.64 3 0
github.com/wso2/apk/common-controller/internal/operator/controller/ratelimitpolicy_controller.go:386.4,387.15 2 0
github.com/wso2/apk/common-controller/internal/operator/controller/ratelimitpolicy_controller.go:377.64,385.5 1 0
github.com/wso2/apk/common-controller/internal/operator/controller/ratelimitpolicy_controller.go:393.61,398.2 1 0
github.com/wso2/apk/common-controller/internal/operator/controller/ratelimitpolicy_controller.go:401.83,402.42 1 0
github.com/wso2/apk/common-controller/internal/operator/controller/ratelimitpolicy_controller.go:405.2,405.25 1 0
github.com/wso2/apk/common-controller/internal/operator/controller/ratelimitpolicy_controller.go:402.42,404.3 1 0
github.com/wso2/apk/common-controller/internal/operator/controller/ratelimitpolicy_controller.go:411.78,412.41 1 0
github.com/wso2/apk/common-controller/internal/operator/controller/ratelimitpolicy_controller.go:412.41,413.24 1 0
github.com/wso2/apk/common-controller/internal/operator/controller/ratelimitpolicy_controller.go:416.3,416.70 1 0
github.com/wso2/apk/common-controller/internal/operator/controller/ratelimitpolicy_controller.go:413.24,415.4 1 0
github.com/wso2/apk/common-controller/internal/operator/controller/ratelimitpolicy_controller.go:421.39,424.2 1 0
github.com/wso2/apk/common-controller/internal/operator/controller/ratelimitpolicy_controller.go:427.96,431.2 1 0
