mode: atomic
github.com/wso2/apk/common-controller/internal/operator/api/v1alpha1/backendjwt_webhook.go:34.70,38.2 1 0
github.com/wso2/apk/common-controller/internal/operator/api/v1alpha1/backendjwt_webhook.go:47.33,49.2 0 0
github.com/wso2/apk/common-controller/internal/operator/api/v1alpha1/backendjwt_webhook.go:57.67,60.2 1 0
github.com/wso2/apk/common-controller/internal/operator/api/v1alpha1/backendjwt_webhook.go:63.85,66.2 1 0
github.com/wso2/apk/common-controller/internal/operator/api/v1alpha1/backendjwt_webhook.go:68.48,71.31 3 0
github.com/wso2/apk/common-controller/internal/operator/api/v1alpha1/backendjwt_webhook.go:97.2,97.22 1 0
github.com/wso2/apk/common-controller/internal/operator/api/v1alpha1/backendjwt_webhook.go:102.2,102.12 1 0
github.com/wso2/apk/common-controller/internal/operator/api/v1alpha1/backendjwt_webhook.go:71.31,73.18 2 0
github.com/wso2/apk/common-controller/internal/operator/api/v1alpha1/backendjwt_webhook.go:74.14,75.55 1 0
github.com/wso2/apk/common-controller/internal/operator/api/v1alpha1/backendjwt_webhook.go:78.16,79.65 1 0
github.com/wso2/apk/common-controller/internal/operator/api/v1alpha1/backendjwt_webhook.go:82.15,83.60 1 0
github.com/wso2/apk/common-controller/internal/operator/api/v1alpha1/backendjwt_webhook.go:86.15,87.67 1 0
github.com/wso2/apk/common-controller/internal/operator/api/v1alpha1/backendjwt_webhook.go:90.15,91.67 1 0
github.com/wso2/apk/common-controller/internal/operator/api/v1alpha1/backendjwt_webhook.go:75.55,77.5 1 0
github.com/wso2/apk/common-controller/internal/operator/api/v1alpha1/backendjwt_webhook.go:79.65,81.5 1 0
github.com/wso2/apk/common-controller/internal/operator/api/v1alpha1/backendjwt_webhook.go:83.60,85.5 1 0
github.com/wso2/apk/common-controller/internal/operator/api/v1alpha1/backendjwt_webhook.go:87.67,89.5 1 0
github.com/wso2/apk/common-controller/internal/operator/api/v1alpha1/backendjwt_webhook.go:91.67,93.5 1 0
github.com/wso2/apk/common-controller/internal/operator/api/v1alpha1/backendjwt_webhook.go:97.22,101.3 1 0
github.com/wso2/apk/common-controller/internal/operator/api/v1alpha1/backendjwt_webhook.go:106.67,109.2 1 0
github.com/wso2/apk/common-controller/internal/operator/api/v1alpha1/api_types.go:194.13,196.2 1 1
github.com/wso2/apk/common-controller/internal/operator/api/v1alpha1/api_webhook.go:43.63,48.2 2 0
github.com/wso2/apk/common-controller/internal/operator/api/v1alpha1/api_webhook.go:57.26,59.2 0 0
github.com/wso2/apk/common-controller/internal/operator/api/v1alpha1/api_webhook.go:67.60,69.2 1 0
github.com/wso2/apk/common-controller/internal/operator/api/v1alpha1/api_webhook.go:72.78,74.2 1 0
github.com/wso2/apk/common-controller/internal/operator/api/v1alpha1/api_webhook.go:77.60,81.2 1 0
github.com/wso2/apk/common-controller/internal/operator/api/v1alpha1/api_webhook.go:84.35,88.25 4 0
github.com/wso2/apk/common-controller/internal/operator/api/v1alpha1/api_webhook.go:95.2,95.26 1 0
github.com/wso2/apk/common-controller/internal/operator/api/v1alpha1/api_webhook.go:104.2,104.31 1 0
github.com/wso2/apk/common-controller/internal/operator/api/v1alpha1/api_webhook.go:108.2,108.243 1 0
github.com/wso2/apk/common-controller/internal/operator/api/v1alpha1/api_webhook.go:113.2,114.32 2 0
github.com/wso2/apk/common-controller/internal/operator/api/v1alpha1/api_webhook.go:117.2,117.29 1 0
github.com/wso2/apk/common-controller/internal/operator/api/v1alpha1/api_webhook.go:121.2,121.43 1 0
github.com/wso2/apk/common-controller/internal/operator/api/v1alpha1/api_webhook.go:126.2,126.43 1 0
github.com/wso2/apk/common-controller/internal/operator/api/v1alpha1/api_webhook.go:131.2,131.22 1 0
github.com/wso2/apk/common-controller/internal/operator/api/v1alpha1/api_webhook.go:136.2,136.12 1 0
github.com/wso2/apk/common-controller/internal/operator/api/v1alpha1/api_webhook.go:88.25,89.48 1 0
github.com/wso2/apk/common-controller/internal/operator/api/v1alpha1/api_webhook.go:89.48,92.4 2 0
github.com/wso2/apk/common-controller/internal/operator/api/v1alpha1/api_webhook.go:95.26,97.3 1 0
github.com/wso2/apk/common-controller/internal/operator/api/v1alpha1/api_webhook.go:97.8,97.96 1 0
github.com/wso2/apk/common-controller/internal/operator/api/v1alpha1/api_webhook.go:97.96,99.3 1 0
github.com/wso2/apk/common-controller/internal/operator/api/v1alpha1/api_webhook.go:99.8,99.77 1 0
github.com/wso2/apk/common-controller/internal/operator/api/v1alpha1/api_webhook.go:99.77,101.3 1 0
github.com/wso2/apk/common-controller/internal/operator/api/v1alpha1/api_webhook.go:104.31,106.3 1 0
github.com/wso2/apk/common-controller/internal/operator/api/v1alpha1/api_webhook.go:108.243,111.3 1 0
github.com/wso2/apk/common-controller/internal/operator/api/v1alpha1/api_webhook.go:114.32,116.3 1 0
github.com/wso2/apk/common-controller/internal/operator/api/v1alpha1/api_webhook.go:117.29,119.3 1 0
github.com/wso2/apk/common-controller/internal/operator/api/v1alpha1/api_webhook.go:121.43,124.3 1 0
github.com/wso2/apk/common-controller/internal/operator/api/v1alpha1/api_webhook.go:126.43,129.3 1 0
github.com/wso2/apk/common-controller/internal/operator/api/v1alpha1/api_webhook.go:131.22,135.3 1 0
github.com/wso2/apk/common-controller/internal/operator/api/v1alpha1/api_webhook.go:139.51,140.30 1 0
github.com/wso2/apk/common-controller/internal/operator/api/v1alpha1/api_webhook.go:145.2,145.14 1 0
github.com/wso2/apk/common-controller/internal/operator/api/v1alpha1/api_webhook.go:140.30,141.16 1 0
github.com/wso2/apk/common-controller/internal/operator/api/v1alpha1/api_webhook.go:141.16,143.4 1 0
github.com/wso2/apk/common-controller/internal/operator/api/v1alpha1/api_webhook.go:148.72,151.16 2 0
github.com/wso2/apk/common-controller/internal/operator/api/v1alpha1/api_webhook.go:156.2,157.30 2 0
github.com/wso2/apk/common-controller/internal/operator/api/v1alpha1/api_webhook.go:190.2,190.12 1 0
github.com/wso2/apk/common-controller/internal/operator/api/v1alpha1/api_webhook.go:151.16,155.3 1 0
github.com/wso2/apk/common-controller/internal/operator/api/v1alpha1/api_webhook.go:157.30,159.68 1 0
github.com/wso2/apk/common-controller/internal/operator/api/v1alpha1/api_webhook.go:159.68,160.90 1 0
github.com/wso2/apk/common-controller/internal/operator/api/v1alpha1/api_webhook.go:167.4,167.31 1 0
github.com/wso2/apk/common-controller/internal/operator/api/v1alpha1/api_webhook.go:160.90,166.5 1 0
github.com/wso2/apk/common-controller/internal/operator/api/v1alpha1/api_webhook.go:167.31,170.34 3 0
github.com/wso2/apk/common-controller/internal/operator/api/v1alpha1/api_webhook.go:180.5,180.71 1 0
github.com/wso2/apk/common-controller/internal/operator/api/v1alpha1/api_webhook.go:170.34,171.75 1 0
github.com/wso2/apk/common-controller/internal/operator/api/v1alpha1/api_webhook.go:171.75,177.7 1 0
github.com/wso2/apk/common-controller/internal/operator/api/v1alpha1/api_webhook.go:180.71,186.6 1 0
github.com/wso2/apk/common-controller/internal/operator/api/v1alpha1/api_webhook.go:193.39,198.23 5 0
github.com/wso2/apk/common-controller/internal/operator/api/v1alpha1/api_webhook.go:216.2,216.18 1 0
github.com/wso2/apk/common-controller/internal/operator/api/v1alpha1/api_webhook.go:198.23,200.69 2 0
github.com/wso2/apk/common-controller/internal/operator/api/v1alpha1/api_webhook.go:204.3,205.34 2 0
github.com/wso2/apk/common-controller/internal/operator/api/v1alpha1/api_webhook.go:200.69,203.4 1 0
github.com/wso2/apk/common-controller/internal/operator/api/v1alpha1/api_webhook.go:206.8,207.40 1 0
github.com/wso2/apk/common-controller/internal/operator/api/v1alpha1/api_webhook.go:207.40,209.90 2 0
github.com/wso2/apk/common-controller/internal/operator/api/v1alpha1/api_webhook.go:213.4,213.41 1 0
github.com/wso2/apk/common-controller/internal/operator/api/v1alpha1/api_webhook.go:209.90,212.5 1 0
github.com/wso2/apk/common-controller/internal/operator/api/v1alpha1/api_webhook.go:219.73,220.49 1 1
github.com/wso2/apk/common-controller/internal/operator/api/v1alpha1/api_webhook.go:223.2,223.11 1 0
github.com/wso2/apk/common-controller/internal/operator/api/v1alpha1/api_webhook.go:220.49,222.3 1 1
github.com/wso2/apk/common-controller/internal/operator/api/v1alpha1/api_webhook.go:227.54,229.21 2 0
github.com/wso2/apk/common-controller/internal/operator/api/v1alpha1/api_webhook.go:232.2,232.16 1 0
github.com/wso2/apk/common-controller/internal/operator/api/v1alpha1/api_webhook.go:229.21,231.3 1 0
github.com/wso2/apk/common-controller/internal/operator/api/v1alpha1/apipolicy_webhook.go:33.69,37.2 1 0
github.com/wso2/apk/common-controller/internal/operator/api/v1alpha1/apipolicy_webhook.go:46.32,46.33 0 0
github.com/wso2/apk/common-controller/internal/operator/api/v1alpha1/apipolicy_webhook.go:54.66,56.2 1 0
github.com/wso2/apk/common-controller/internal/operator/api/v1alpha1/apipolicy_webhook.go:59.84,61.2 1 0
github.com/wso2/apk/common-controller/internal/operator/api/v1alpha1/apipolicy_webhook.go:64.44,67.33 2 0
github.com/wso2/apk/common-controller/internal/operator/api/v1alpha1/apipolicy_webhook.go:70.2,71.51 1 0
github.com/wso2/apk/common-controller/internal/operator/api/v1alpha1/apipolicy_webhook.go:75.2,75.107 1 0
github.com/wso2/apk/common-controller/internal/operator/api/v1alpha1/apipolicy_webhook.go:79.2,79.22 1 0
github.com/wso2/apk/common-controller/internal/operator/api/v1alpha1/apipolicy_webhook.go:84.2,84.12 1 0
github.com/wso2/apk/common-controller/internal/operator/api/v1alpha1/apipolicy_webhook.go:67.33,69.3 1 0
github.com/wso2/apk/common-controller/internal/operator/api/v1alpha1/apipolicy_webhook.go:71.51,74.3 1 0
github.com/wso2/apk/common-controller/internal/operator/api/v1alpha1/apipolicy_webhook.go:75.107,78.3 1 0
github.com/wso2/apk/common-controller/internal/operator/api/v1alpha1/apipolicy_webhook.go:79.22,83.3 1 0
github.com/wso2/apk/common-controller/internal/operator/api/v1alpha1/apipolicy_webhook.go:88.66,91.2 1 0
github.com/wso2/apk/common-controller/internal/operator/api/v1alpha1/backendjwt_types.go:109.13,111.2 1 1
github.com/wso2/apk/common-controller/internal/operator/api/v1alpha1/ratelimitpolicy_webhook.go:33.75,37.2 1 0
github.com/wso2/apk/common-controller/internal/operator/api/v1alpha1/ratelimitpolicy_webhook.go:46.38,48.2 0 0
github.com/wso2/apk/common-controller/internal/operator/api/v1alpha1/ratelimitpolicy_webhook.go:56.72,60.2 1 0
github.com/wso2/apk/common-controller/internal/operator/api/v1alpha1/ratelimitpolicy_webhook.go:63.90,67.2 1 0
github.com/wso2/apk/common-controller/internal/operator/api/v1alpha1/ratelimitpolicy_webhook.go:70.72,74.2 1 0
github.com/wso2/apk/common-controller/internal/operator/api/v1alpha1/ratelimitpolicy_webhook.go:77.52,79.33 2 0
github.com/wso2/apk/common-controller/internal/operator/api/v1alpha1/ratelimitpolicy_webhook.go:83.2,84.51 1 0
github.com/wso2/apk/common-controller/internal/operator/api/v1alpha1/ratelimitpolicy_webhook.go:88.2,88.107 1 0
github.com/wso2/apk/common-controller/internal/operator/api/v1alpha1/ratelimitpolicy_webhook.go:93.2,93.22 1 0
github.com/wso2/apk/common-controller/internal/operator/api/v1alpha1/ratelimitpolicy_webhook.go:98.2,98.12 1 0
github.com/wso2/apk/common-controller/internal/operator/api/v1alpha1/ratelimitpolicy_webhook.go:79.33,82.3 1 0
github.com/wso2/apk/common-controller/internal/operator/api/v1alpha1/ratelimitpolicy_webhook.go:84.51,87.3 1 0
github.com/wso2/apk/common-controller/internal/operator/api/v1alpha1/ratelimitpolicy_webhook.go:88.107,91.3 1 0
github.com/wso2/apk/common-controller/internal/operator/api/v1alpha1/ratelimitpolicy_webhook.go:93.22,97.3 1 0
github.com/wso2/apk/common-controller/internal/operator/api/v1alpha1/zz_generated.deepcopy.go:30.39,36.2 5 0
github.com/wso2/apk/common-controller/internal/operator/api/v1alpha1/zz_generated.deepcopy.go:39.32,40.15 1 0
github.com/wso2/apk/common-controller/internal/operator/api/v1alpha1/zz_generated.deepcopy.go:43.2,45.12 3 0
github.com/wso2/apk/common-controller/internal/operator/api/v1alpha1/zz_generated.deepcopy.go:40.15,42.3 1 0
github.com/wso2/apk/common-controller/internal/operator/api/v1alpha1/zz_generated.deepcopy.go:49.48,50.34 1 0
github.com/wso2/apk/common-controller/internal/operator/api/v1alpha1/zz_generated.deepcopy.go:53.2,53.12 1 0
github.com/wso2/apk/common-controller/internal/operator/api/v1alpha1/zz_generated.deepcopy.go:50.34,52.3 1 0
github.com/wso2/apk/common-controller/internal/operator/api/v1alpha1/zz_generated.deepcopy.go:57.47,61.21 4 0
github.com/wso2/apk/common-controller/internal/operator/api/v1alpha1/zz_generated.deepcopy.go:61.21,64.22 3 0
github.com/wso2/apk/common-controller/internal/operator/api/v1alpha1/zz_generated.deepcopy.go:64.22,66.4 1 0
github.com/wso2/apk/common-controller/internal/operator/api/v1alpha1/zz_generated.deepcopy.go:71.40,72.15 1 0
github.com/wso2/apk/common-controller/internal/operator/api/v1alpha1/zz_generated.deepcopy.go:75.2,77.12 3 0
github.com/wso2/apk/common-controller/internal/operator/api/v1alpha1/zz_generated.deepcopy.go:72.15,74.3 1 0
github.com/wso2/apk/common-controller/internal/operator/api/v1alpha1/zz_generated.deepcopy.go:81.52,82.34 1 0
github.com/wso2/apk/common-controller/internal/operator/api/v1alpha1/zz_generated.deepcopy.go:85.2,85.12 1 0
github.com/wso2/apk/common-controller/internal/operator/api/v1alpha1/zz_generated.deepcopy.go:82.34,84.3 1 0
github.com/wso2/apk/common-controller/internal/operator/api/v1alpha1/zz_generated.deepcopy.go:89.51,95.2 5 0
github.com/wso2/apk/common-controller/internal/operator/api/v1alpha1/zz_generated.deepcopy.go:98.44,99.15 1 0
github.com/wso2/apk/common-controller/internal/operator/api/v1alpha1/zz_generated.deepcopy.go:102.2,104.12 3 0
github.com/wso2/apk/common-controller/internal/operator/api/v1alpha1/zz_generated.deepcopy.go:99.15,101.3 1 0
github.com/wso2/apk/common-controller/internal/operator/api/v1alpha1/zz_generated.deepcopy.go:108.54,109.34 1 0
github.com/wso2/apk/common-controller/internal/operator/api/v1alpha1/zz_generated.deepcopy.go:112.2,112.12 1 0
github.com/wso2/apk/common-controller/internal/operator/api/v1alpha1/zz_generated.deepcopy.go:109.34,111.3 1 0
github.com/wso2/apk/common-controller/internal/operator/api/v1alpha1/zz_generated.deepcopy.go:116.59,120.21 4 0
github.com/wso2/apk/common-controller/internal/operator/api/v1alpha1/zz_generated.deepcopy.go:120.21,123.22 3 0
github.com/wso2/apk/common-controller/internal/operator/api/v1alpha1/zz_generated.deepcopy.go:123.22,125.4 1 0
github.com/wso2/apk/common-controller/internal/operator/api/v1alpha1/zz_generated.deepcopy.go:130.52,131.15 1 0
github.com/wso2/apk/common-controller/internal/operator/api/v1alpha1/zz_generated.deepcopy.go:134.2,136.12 3 0
github.com/wso2/apk/common-controller/internal/operator/api/v1alpha1/zz_generated.deepcopy.go:131.15,133.3 1 0
github.com/wso2/apk/common-controller/internal/operator/api/v1alpha1/zz_generated.deepcopy.go:140.58,141.34 1 0
github.com/wso2/apk/common-controller/internal/operator/api/v1alpha1/zz_generated.deepcopy.go:144.2,144.12 1 0
github.com/wso2/apk/common-controller/internal/operator/api/v1alpha1/zz_generated.deepcopy.go:141.34,143.3 1 0
github.com/wso2/apk/common-controller/internal/operator/api/v1alpha1/zz_generated.deepcopy.go:148.59,150.23 2 0
github.com/wso2/apk/common-controller/internal/operator/api/v1alpha1/zz_generated.deepcopy.go:155.2,155.24 1 0
github.com/wso2/apk/common-controller/internal/operator/api/v1alpha1/zz_generated.deepcopy.go:160.2,160.43 1 0
github.com/wso2/apk/common-controller/internal/operator/api/v1alpha1/zz_generated.deepcopy.go:150.23,154.3 3 0
github.com/wso2/apk/common-controller/internal/operator/api/v1alpha1/zz_generated.deepcopy.go:155.24,159.3 3 0
github.com/wso2/apk/common-controller/internal/operator/api/v1alpha1/zz_generated.deepcopy.go:164.52,165.15 1 0
github.com/wso2/apk/common-controller/internal/operator/api/v1alpha1/zz_generated.deepcopy.go:168.2,170.12 3 0
github.com/wso2/apk/common-controller/internal/operator/api/v1alpha1/zz_generated.deepcopy.go:165.15,167.3 1 0
github.com/wso2/apk/common-controller/internal/operator/api/v1alpha1/zz_generated.deepcopy.go:174.63,176.2 1 0
github.com/wso2/apk/common-controller/internal/operator/api/v1alpha1/zz_generated.deepcopy.go:179.56,180.15 1 0
github.com/wso2/apk/common-controller/internal/operator/api/v1alpha1/zz_generated.deepcopy.go:183.2,185.12 3 0
github.com/wso2/apk/common-controller/internal/operator/api/v1alpha1/zz_generated.deepcopy.go:180.15,182.3 1 0
github.com/wso2/apk/common-controller/internal/operator/api/v1alpha1/zz_generated.deepcopy.go:189.69,191.2 1 0
github.com/wso2/apk/common-controller/internal/operator/api/v1alpha1/zz_generated.deepcopy.go:194.62,195.15 1 0
github.com/wso2/apk/common-controller/internal/operator/api/v1alpha1/zz_generated.deepcopy.go:198.2,200.12 3 0
github.com/wso2/apk/common-controller/internal/operator/api/v1alpha1/zz_generated.deepcopy.go:195.15,197.3 1 0
github.com/wso2/apk/common-controller/internal/operator/api/v1alpha1/zz_generated.deepcopy.go:204.47,206.26 2 0
github.com/wso2/apk/common-controller/internal/operator/api/v1alpha1/zz_generated.deepcopy.go:213.2,213.23 1 0
github.com/wso2/apk/common-controller/internal/operator/api/v1alpha1/zz_generated.deepcopy.go:220.2,220.29 1 0
github.com/wso2/apk/common-controller/internal/operator/api/v1alpha1/zz_generated.deepcopy.go:206.26,209.22 3 0
github.com/wso2/apk/common-controller/internal/operator/api/v1alpha1/zz_generated.deepcopy.go:209.22,211.4 1 0
github.com/wso2/apk/common-controller/internal/operator/api/v1alpha1/zz_generated.deepcopy.go:213.23,216.22 3 0
github.com/wso2/apk/common-controller/internal/operator/api/v1alpha1/zz_generated.deepcopy.go:216.22,218.4 1 0
github.com/wso2/apk/common-controller/internal/operator/api/v1alpha1/zz_generated.deepcopy.go:220.29,224.3 3 0
github.com/wso2/apk/common-controller/internal/operator/api/v1alpha1/zz_generated.deepcopy.go:228.40,229.15 1 0
github.com/wso2/apk/common-controller/internal/operator/api/v1alpha1/zz_generated.deepcopy.go:232.2,234.12 3 0
github.com/wso2/apk/common-controller/internal/operator/api/v1alpha1/zz_generated.deepcopy.go:229.15,231.3 1 0
github.com/wso2/apk/common-controller/internal/operator/api/v1alpha1/zz_generated.deepcopy.go:238.51,241.2 2 0
github.com/wso2/apk/common-controller/internal/operator/api/v1alpha1/zz_generated.deepcopy.go:244.44,245.15 1 0
github.com/wso2/apk/common-controller/internal/operator/api/v1alpha1/zz_generated.deepcopy.go:248.2,250.12 3 0
github.com/wso2/apk/common-controller/internal/operator/api/v1alpha1/zz_generated.deepcopy.go:245.15,247.3 1 0
github.com/wso2/apk/common-controller/internal/operator/api/v1alpha1/zz_generated.deepcopy.go:254.47,260.2 5 0
github.com/wso2/apk/common-controller/internal/operator/api/v1alpha1/zz_generated.deepcopy.go:263.40,264.15 1 0
github.com/wso2/apk/common-controller/internal/operator/api/v1alpha1/zz_generated.deepcopy.go:267.2,269.12 3 0
github.com/wso2/apk/common-controller/internal/operator/api/v1alpha1/zz_generated.deepcopy.go:264.15,266.3 1 0
github.com/wso2/apk/common-controller/internal/operator/api/v1alpha1/zz_generated.deepcopy.go:273.52,274.34 1 0
github.com/wso2/apk/common-controller/internal/operator/api/v1alpha1/zz_generated.deepcopy.go:277.2,277.12 1 0
github.com/wso2/apk/common-controller/internal/operator/api/v1alpha1/zz_generated.deepcopy.go:274.34,276.3 1 0
github.com/wso2/apk/common-controller/internal/operator/api/v1alpha1/zz_generated.deepcopy.go:281.53,287.2 5 0
github.com/wso2/apk/common-controller/internal/operator/api/v1alpha1/zz_generated.deepcopy.go:290.46,291.15 1 0
github.com/wso2/apk/common-controller/internal/operator/api/v1alpha1/zz_generated.deepcopy.go:294.2,296.12 3 0
github.com/wso2/apk/common-controller/internal/operator/api/v1alpha1/zz_generated.deepcopy.go:291.15,293.3 1 0
github.com/wso2/apk/common-controller/internal/operator/api/v1alpha1/zz_generated.deepcopy.go:300.55,301.34 1 0
github.com/wso2/apk/common-controller/internal/operator/api/v1alpha1/zz_generated.deepcopy.go:304.2,304.12 1 0
github.com/wso2/apk/common-controller/internal/operator/api/v1alpha1/zz_generated.deepcopy.go:301.34,303.3 1 0
github.com/wso2/apk/common-controller/internal/operator/api/v1alpha1/zz_generated.deepcopy.go:308.61,312.21 4 0
github.com/wso2/apk/common-controller/internal/operator/api/v1alpha1/zz_generated.deepcopy.go:312.21,315.22 3 0
github.com/wso2/apk/common-controller/internal/operator/api/v1alpha1/zz_generated.deepcopy.go:315.22,317.4 1 0
github.com/wso2/apk/common-controller/internal/operator/api/v1alpha1/zz_generated.deepcopy.go:322.54,323.15 1 0
github.com/wso2/apk/common-controller/internal/operator/api/v1alpha1/zz_generated.deepcopy.go:326.2,328.12 3 0
github.com/wso2/apk/common-controller/internal/operator/api/v1alpha1/zz_generated.deepcopy.go:323.15,325.3 1 0
github.com/wso2/apk/common-controller/internal/operator/api/v1alpha1/zz_generated.deepcopy.go:332.59,333.34 1 0
github.com/wso2/apk/common-controller/internal/operator/api/v1alpha1/zz_generated.deepcopy.go:336.2,336.12 1 0
github.com/wso2/apk/common-controller/internal/operator/api/v1alpha1/zz_generated.deepcopy.go:333.34,335.3 1 0
github.com/wso2/apk/common-controller/internal/operator/api/v1alpha1/zz_generated.deepcopy.go:340.61,342.28 2 0
github.com/wso2/apk/common-controller/internal/operator/api/v1alpha1/zz_generated.deepcopy.go:342.28,346.3 3 0
github.com/wso2/apk/common-controller/internal/operator/api/v1alpha1/zz_generated.deepcopy.go:350.54,351.15 1 0
github.com/wso2/apk/common-controller/internal/operator/api/v1alpha1/zz_generated.deepcopy.go:354.2,356.12 3 0
github.com/wso2/apk/common-controller/internal/operator/api/v1alpha1/zz_generated.deepcopy.go:351.15,353.3 1 0
github.com/wso2/apk/common-controller/internal/operator/api/v1alpha1/zz_generated.deepcopy.go:360.65,362.2 1 0
github.com/wso2/apk/common-controller/internal/operator/api/v1alpha1/zz_generated.deepcopy.go:365.58,366.15 1 0
github.com/wso2/apk/common-controller/internal/operator/api/v1alpha1/zz_generated.deepcopy.go:369.2,371.12 3 0
github.com/wso2/apk/common-controller/internal/operator/api/v1alpha1/zz_generated.deepcopy.go:366.15,368.3 1 0
github.com/wso2/apk/common-controller/internal/operator/api/v1alpha1/zz_generated.deepcopy.go:375.63,377.2 1 0
github.com/wso2/apk/common-controller/internal/operator/api/v1alpha1/zz_generated.deepcopy.go:380.56,381.15 1 0
github.com/wso2/apk/common-controller/internal/operator/api/v1alpha1/zz_generated.deepcopy.go:384.2,386.12 3 0
github.com/wso2/apk/common-controller/internal/operator/api/v1alpha1/zz_generated.deepcopy.go:381.15,383.3 1 0
github.com/wso2/apk/common-controller/internal/operator/api/v1alpha1/zz_generated.deepcopy.go:390.55,394.21 4 0
github.com/wso2/apk/common-controller/internal/operator/api/v1alpha1/zz_generated.deepcopy.go:394.21,397.22 3 0
github.com/wso2/apk/common-controller/internal/operator/api/v1alpha1/zz_generated.deepcopy.go:397.22,399.4 1 0
github.com/wso2/apk/common-controller/internal/operator/api/v1alpha1/zz_generated.deepcopy.go:404.48,405.15 1 0
github.com/wso2/apk/common-controller/internal/operator/api/v1alpha1/zz_generated.deepcopy.go:408.2,410.12 3 0
github.com/wso2/apk/common-controller/internal/operator/api/v1alpha1/zz_generated.deepcopy.go:405.15,407.3 1 0
github.com/wso2/apk/common-controller/internal/operator/api/v1alpha1/zz_generated.deepcopy.go:414.56,415.34 1 0
github.com/wso2/apk/common-controller/internal/operator/api/v1alpha1/zz_generated.deepcopy.go:418.2,418.12 1 0
github.com/wso2/apk/common-controller/internal/operator/api/v1alpha1/zz_generated.deepcopy.go:415.34,417.3 1 0
github.com/wso2/apk/common-controller/internal/operator/api/v1alpha1/zz_generated.deepcopy.go:422.65,424.2 1 0
github.com/wso2/apk/common-controller/internal/operator/api/v1alpha1/zz_generated.deepcopy.go:427.58,428.15 1 0
github.com/wso2/apk/common-controller/internal/operator/api/v1alpha1/zz_generated.deepcopy.go:431.2,433.12 3 0
github.com/wso2/apk/common-controller/internal/operator/api/v1alpha1/zz_generated.deepcopy.go:428.15,430.3 1 0
github.com/wso2/apk/common-controller/internal/operator/api/v1alpha1/zz_generated.deepcopy.go:437.55,439.24 2 0
github.com/wso2/apk/common-controller/internal/operator/api/v1alpha1/zz_generated.deepcopy.go:444.2,444.19 1 0
github.com/wso2/apk/common-controller/internal/operator/api/v1alpha1/zz_generated.deepcopy.go:449.2,449.24 1 0
github.com/wso2/apk/common-controller/internal/operator/api/v1alpha1/zz_generated.deepcopy.go:454.2,454.30 1 0
github.com/wso2/apk/common-controller/internal/operator/api/v1alpha1/zz_generated.deepcopy.go:459.2,459.23 1 0
github.com/wso2/apk/common-controller/internal/operator/api/v1alpha1/zz_generated.deepcopy.go:464.2,464.21 1 0
github.com/wso2/apk/common-controller/internal/operator/api/v1alpha1/zz_generated.deepcopy.go:469.2,469.27 1 0
github.com/wso2/apk/common-controller/internal/operator/api/v1alpha1/zz_generated.deepcopy.go:439.24,443.3 3 0
github.com/wso2/apk/common-controller/internal/operator/api/v1alpha1/zz_generated.deepcopy.go:444.19,448.3 3 0
github.com/wso2/apk/common-controller/internal/operator/api/v1alpha1/zz_generated.deepcopy.go:449.24,453.3 3 0
github.com/wso2/apk/common-controller/internal/operator/api/v1alpha1/zz_generated.deepcopy.go:454.30,458.3 3 0
github.com/wso2/apk/common-controller/internal/operator/api/v1alpha1/zz_generated.deepcopy.go:459.23,463.3 3 0
github.com/wso2/apk/common-controller/internal/operator/api/v1alpha1/zz_generated.deepcopy.go:464.21,468.3 3 0
github.com/wso2/apk/common-controller/internal/operator/api/v1alpha1/zz_generated.deepcopy.go:469.27,473.3 3 0
github.com/wso2/apk/common-controller/internal/operator/api/v1alpha1/zz_generated.deepcopy.go:477.48,478.15 1 0
github.com/wso2/apk/common-controller/internal/operator/api/v1alpha1/zz_generated.deepcopy.go:481.2,483.12 3 0
github.com/wso2/apk/common-controller/internal/operator/api/v1alpha1/zz_generated.deepcopy.go:478.15,480.3 1 0
github.com/wso2/apk/common-controller/internal/operator/api/v1alpha1/zz_generated.deepcopy.go:487.59,489.2 1 0
github.com/wso2/apk/common-controller/internal/operator/api/v1alpha1/zz_generated.deepcopy.go:492.52,493.15 1 0
github.com/wso2/apk/common-controller/internal/operator/api/v1alpha1/zz_generated.deepcopy.go:496.2,498.12 3 0
github.com/wso2/apk/common-controller/internal/operator/api/v1alpha1/zz_generated.deepcopy.go:493.15,495.3 1 0
github.com/wso2/apk/common-controller/internal/operator/api/v1alpha1/zz_generated.deepcopy.go:502.71,505.2 2 0
github.com/wso2/apk/common-controller/internal/operator/api/v1alpha1/zz_generated.deepcopy.go:508.64,509.15 1 0
github.com/wso2/apk/common-controller/internal/operator/api/v1alpha1/zz_generated.deepcopy.go:512.2,514.12 3 0
github.com/wso2/apk/common-controller/internal/operator/api/v1alpha1/zz_generated.deepcopy.go:509.15,511.3 1 0
github.com/wso2/apk/common-controller/internal/operator/api/v1alpha1/zz_generated.deepcopy.go:518.53,520.41 2 0
github.com/wso2/apk/common-controller/internal/operator/api/v1alpha1/zz_generated.deepcopy.go:525.2,525.41 1 0
github.com/wso2/apk/common-controller/internal/operator/api/v1alpha1/zz_generated.deepcopy.go:530.2,530.41 1 0
github.com/wso2/apk/common-controller/internal/operator/api/v1alpha1/zz_generated.deepcopy.go:535.2,535.42 1 0
github.com/wso2/apk/common-controller/internal/operator/api/v1alpha1/zz_generated.deepcopy.go:540.2,540.35 1 0
github.com/wso2/apk/common-controller/internal/operator/api/v1alpha1/zz_generated.deepcopy.go:520.41,524.3 3 0
github.com/wso2/apk/common-controller/internal/operator/api/v1alpha1/zz_generated.deepcopy.go:525.41,529.3 3 0
github.com/wso2/apk/common-controller/internal/operator/api/v1alpha1/zz_generated.deepcopy.go:530.41,534.3 3 0
github.com/wso2/apk/common-controller/internal/operator/api/v1alpha1/zz_generated.deepcopy.go:535.42,539.3 3 0
github.com/wso2/apk/common-controller/internal/operator/api/v1alpha1/zz_generated.deepcopy.go:540.35,544.3 3 0
github.com/wso2/apk/common-controller/internal/operator/api/v1alpha1/zz_generated.deepcopy.go:548.46,549.15 1 0
github.com/wso2/apk/common-controller/internal/operator/api/v1alpha1/zz_generated.deepcopy.go:552.2,554.12 3 0
github.com/wso2/apk/common-controller/internal/operator/api/v1alpha1/zz_generated.deepcopy.go:549.15,551.3 1 0
github.com/wso2/apk/common-controller/internal/operator/api/v1alpha1/zz_generated.deepcopy.go:558.61,560.2 1 0
github.com/wso2/apk/common-controller/internal/operator/api/v1alpha1/zz_generated.deepcopy.go:563.54,564.15 1 0
github.com/wso2/apk/common-controller/internal/operator/api/v1alpha1/zz_generated.deepcopy.go:567.2,569.12 3 0
github.com/wso2/apk/common-controller/internal/operator/api/v1alpha1/zz_generated.deepcopy.go:564.15,566.3 1 0
github.com/wso2/apk/common-controller/internal/operator/api/v1alpha1/zz_generated.deepcopy.go:573.55,575.2 1 0
github.com/wso2/apk/common-controller/internal/operator/api/v1alpha1/zz_generated.deepcopy.go:578.48,579.15 1 0
github.com/wso2/apk/common-controller/internal/operator/api/v1alpha1/zz_generated.deepcopy.go:582.2,584.12 3 0
github.com/wso2/apk/common-controller/internal/operator/api/v1alpha1/zz_generated.deepcopy.go:579.15,581.3 1 0
github.com/wso2/apk/common-controller/internal/operator/api/v1alpha1/zz_generated.deepcopy.go:588.75,590.2 1 0
github.com/wso2/apk/common-controller/internal/operator/api/v1alpha1/zz_generated.deepcopy.go:593.68,594.15 1 0
github.com/wso2/apk/common-controller/internal/operator/api/v1alpha1/zz_generated.deepcopy.go:597.2,599.12 3 0
github.com/wso2/apk/common-controller/internal/operator/api/v1alpha1/zz_generated.deepcopy.go:594.15,596.3 1 0
github.com/wso2/apk/common-controller/internal/operator/api/v1alpha1/zz_generated.deepcopy.go:603.81,605.2 1 0
github.com/wso2/apk/common-controller/internal/operator/api/v1alpha1/zz_generated.deepcopy.go:608.74,609.15 1 0
github.com/wso2/apk/common-controller/internal/operator/api/v1alpha1/zz_generated.deepcopy.go:612.2,614.12 3 0
github.com/wso2/apk/common-controller/internal/operator/api/v1alpha1/zz_generated.deepcopy.go:609.15,611.3 1 0
github.com/wso2/apk/common-controller/internal/operator/api/v1alpha1/zz_generated.deepcopy.go:618.65,620.30 2 0
github.com/wso2/apk/common-controller/internal/operator/api/v1alpha1/zz_generated.deepcopy.go:624.2,624.22 1 0
github.com/wso2/apk/common-controller/internal/operator/api/v1alpha1/zz_generated.deepcopy.go:620.30,623.3 2 0
github.com/wso2/apk/common-controller/internal/operator/api/v1alpha1/zz_generated.deepcopy.go:624.22,628.3 3 0
github.com/wso2/apk/common-controller/internal/operator/api/v1alpha1/zz_generated.deepcopy.go:632.58,633.15 1 0
github.com/wso2/apk/common-controller/internal/operator/api/v1alpha1/zz_generated.deepcopy.go:636.2,638.12 3 0
github.com/wso2/apk/common-controller/internal/operator/api/v1alpha1/zz_generated.deepcopy.go:633.15,635.3 1 0
github.com/wso2/apk/common-controller/internal/operator/api/v1alpha1/zz_generated.deepcopy.go:642.51,644.29 2 0
github.com/wso2/apk/common-controller/internal/operator/api/v1alpha1/zz_generated.deepcopy.go:644.29,648.3 3 0
github.com/wso2/apk/common-controller/internal/operator/api/v1alpha1/zz_generated.deepcopy.go:652.44,653.15 1 0
github.com/wso2/apk/common-controller/internal/operator/api/v1alpha1/zz_generated.deepcopy.go:656.2,658.12 3 0
github.com/wso2/apk/common-controller/internal/operator/api/v1alpha1/zz_generated.deepcopy.go:653.15,655.3 1 0
github.com/wso2/apk/common-controller/internal/operator/api/v1alpha1/zz_generated.deepcopy.go:662.55,664.2 1 0
github.com/wso2/apk/common-controller/internal/operator/api/v1alpha1/zz_generated.deepcopy.go:667.48,668.15 1 0
github.com/wso2/apk/common-controller/internal/operator/api/v1alpha1/zz_generated.deepcopy.go:671.2,673.12 3 0
github.com/wso2/apk/common-controller/internal/operator/api/v1alpha1/zz_generated.deepcopy.go:668.15,670.3 1 0
github.com/wso2/apk/common-controller/internal/operator/api/v1alpha1/zz_generated.deepcopy.go:677.73,679.2 1 0
github.com/wso2/apk/common-controller/internal/operator/api/v1alpha1/zz_generated.deepcopy.go:682.66,683.15 1 0
github.com/wso2/apk/common-controller/internal/operator/api/v1alpha1/zz_generated.deepcopy.go:686.2,688.12 3 0
github.com/wso2/apk/common-controller/internal/operator/api/v1alpha1/zz_generated.deepcopy.go:683.15,685.3 1 0
github.com/wso2/apk/common-controller/internal/operator/api/v1alpha1/zz_generated.deepcopy.go:692.69,698.2 5 0
github.com/wso2/apk/common-controller/internal/operator/api/v1alpha1/zz_generated.deepcopy.go:701.62,702.15 1 0
github.com/wso2/apk/common-controller/internal/operator/api/v1alpha1/zz_generated.deepcopy.go:705.2,707.12 3 0
github.com/wso2/apk/common-controller/internal/operator/api/v1alpha1/zz_generated.deepcopy.go:702.15,704.3 1 0
github.com/wso2/apk/common-controller/internal/operator/api/v1alpha1/zz_generated.deepcopy.go:711.63,712.34 1 0
github.com/wso2/apk/common-controller/internal/operator/api/v1alpha1/zz_generated.deepcopy.go:715.2,715.12 1 0
github.com/wso2/apk/common-controller/internal/operator/api/v1alpha1/zz_generated.deepcopy.go:712.34,714.3 1 0
github.com/wso2/apk/common-controller/internal/operator/api/v1alpha1/zz_generated.deepcopy.go:719.77,723.21 4 0
github.com/wso2/apk/common-controller/internal/operator/api/v1alpha1/zz_generated.deepcopy.go:723.21,726.22 3 0
github.com/wso2/apk/common-controller/internal/operator/api/v1alpha1/zz_generated.deepcopy.go:726.22,728.4 1 0
github.com/wso2/apk/common-controller/internal/operator/api/v1alpha1/zz_generated.deepcopy.go:733.70,734.15 1 0
github.com/wso2/apk/common-controller/internal/operator/api/v1alpha1/zz_generated.deepcopy.go:737.2,739.12 3 0
github.com/wso2/apk/common-controller/internal/operator/api/v1alpha1/zz_generated.deepcopy.go:734.15,736.3 1 0
github.com/wso2/apk/common-controller/internal/operator/api/v1alpha1/zz_generated.deepcopy.go:743.67,744.34 1 0
github.com/wso2/apk/common-controller/internal/operator/api/v1alpha1/zz_generated.deepcopy.go:747.2,747.12 1 0
github.com/wso2/apk/common-controller/internal/operator/api/v1alpha1/zz_generated.deepcopy.go:744.34,746.3 1 0
github.com/wso2/apk/common-controller/internal/operator/api/v1alpha1/zz_generated.deepcopy.go:751.77,754.24 3 0
github.com/wso2/apk/common-controller/internal/operator/api/v1alpha1/zz_generated.deepcopy.go:754.24,758.3 3 0
github.com/wso2/apk/common-controller/internal/operator/api/v1alpha1/zz_generated.deepcopy.go:762.70,763.15 1 0
github.com/wso2/apk/common-controller/internal/operator/api/v1alpha1/zz_generated.deepcopy.go:766.2,768.12 3 0
github.com/wso2/apk/common-controller/internal/operator/api/v1alpha1/zz_generated.deepcopy.go:763.15,765.3 1 0
github.com/wso2/apk/common-controller/internal/operator/api/v1alpha1/zz_generated.deepcopy.go:772.81,774.2 1 0
github.com/wso2/apk/common-controller/internal/operator/api/v1alpha1/zz_generated.deepcopy.go:777.74,778.15 1 0
github.com/wso2/apk/common-controller/internal/operator/api/v1alpha1/zz_generated.deepcopy.go:781.2,783.12 3 0
github.com/wso2/apk/common-controller/internal/operator/api/v1alpha1/zz_generated.deepcopy.go:778.15,780.3 1 0
github.com/wso2/apk/common-controller/internal/operator/api/v1alpha1/zz_generated.deepcopy.go:787.53,789.35 2 0
github.com/wso2/apk/common-controller/internal/operator/api/v1alpha1/zz_generated.deepcopy.go:794.2,794.36 1 0
github.com/wso2/apk/common-controller/internal/operator/api/v1alpha1/zz_generated.deepcopy.go:799.2,799.32 1 0
github.com/wso2/apk/common-controller/internal/operator/api/v1alpha1/zz_generated.deepcopy.go:804.2,804.26 1 0
github.com/wso2/apk/common-controller/internal/operator/api/v1alpha1/zz_generated.deepcopy.go:789.35,793.3 3 0
github.com/wso2/apk/common-controller/internal/operator/api/v1alpha1/zz_generated.deepcopy.go:794.36,798.3 3 0
github.com/wso2/apk/common-controller/internal/operator/api/v1alpha1/zz_generated.deepcopy.go:799.32,803.3 3 0
github.com/wso2/apk/common-controller/internal/operator/api/v1alpha1/zz_generated.deepcopy.go:804.26,808.3 3 0
github.com/wso2/apk/common-controller/internal/operator/api/v1alpha1/zz_generated.deepcopy.go:812.46,813.15 1 0
github.com/wso2/apk/common-controller/internal/operator/api/v1alpha1/zz_generated.deepcopy.go:816.2,818.12 3 0
github.com/wso2/apk/common-controller/internal/operator/api/v1alpha1/zz_generated.deepcopy.go:813.15,815.3 1 0
github.com/wso2/apk/common-controller/internal/operator/api/v1alpha1/zz_generated.deepcopy.go:822.49,824.2 1 0
github.com/wso2/apk/common-controller/internal/operator/api/v1alpha1/zz_generated.deepcopy.go:827.42,828.15 1 0
github.com/wso2/apk/common-controller/internal/operator/api/v1alpha1/zz_generated.deepcopy.go:831.2,833.12 3 0
github.com/wso2/apk/common-controller/internal/operator/api/v1alpha1/zz_generated.deepcopy.go:828.15,830.3 1 0
github.com/wso2/apk/common-controller/internal/operator/api/v1alpha1/zz_generated.deepcopy.go:837.69,839.19 2 0
github.com/wso2/apk/common-controller/internal/operator/api/v1alpha1/zz_generated.deepcopy.go:844.2,844.22 1 0
github.com/wso2/apk/common-controller/internal/operator/api/v1alpha1/zz_generated.deepcopy.go:839.19,843.3 3 0
github.com/wso2/apk/common-controller/internal/operator/api/v1alpha1/zz_generated.deepcopy.go:844.22,848.3 3 0
github.com/wso2/apk/common-controller/internal/operator/api/v1alpha1/zz_generated.deepcopy.go:852.62,853.15 1 0
github.com/wso2/apk/common-controller/internal/operator/api/v1alpha1/zz_generated.deepcopy.go:856.2,858.12 3 0
github.com/wso2/apk/common-controller/internal/operator/api/v1alpha1/zz_generated.deepcopy.go:853.15,855.3 1 0
github.com/wso2/apk/common-controller/internal/operator/api/v1alpha1/zz_generated.deepcopy.go:862.63,868.2 5 0
github.com/wso2/apk/common-controller/internal/operator/api/v1alpha1/zz_generated.deepcopy.go:871.56,872.15 1 0
github.com/wso2/apk/common-controller/internal/operator/api/v1alpha1/zz_generated.deepcopy.go:875.2,877.12 3 0
github.com/wso2/apk/common-controller/internal/operator/api/v1alpha1/zz_generated.deepcopy.go:872.15,874.3 1 0
github.com/wso2/apk/common-controller/internal/operator/api/v1alpha1/zz_generated.deepcopy.go:881.60,882.34 1 0
github.com/wso2/apk/common-controller/internal/operator/api/v1alpha1/zz_generated.deepcopy.go:885.2,885.12 1 0
github.com/wso2/apk/common-controller/internal/operator/api/v1alpha1/zz_generated.deepcopy.go:882.34,884.3 1 0
github.com/wso2/apk/common-controller/internal/operator/api/v1alpha1/zz_generated.deepcopy.go:889.71,893.21 4 0
github.com/wso2/apk/common-controller/internal/operator/api/v1alpha1/zz_generated.deepcopy.go:893.21,896.22 3 0
github.com/wso2/apk/common-controller/internal/operator/api/v1alpha1/zz_generated.deepcopy.go:896.22,898.4 1 0
github.com/wso2/apk/common-controller/internal/operator/api/v1alpha1/zz_generated.deepcopy.go:903.64,904.15 1 0
github.com/wso2/apk/common-controller/internal/operator/api/v1alpha1/zz_generated.deepcopy.go:907.2,909.12 3 0
github.com/wso2/apk/common-controller/internal/operator/api/v1alpha1/zz_generated.deepcopy.go:904.15,906.3 1 0
github.com/wso2/apk/common-controller/internal/operator/api/v1alpha1/zz_generated.deepcopy.go:913.64,914.34 1 0
github.com/wso2/apk/common-controller/internal/operator/api/v1alpha1/zz_generated.deepcopy.go:917.2,917.12 1 0
github.com/wso2/apk/common-controller/internal/operator/api/v1alpha1/zz_generated.deepcopy.go:914.34,916.3 1 0
github.com/wso2/apk/common-controller/internal/operator/api/v1alpha1/zz_generated.deepcopy.go:921.71,923.23 2 0
github.com/wso2/apk/common-controller/internal/operator/api/v1alpha1/zz_generated.deepcopy.go:928.2,928.24 1 0
github.com/wso2/apk/common-controller/internal/operator/api/v1alpha1/zz_generated.deepcopy.go:933.2,933.43 1 0
github.com/wso2/apk/common-controller/internal/operator/api/v1alpha1/zz_generated.deepcopy.go:923.23,927.3 3 0
github.com/wso2/apk/common-controller/internal/operator/api/v1alpha1/zz_generated.deepcopy.go:928.24,932.3 3 0
github.com/wso2/apk/common-controller/internal/operator/api/v1alpha1/zz_generated.deepcopy.go:937.64,938.15 1 0
github.com/wso2/apk/common-controller/internal/operator/api/v1alpha1/zz_generated.deepcopy.go:941.2,943.12 3 0
github.com/wso2/apk/common-controller/internal/operator/api/v1alpha1/zz_generated.deepcopy.go:938.15,940.3 1 0
github.com/wso2/apk/common-controller/internal/operator/api/v1alpha1/zz_generated.deepcopy.go:947.75,949.2 1 0
github.com/wso2/apk/common-controller/internal/operator/api/v1alpha1/zz_generated.deepcopy.go:952.68,953.15 1 0
github.com/wso2/apk/common-controller/internal/operator/api/v1alpha1/zz_generated.deepcopy.go:956.2,958.12 3 0
github.com/wso2/apk/common-controller/internal/operator/api/v1alpha1/zz_generated.deepcopy.go:953.15,955.3 1 0
github.com/wso2/apk/common-controller/internal/operator/api/v1alpha1/zz_generated.deepcopy.go:962.51,964.2 1 0
github.com/wso2/apk/common-controller/internal/operator/api/v1alpha1/zz_generated.deepcopy.go:967.44,968.15 1 0
github.com/wso2/apk/common-controller/internal/operator/api/v1alpha1/zz_generated.deepcopy.go:971.2,973.12 3 0
github.com/wso2/apk/common-controller/internal/operator/api/v1alpha1/zz_generated.deepcopy.go:968.15,970.3 1 0
github.com/wso2/apk/common-controller/internal/operator/api/v1alpha1/zz_generated.deepcopy.go:977.65,979.2 1 0
github.com/wso2/apk/common-controller/internal/operator/api/v1alpha1/zz_generated.deepcopy.go:982.58,983.15 1 0
github.com/wso2/apk/common-controller/internal/operator/api/v1alpha1/zz_generated.deepcopy.go:986.2,988.12 3 0
github.com/wso2/apk/common-controller/internal/operator/api/v1alpha1/zz_generated.deepcopy.go:983.15,985.3 1 0
github.com/wso2/apk/common-controller/internal/operator/api/v1alpha1/zz_generated.deepcopy.go:992.83,995.25 3 0
github.com/wso2/apk/common-controller/internal/operator/api/v1alpha1/zz_generated.deepcopy.go:1000.2,1000.21 1 0
github.com/wso2/apk/common-controller/internal/operator/api/v1alpha1/zz_generated.deepcopy.go:995.25,999.3 3 0
github.com/wso2/apk/common-controller/internal/operator/api/v1alpha1/zz_generated.deepcopy.go:1000.21,1004.3 3 0
github.com/wso2/apk/common-controller/internal/operator/api/v1alpha1/zz_generated.deepcopy.go:1008.76,1009.15 1 0
github.com/wso2/apk/common-controller/internal/operator/api/v1alpha1/zz_generated.deepcopy.go:1012.2,1014.12 3 0
github.com/wso2/apk/common-controller/internal/operator/api/v1alpha1/zz_generated.deepcopy.go:1009.15,1011.3 1 0
github.com/wso2/apk/common-controller/internal/operator/api/v1alpha1/zz_generated.deepcopy.go:1018.63,1021.2 2 0
github.com/wso2/apk/common-controller/internal/operator/api/v1alpha1/zz_generated.deepcopy.go:1024.56,1025.15 1 0
github.com/wso2/apk/common-controller/internal/operator/api/v1alpha1/zz_generated.deepcopy.go:1028.2,1030.12 3 0
github.com/wso2/apk/common-controller/internal/operator/api/v1alpha1/zz_generated.deepcopy.go:1025.15,1027.3 1 0
github.com/wso2/apk/common-controller/internal/operator/api/v1alpha1/zz_generated.deepcopy.go:1034.55,1036.27 2 0
github.com/wso2/apk/common-controller/internal/operator/api/v1alpha1/zz_generated.deepcopy.go:1036.27,1040.3 3 0
github.com/wso2/apk/common-controller/internal/operator/api/v1alpha1/zz_generated.deepcopy.go:1044.48,1045.15 1 0
github.com/wso2/apk/common-controller/internal/operator/api/v1alpha1/zz_generated.deepcopy.go:1048.2,1050.12 3 0
github.com/wso2/apk/common-controller/internal/operator/api/v1alpha1/zz_generated.deepcopy.go:1045.15,1047.3 1 0
github.com/wso2/apk/common-controller/internal/operator/api/v1alpha1/zz_generated.deepcopy.go:1054.51,1056.2 1 0
github.com/wso2/apk/common-controller/internal/operator/api/v1alpha1/zz_generated.deepcopy.go:1059.44,1060.15 1 0
github.com/wso2/apk/common-controller/internal/operator/api/v1alpha1/zz_generated.deepcopy.go:1063.2,1065.12 3 0
github.com/wso2/apk/common-controller/internal/operator/api/v1alpha1/zz_generated.deepcopy.go:1060.15,1062.3 1 0
github.com/wso2/apk/common-controller/internal/operator/api/v1alpha1/zz_generated.deepcopy.go:1069.61,1071.21 2 0
github.com/wso2/apk/common-controller/internal/operator/api/v1alpha1/zz_generated.deepcopy.go:1071.21,1075.3 3 0
github.com/wso2/apk/common-controller/internal/operator/api/v1alpha1/zz_generated.deepcopy.go:1079.54,1080.15 1 0
github.com/wso2/apk/common-controller/internal/operator/api/v1alpha1/zz_generated.deepcopy.go:1083.2,1085.12 3 0
github.com/wso2/apk/common-controller/internal/operator/api/v1alpha1/zz_generated.deepcopy.go:1080.15,1082.3 1 0
github.com/wso2/apk/common-controller/internal/operator/api/v1alpha1/zz_generated.deepcopy.go:1089.47,1091.2 1 0
github.com/wso2/apk/common-controller/internal/operator/api/v1alpha1/zz_generated.deepcopy.go:1094.40,1095.15 1 0
github.com/wso2/apk/common-controller/internal/operator/api/v1alpha1/zz_generated.deepcopy.go:1098.2,1100.12 3 0
github.com/wso2/apk/common-controller/internal/operator/api/v1alpha1/zz_generated.deepcopy.go:1095.15,1097.3 1 0
github.com/wso2/apk/common-controller/internal/operator/api/v1alpha1/zz_generated.deepcopy.go:1104.51,1106.33 2 0
github.com/wso2/apk/common-controller/internal/operator/api/v1alpha1/zz_generated.deepcopy.go:1111.2,1111.25 1 0
github.com/wso2/apk/common-controller/internal/operator/api/v1alpha1/zz_generated.deepcopy.go:1116.2,1116.28 1 0
github.com/wso2/apk/common-controller/internal/operator/api/v1alpha1/zz_generated.deepcopy.go:1121.2,1121.27 1 0
github.com/wso2/apk/common-controller/internal/operator/api/v1alpha1/zz_generated.deepcopy.go:1106.33,1110.3 3 0
github.com/wso2/apk/common-controller/internal/operator/api/v1alpha1/zz_generated.deepcopy.go:1111.25,1115.3 3 0
github.com/wso2/apk/common-controller/internal/operator/api/v1alpha1/zz_generated.deepcopy.go:1116.28,1120.3 3 0
github.com/wso2/apk/common-controller/internal/operator/api/v1alpha1/zz_generated.deepcopy.go:1121.27,1125.3 3 0
github.com/wso2/apk/common-controller/internal/operator/api/v1alpha1/zz_generated.deepcopy.go:1129.44,1130.15 1 0
github.com/wso2/apk/common-controller/internal/operator/api/v1alpha1/zz_generated.deepcopy.go:1133.2,1135.12 3 0
github.com/wso2/apk/common-controller/internal/operator/api/v1alpha1/zz_generated.deepcopy.go:1130.15,1132.3 1 0
github.com/wso2/apk/common-controller/internal/operator/api/v1alpha1/zz_generated.deepcopy.go:1139.47,1141.2 1 0
github.com/wso2/apk/common-controller/internal/operator/api/v1alpha1/zz_generated.deepcopy.go:1144.40,1145.15 1 0
github.com/wso2/apk/common-controller/internal/operator/api/v1alpha1/zz_generated.deepcopy.go:1148.2,1150.12 3 0
github.com/wso2/apk/common-controller/internal/operator/api/v1alpha1/zz_generated.deepcopy.go:1145.15,1147.3 1 0
github.com/wso2/apk/common-controller/internal/operator/api/v1alpha1/apipolicy_types.go:138.13,140.2 1 1
github.com/wso2/apk/common-controller/internal/operator/api/v1alpha1/backend_types.go:281.13,283.2 1 1
github.com/wso2/apk/common-controller/internal/operator/api/v1alpha1/interceptorservice_webhook.go:28.78,32.2 1 0
github.com/wso2/apk/common-controller/internal/operator/api/v1alpha1/interceptorservice_webhook.go:41.41,41.42 0 0
github.com/wso2/apk/common-controller/internal/operator/api/v1alpha1/interceptorservice_webhook.go:49.75,52.2 1 0
github.com/wso2/apk/common-controller/internal/operator/api/v1alpha1/interceptorservice_webhook.go:55.93,58.2 1 0
github.com/wso2/apk/common-controller/internal/operator/api/v1alpha1/interceptorservice_webhook.go:61.75,64.2 1 0
github.com/wso2/apk/common-controller/internal/operator/api/v1alpha1/backend_webhook.go:35.67,39.2 1 0
github.com/wso2/apk/common-controller/internal/operator/api/v1alpha1/backend_webhook.go:48.29,52.2 1 0
github.com/wso2/apk/common-controller/internal/operator/api/v1alpha1/backend_webhook.go:60.64,62.2 1 0
github.com/wso2/apk/common-controller/internal/operator/api/v1alpha1/backend_webhook.go:65.82,67.2 1 0
github.com/wso2/apk/common-controller/internal/operator/api/v1alpha1/backend_webhook.go:70.64,75.2 2 0
github.com/wso2/apk/common-controller/internal/operator/api/v1alpha1/backend_webhook.go:77.47,80.24 3 0
github.com/wso2/apk/common-controller/internal/operator/api/v1alpha1/backend_webhook.go:89.2,89.22 1 0
github.com/wso2/apk/common-controller/internal/operator/api/v1alpha1/backend_webhook.go:94.2,94.12 1 0
github.com/wso2/apk/common-controller/internal/operator/api/v1alpha1/backend_webhook.go:80.24,81.54 1 0
github.com/wso2/apk/common-controller/internal/operator/api/v1alpha1/backend_webhook.go:81.54,82.44 1 0
github.com/wso2/apk/common-controller/internal/operator/api/v1alpha1/backend_webhook.go:82.44,85.5 1 0
github.com/wso2/apk/common-controller/internal/operator/api/v1alpha1/backend_webhook.go:89.22,93.3 1 0
github.com/wso2/apk/common-controller/internal/operator/api/v1alpha1/custom_ratelimit_policy.go:32.94,40.2 1 0
github.com/wso2/apk/common-controller/internal/operator/api/v1alpha1/interceptorservice_types.go:91.13,93.2 1 1
github.com/wso2/apk/common-controller/internal/operator/api/v1alpha1/ratelimitpolicy_types.go:114.13,116.2 1 1
github.com/wso2/apk/common-controller/internal/operator/controller/ratelimitpolicy_controller.go:65.98,72.45 3 0
github.com/wso2/apk/common-controller/internal/operator/controller/ratelimitpolicy_controller.go:77.2,78.16 2 0
github.com/wso2/apk/common-controller/internal/operator/controller/ratelimitpolicy_controller.go:83.2,84.91 1 0
github.com/wso2/apk/common-controller/internal/operator/controller/ratelimitpolicy_controller.go:89.2,90.97 1 0
github.com/wso2/apk/common-controller/internal/operator/controller/ratelimitpolicy_controller.go:95.2,95.128 1 0
github.com/wso2/apk/common-controller/internal/operator/controller/ratelimitpolicy_controller.go:100.2,101.12 2 0
github.com/wso2/apk/common-controller/internal/operator/controller/ratelimitpolicy_controller.go:72.45,75.3 2 0
github.com/wso2/apk/common-controller/internal/operator/controller/ratelimitpolicy_controller.go:78.16,81.3 2 0
github.com/wso2/apk/common-controller/internal/operator/controller/ratelimitpolicy_controller.go:84.91,87.3 2 0
github.com/wso2/apk/common-controller/internal/operator/controller/ratelimitpolicy_controller.go:90.97,93.3 2 0
github.com/wso2/apk/common-controller/internal/operator/controller/ratelimitpolicy_controller.go:95.128,98.3 2 0
github.com/wso2/apk/common-controller/internal/operator/controller/ratelimitpolicy_controller.go:117.125,126.92 6 0
github.com/wso2/apk/common-controller/internal/operator/controller/ratelimitpolicy_controller.go:148.2,154.53 6 0
github.com/wso2/apk/common-controller/internal/operator/controller/ratelimitpolicy_controller.go:157.2,163.27 6 0
github.com/wso2/apk/common-controller/internal/operator/controller/ratelimitpolicy_controller.go:126.92,129.39 2 0
github.com/wso2/apk/common-controller/internal/operator/controller/ratelimitpolicy_controller.go:139.3,140.45 2 0
github.com/wso2/apk/common-controller/internal/operator/controller/ratelimitpolicy_controller.go:146.3,146.28 1 0
github.com/wso2/apk/common-controller/internal/operator/controller/ratelimitpolicy_controller.go:129.39,134.50 5 0
github.com/wso2/apk/common-controller/internal/operator/controller/ratelimitpolicy_controller.go:137.4,137.69 1 0
github.com/wso2/apk/common-controller/internal/operator/controller/ratelimitpolicy_controller.go:134.50,136.5 1 0
github.com/wso2/apk/common-controller/internal/operator/controller/ratelimitpolicy_controller.go:140.45,145.4 4 0
github.com/wso2/apk/common-controller/internal/operator/controller/ratelimitpolicy_controller.go:154.53,156.3 1 0
github.com/wso2/apk/common-controller/internal/operator/controller/ratelimitpolicy_controller.go:166.136,168.9 2 0
github.com/wso2/apk/common-controller/internal/operator/controller/ratelimitpolicy_controller.go:173.2,178.17 3 0
github.com/wso2/apk/common-controller/internal/operator/controller/ratelimitpolicy_controller.go:182.2,182.46 1 0
github.com/wso2/apk/common-controller/internal/operator/controller/ratelimitpolicy_controller.go:187.2,187.17 1 0
github.com/wso2/apk/common-controller/internal/operator/controller/ratelimitpolicy_controller.go:168.9,171.3 2 0
github.com/wso2/apk/common-controller/internal/operator/controller/ratelimitpolicy_controller.go:178.17,180.3 1 0
github.com/wso2/apk/common-controller/internal/operator/controller/ratelimitpolicy_controller.go:182.46,185.3 2 0
github.com/wso2/apk/common-controller/internal/operator/controller/ratelimitpolicy_controller.go:191.116,193.9 2 0
github.com/wso2/apk/common-controller/internal/operator/controller/ratelimitpolicy_controller.go:198.2,203.4 1 0
github.com/wso2/apk/common-controller/internal/operator/controller/ratelimitpolicy_controller.go:193.9,196.3 2 0
github.com/wso2/apk/common-controller/internal/operator/controller/ratelimitpolicy_controller.go:206.142,208.9 2 0
github.com/wso2/apk/common-controller/internal/operator/controller/ratelimitpolicy_controller.go:213.2,218.17 3 0
github.com/wso2/apk/common-controller/internal/operator/controller/ratelimitpolicy_controller.go:221.2,221.46 1 0
github.com/wso2/apk/common-controller/internal/operator/controller/ratelimitpolicy_controller.go:226.2,226.17 1 0
github.com/wso2/apk/common-controller/internal/operator/controller/ratelimitpolicy_controller.go:208.9,211.3 2 0
github.com/wso2/apk/common-controller/internal/operator/controller/ratelimitpolicy_controller.go:218.17,220.3 1 0
github.com/wso2/apk/common-controller/internal/operator/controller/ratelimitpolicy_controller.go:221.46,224.3 2 0
github.com/wso2/apk/common-controller/internal/operator/controller/ratelimitpolicy_controller.go:230.95,236.62 5 0
github.com/wso2/apk/common-controller/internal/operator/controller/ratelimitpolicy_controller.go:290.2,290.67 1 0
github.com/wso2/apk/common-controller/internal/operator/controller/ratelimitpolicy_controller.go:386.2,386.32 1 0
github.com/wso2/apk/common-controller/internal/operator/controller/ratelimitpolicy_controller.go:236.62,240.22 1 0
github.com/wso2/apk/common-controller/internal/operator/controller/ratelimitpolicy_controller.go:243.3,246.35 4 0
github.com/wso2/apk/common-controller/internal/operator/controller/ratelimitpolicy_controller.go:261.3,261.32 1 0
github.com/wso2/apk/common-controller/internal/operator/controller/ratelimitpolicy_controller.go:276.3,276.43 1 0
github.com/wso2/apk/common-controller/internal/operator/controller/ratelimitpolicy_controller.go:283.3,286.53 4 0
github.com/wso2/apk/common-controller/internal/operator/controller/ratelimitpolicy_controller.go:240.22,242.4 1 0
github.com/wso2/apk/common-controller/internal/operator/controller/ratelimitpolicy_controller.go:246.35,247.61 1 0
github.com/wso2/apk/common-controller/internal/operator/controller/ratelimitpolicy_controller.go:247.61,248.18 1 0
github.com/wso2/apk/common-controller/internal/operator/controller/ratelimitpolicy_controller.go:248.18,252.31 1 0
github.com/wso2/apk/common-controller/internal/operator/controller/ratelimitpolicy_controller.go:255.6,255.56 1 0
github.com/wso2/apk/common-controller/internal/operator/controller/ratelimitpolicy_controller.go:252.31,254.7 1 0
github.com/wso2/apk/common-controller/internal/operator/controller/ratelimitpolicy_controller.go:255.56,257.7 1 0
github.com/wso2/apk/common-controller/internal/operator/controller/ratelimitpolicy_controller.go:261.32,262.58 1 0
github.com/wso2/apk/common-controller/internal/operator/controller/ratelimitpolicy_controller.go:262.58,263.18 1 0
github.com/wso2/apk/common-controller/internal/operator/controller/ratelimitpolicy_controller.go:263.18,267.31 1 0
github.com/wso2/apk/common-controller/internal/operator/controller/ratelimitpolicy_controller.go:270.6,270.56 1 0
github.com/wso2/apk/common-controller/internal/operator/controller/ratelimitpolicy_controller.go:267.31,269.7 1 0
github.com/wso2/apk/common-controller/internal/operator/controller/ratelimitpolicy_controller.go:270.56,272.7 1 0
github.com/wso2/apk/common-controller/internal/operator/controller/ratelimitpolicy_controller.go:276.43,279.4 2 0
github.com/wso2/apk/common-controller/internal/operator/controller/ratelimitpolicy_controller.go:279.9,282.4 2 0
github.com/wso2/apk/common-controller/internal/operator/controller/ratelimitpolicy_controller.go:290.67,294.22 1 0
github.com/wso2/apk/common-controller/internal/operator/controller/ratelimitpolicy_controller.go:297.3,300.35 4 0
github.com/wso2/apk/common-controller/internal/operator/controller/ratelimitpolicy_controller.go:340.3,340.32 1 0
github.com/wso2/apk/common-controller/internal/operator/controller/ratelimitpolicy_controller.go:380.3,384.51 5 0
github.com/wso2/apk/common-controller/internal/operator/controller/ratelimitpolicy_controller.go:294.22,296.4 1 0
github.com/wso2/apk/common-controller/internal/operator/controller/ratelimitpolicy_controller.go:300.35,301.61 1 0
github.com/wso2/apk/common-controller/internal/operator/controller/ratelimitpolicy_controller.go:301.61,302.18 1 0
github.com/wso2/apk/common-controller/internal/operator/controller/ratelimitpolicy_controller.go:302.18,306.31 1 0
github.com/wso2/apk/common-controller/internal/operator/controller/ratelimitpolicy_controller.go:309.6,309.48 1 0
github.com/wso2/apk/common-controller/internal/operator/controller/ratelimitpolicy_controller.go:306.31,308.7 1 0
github.com/wso2/apk/common-controller/internal/operator/controller/ratelimitpolicy_controller.go:309.48,310.43 1 0
github.com/wso2/apk/common-controller/internal/operator/controller/ratelimitpolicy_controller.go:310.43,311.38 1 0
github.com/wso2/apk/common-controller/internal/operator/controller/ratelimitpolicy_controller.go:311.38,312.130 1 0
github.com/wso2/apk/common-controller/internal/operator/controller/ratelimitpolicy_controller.go:330.9,330.59 1 0
github.com/wso2/apk/common-controller/internal/operator/controller/ratelimitpolicy_controller.go:312.130,315.43 3 0
github.com/wso2/apk/common-controller/internal/operator/controller/ratelimitpolicy_controller.go:320.10,321.50 2 0
github.com/wso2/apk/common-controller/internal/operator/controller/ratelimitpolicy_controller.go:328.10,328.76 1 0
github.com/wso2/apk/common-controller/internal/operator/controller/ratelimitpolicy_controller.go:315.43,317.11 1 0
github.com/wso2/apk/common-controller/internal/operator/controller/ratelimitpolicy_controller.go:317.16,319.11 1 0
github.com/wso2/apk/common-controller/internal/operator/controller/ratelimitpolicy_controller.go:321.50,324.11 2 0
github.com/wso2/apk/common-controller/internal/operator/controller/ratelimitpolicy_controller.go:324.16,327.11 2 0
github.com/wso2/apk/common-controller/internal/operator/controller/ratelimitpolicy_controller.go:330.59,332.10 1 0
github.com/wso2/apk/common-controller/internal/operator/controller/ratelimitpolicy_controller.go:340.32,341.58 1 0
github.com/wso2/apk/common-controller/internal/operator/controller/ratelimitpolicy_controller.go:341.58,342.18 1 0
github.com/wso2/apk/common-controller/internal/operator/controller/ratelimitpolicy_controller.go:342.18,346.31 1 0
github.com/wso2/apk/common-controller/internal/operator/controller/ratelimitpolicy_controller.go:349.6,349.48 1 0
github.com/wso2/apk/common-controller/internal/operator/controller/ratelimitpolicy_controller.go:346.31,348.7 1 0
github.com/wso2/apk/common-controller/internal/operator/controller/ratelimitpolicy_controller.go:349.48,350.43 1 0
github.com/wso2/apk/common-controller/internal/operator/controller/ratelimitpolicy_controller.go:350.43,351.38 1 0
github.com/wso2/apk/common-controller/internal/operator/controller/ratelimitpolicy_controller.go:351.38,352.130 1 0
github.com/wso2/apk/common-controller/internal/operator/controller/ratelimitpolicy_controller.go:370.9,370.59 1 0
github.com/wso2/apk/common-controller/internal/operator/controller/ratelimitpolicy_controller.go:352.130,355.43 3 0
github.com/wso2/apk/common-controller/internal/operator/controller/ratelimitpolicy_controller.go:360.10,361.50 2 0
github.com/wso2/apk/common-controller/internal/operator/controller/ratelimitpolicy_controller.go:368.10,368.76 1 0
github.com/wso2/apk/common-controller/internal/operator/controller/ratelimitpolicy_controller.go:355.43,357.11 1 0
github.com/wso2/apk/common-controller/internal/operator/controller/ratelimitpolicy_controller.go:357.16,359.11 1 0
github.com/wso2/apk/common-controller/internal/operator/controller/ratelimitpolicy_controller.go:361.50,364.11 2 0
github.com/wso2/apk/common-controller/internal/operator/controller/ratelimitpolicy_controller.go:364.16,367.11 2 0
github.com/wso2/apk/common-controller/internal/operator/controller/ratelimitpolicy_controller.go:370.59,372.10 1 0
github.com/wso2/apk/common-controller/internal/operator/controller/ratelimitpolicy_controller.go:390.82,393.66 2 0
github.com/wso2/apk/common-controller/internal/operator/controller/ratelimitpolicy_controller.go:397.2,397.30 1 0
github.com/wso2/apk/common-controller/internal/operator/controller/ratelimitpolicy_controller.go:393.66,396.3 2 0
github.com/wso2/apk/common-controller/internal/operator/controller/ratelimitpolicy_controller.go:401.118,405.2 3 0
github.com/wso2/apk/common-controller/internal/operator/controller/ratelimitpolicy_controller.go:407.65,409.41 1 0
github.com/wso2/apk/common-controller/internal/operator/controller/ratelimitpolicy_controller.go:431.2,432.41 1 0
github.com/wso2/apk/common-controller/internal/operator/controller/ratelimitpolicy_controller.go:442.2,442.12 1 0
github.com/wso2/apk/common-controller/internal/operator/controller/ratelimitpolicy_controller.go:409.41,412.46 3 0
github.com/wso2/apk/common-controller/internal/operator/controller/ratelimitpolicy_controller.go:425.4,425.26 1 0
github.com/wso2/apk/common-controller/internal/operator/controller/ratelimitpolicy_controller.go:412.46,413.41 1 0
github.com/wso2/apk/common-controller/internal/operator/controller/ratelimitpolicy_controller.go:413.41,414.36 1 0
github.com/wso2/apk/common-controller/internal/operator/controller/ratelimitpolicy_controller.go:414.36,415.68 1 0
github.com/wso2/apk/common-controller/internal/operator/controller/ratelimitpolicy_controller.go:415.68,421.8 1 0
github.com/wso2/apk/common-controller/internal/operator/controller/ratelimitpolicy_controller.go:426.18,428.3 1 0
github.com/wso2/apk/common-controller/internal/operator/controller/ratelimitpolicy_controller.go:432.41,441.4 4 0
github.com/wso2/apk/common-controller/internal/operator/controller/ratelimitpolicy_controller.go:446.61,451.2 1 0
github.com/wso2/apk/common-controller/internal/operator/controller/ratelimitpolicy_controller.go:454.83,455.42 1 0
github.com/wso2/apk/common-controller/internal/operator/controller/ratelimitpolicy_controller.go:458.2,458.25 1 0
github.com/wso2/apk/common-controller/internal/operator/controller/ratelimitpolicy_controller.go:455.42,457.3 1 0
github.com/wso2/apk/common-controller/internal/operator/controller/ratelimitpolicy_controller.go:464.78,465.41 1 0
github.com/wso2/apk/common-controller/internal/operator/controller/ratelimitpolicy_controller.go:465.41,466.24 1 0
github.com/wso2/apk/common-controller/internal/operator/controller/ratelimitpolicy_controller.go:469.3,469.70 1 0
github.com/wso2/apk/common-controller/internal/operator/controller/ratelimitpolicy_controller.go:466.24,468.4 1 0
github.com/wso2/apk/common-controller/internal/operator/controller/ratelimitpolicy_controller.go:474.39,477.2 1 0
github.com/wso2/apk/common-controller/internal/operator/controller/ratelimitpolicy_controller.go:480.96,484.2 1 0
